[2026-03-16 13:16:18] === SCRIPT START ===
[2026-03-16 13:16:18] Request URI: /responsive-message-app/modules/admin/dashboard.php
[2026-03-16 13:16:18] Request Method: GET
[2026-03-16 13:16:18] GET Parameters: Array
(
)

[2026-03-16 13:16:18] Core files loaded
[2026-03-16 13:16:18] Auth check passed
[2026-03-16 13:16:18] User session data - DATA: Array
(
    [user_type] => Admin
    [privilege_level] => Full_Access
    [session_id] => irtnu26qhhlne5tgqdfqpimftc
    [session_data] => Array
        (
            [last_regeneration] => 1773641754
            [csrf_token] => ad36e1a379245b2c7ad3904007e5a3cd96fa3149c63d7ad15a819676f5194c83
            [login_attempts] => 0
            [user_id] => 1
            [username] => admin
            [user_type] => Admin
            [nama_lengkap] => Administrator Sistem
            [email] => admin@smkn12jakarta.sch.id
            [nis_nip] => ADM001
            [kelas] => 
            [jurusan] => 
            [mata_pelajaran] => 
            [privilege_level] => Full_Access
            [phone_number] => 081234567890
            [avatar] => default-avatar.png
            [login_time] => 1773641778
        )

)

[2026-03-16 13:16:18] Library check - DATA: Array
(
    [pdf_library_available] => YES
    [pdf_path] => C:\xampp\htdocs\responsive-message-app\vendor\fpdf\fpdf.php
    [excel_library_available] => YES
    [excel_path] => C:\xampp\htdocs\responsive-message-app\vendor\phpoffice\phpspreadsheet\src\PhpSpreadsheet\Spreadsheet.php
    [vendor_autoload_exists] => YES
)

[2026-03-16 13:16:18] Attempting database connection
[2026-03-16 13:16:18] Database connected successfully
[2026-03-16 13:16:18] Total users: 60
[2026-03-16 13:16:18] Total messages: 10
[2026-03-16 13:16:18] Pending messages: 1
[2026-03-16 13:16:18] Expired messages: 0
[2026-03-16 13:16:18] Recent messages count: 10
[2026-03-16 13:16:18] Message stats count: 13
[2026-03-16 13:16:18] User growth data count: 2
[2026-03-16 13:16:18] Message status data count: 4
[2026-03-16 13:16:18] Daily messages data count: 0
[2026-03-16 13:16:18] Users by type data count: 13
[2026-03-16 13:16:18] Top users count: 5
[2026-03-16 13:16:18] Response stats - DATA: Array
(
    [total_messages] => 5
    [responded] => 4
    [response_rate] => 80.00
)

[2026-03-16 13:16:18] === CHECKING EXPORT PARAMETERS ===
[2026-03-16 13:16:18] GET export parameter: NOT SET
[2026-03-16 13:16:18] No export parameter detected, rendering normal dashboard
[2026-03-16 13:16:18] === SCRIPT END ===
[2026-03-16 14:35:37] === SCRIPT START ===
[2026-03-16 14:35:37] Request URI: /responsive-message-app/modules/admin/dashboard.php
[2026-03-16 14:35:37] Request Method: GET
[2026-03-16 14:35:37] GET Parameters: Array
(
)

[2026-03-16 14:35:37] Core files loaded
[2026-03-16 14:35:37] Auth check passed
[2026-03-16 14:35:37] User session data - DATA: Array
(
    [user_type] => Admin
    [privilege_level] => Full_Access
    [session_id] => ertj84c0jqk9f101ngr6rkuoll
    [session_data] => Array
        (
            [last_regeneration] => 1773646537
            [csrf_token] => ad36e1a379245b2c7ad3904007e5a3cd96fa3149c63d7ad15a819676f5194c83
            [login_attempts] => 0
            [user_id] => 1
            [username] => admin
            [user_type] => Admin
            [nama_lengkap] => Administrator Sistem
            [email] => admin@smkn12jakarta.sch.id
            [nis_nip] => ADM001
            [kelas] => 
            [jurusan] => 
            [mata_pelajaran] => 
            [privilege_level] => Full_Access
            [phone_number] => 081234567890
            [avatar] => default-avatar.png
            [login_time] => 1773646537
        )

)

[2026-03-16 14:35:37] Library check - DATA: Array
(
    [pdf_library_available] => YES
    [pdf_path] => C:\xampp\htdocs\responsive-message-app\vendor\fpdf\fpdf.php
    [excel_library_available] => YES
    [excel_path] => C:\xampp\htdocs\responsive-message-app\vendor\phpoffice\phpspreadsheet\src\PhpSpreadsheet\Spreadsheet.php
    [vendor_autoload_exists] => YES
)

[2026-03-16 14:35:37] Attempting database connection
[2026-03-16 14:35:37] Database connected successfully
[2026-03-16 14:35:37] Total users: 60
[2026-03-16 14:35:37] Total messages: 10
[2026-03-16 14:35:37] Pending messages: 1
[2026-03-16 14:35:37] Expired messages: 0
[2026-03-16 14:35:37] Recent messages count: 10
[2026-03-16 14:35:37] Message stats count: 13
[2026-03-16 14:35:37] User growth data count: 2
[2026-03-16 14:35:37] Message status data count: 4
[2026-03-16 14:35:37] Daily messages data count: 0
[2026-03-16 14:35:37] Users by type data count: 13
[2026-03-16 14:35:37] Top users count: 5
[2026-03-16 14:35:37] Response stats - DATA: Array
(
    [total_messages] => 5
    [responded] => 4
    [response_rate] => 80.00
)

[2026-03-16 14:35:37] === CHECKING EXPORT PARAMETERS ===
[2026-03-16 14:35:37] GET export parameter: NOT SET
[2026-03-16 14:35:37] No export parameter detected, rendering normal dashboard
[2026-03-16 14:35:38] === SCRIPT END ===
[2026-03-16 14:36:58] === SCRIPT START ===
[2026-03-16 14:36:58] Request URI: /responsive-message-app/modules/admin/dashboard.php
[2026-03-16 14:36:58] Request Method: GET
[2026-03-16 14:36:58] GET Parameters: Array
(
)

[2026-03-16 14:36:58] Core files loaded
[2026-03-16 14:36:58] Auth check passed
[2026-03-16 14:36:58] User session data - DATA: Array
(
    [user_type] => Admin
    [privilege_level] => Full_Access
    [session_id] => ertj84c0jqk9f101ngr6rkuoll
    [session_data] => Array
        (
            [last_regeneration] => 1773646537
            [csrf_token] => ad36e1a379245b2c7ad3904007e5a3cd96fa3149c63d7ad15a819676f5194c83
            [login_attempts] => 0
            [user_id] => 1
            [username] => admin
            [user_type] => Admin
            [nama_lengkap] => Administrator Sistem
            [email] => admin@smkn12jakarta.sch.id
            [nis_nip] => ADM001
            [kelas] => 
            [jurusan] => 
            [mata_pelajaran] => 
            [privilege_level] => Full_Access
            [phone_number] => 081234567890
            [avatar] => default-avatar.png
            [login_time] => 1773646618
        )

)

[2026-03-16 14:36:58] Library check - DATA: Array
(
    [pdf_library_available] => YES
    [pdf_path] => C:\xampp\htdocs\responsive-message-app\vendor\fpdf\fpdf.php
    [excel_library_available] => YES
    [excel_path] => C:\xampp\htdocs\responsive-message-app\vendor\phpoffice\phpspreadsheet\src\PhpSpreadsheet\Spreadsheet.php
    [vendor_autoload_exists] => YES
)

[2026-03-16 14:36:58] Attempting database connection
[2026-03-16 14:36:58] Database connected successfully
[2026-03-16 14:36:58] Total users: 60
[2026-03-16 14:36:58] Total messages: 10
[2026-03-16 14:36:59] Pending messages: 1
[2026-03-16 14:36:59] Expired messages: 0
[2026-03-16 14:36:59] Recent messages count: 10
[2026-03-16 14:36:59] Message stats count: 13
[2026-03-16 14:36:59] User growth data count: 2
[2026-03-16 14:36:59] Message status data count: 4
[2026-03-16 14:36:59] Daily messages data count: 0
[2026-03-16 14:36:59] Users by type data count: 13
[2026-03-16 14:36:59] Top users count: 5
[2026-03-16 14:36:59] Response stats - DATA: Array
(
    [total_messages] => 5
    [responded] => 4
    [response_rate] => 80.00
)

[2026-03-16 14:36:59] === CHECKING EXPORT PARAMETERS ===
[2026-03-16 14:36:59] GET export parameter: NOT SET
[2026-03-16 14:36:59] No export parameter detected, rendering normal dashboard
[2026-03-16 14:36:59] === SCRIPT END ===
