[2026-03-28 07:23:41] === SCRIPT START ===
[2026-03-28 07:23:41] Request URI: /responsive-message-app/modules/admin/dashboard.php
[2026-03-28 07:23:41] Request Method: GET
[2026-03-28 07:23:41] GET Parameters: Array
(
)

[2026-03-28 07:23:44] Core files loaded
[2026-03-28 07:23:50] === SCRIPT START ===
[2026-03-28 07:23:50] Request URI: /responsive-message-app/modules/admin/dashboard.php
[2026-03-28 07:23:50] Request Method: GET
[2026-03-28 07:23:50] GET Parameters: Array
(
)

[2026-03-28 07:23:50] Core files loaded
[2026-03-28 07:23:50] Auth check passed
[2026-03-28 07:23:50] User session data - DATA: Array
(
    [user_type] => Admin
    [privilege_level] => Full_Access
    [session_id] => todl8jg0lnfj8hjsm1iulv5a6e
    [session_data] => Array
        (
            [last_regeneration] => 1774657421
            [csrf_token] => 0a0737e9b251833ab9624771e90c1618026b050674832d4c8f1f3c50d91ab5e7
            [login_attempts] => 0
            [user_id] => 1
            [username] => admin
            [user_type] => Admin
            [nama_lengkap] => Administrator Sistem
            [email] => admin@smkn12jakarta.sch.id
            [nis_nip] => ADM001
            [kelas] => 
            [jurusan] => 
            [mata_pelajaran] => 
            [privilege_level] => Full_Access
            [phone_number] => 081234567890
            [avatar] => default-avatar.png
            [login_time] => 1774657430
        )

)

[2026-03-28 07:23:50] Library check - DATA: Array
(
    [pdf_library_available] => YES
    [pdf_path] => C:\xampp\htdocs\responsive-message-app\vendor\fpdf\fpdf.php
    [excel_library_available] => YES
    [excel_path] => C:\xampp\htdocs\responsive-message-app\vendor\phpoffice\phpspreadsheet\src\PhpSpreadsheet\Spreadsheet.php
    [vendor_autoload_exists] => YES
)

[2026-03-28 07:23:50] Attempting database connection
[2026-03-28 07:23:50] Database connected successfully
[2026-03-28 07:23:51] Total users: 60
[2026-03-28 07:23:51] Total messages: 10
[2026-03-28 07:23:51] Pending messages: 1
[2026-03-28 07:23:51] Expired messages: 0
[2026-03-28 07:23:51] Recent messages count: 10
[2026-03-28 07:23:51] Message stats count: 13
[2026-03-28 07:23:51] User growth data count: 1
[2026-03-28 07:23:51] Message status data count: 4
[2026-03-28 07:23:51] Daily messages data count: 0
[2026-03-28 07:23:51] Users by type data count: 12
[2026-03-28 07:23:51] Top users count: 5
[2026-03-28 07:23:51] Response stats - DATA: Array
(
    [total_messages] => 3
    [responded] => 2
    [response_rate] => 66.67
)

[2026-03-28 07:23:51] === CHECKING EXPORT PARAMETERS ===
[2026-03-28 07:23:51] GET export parameter: NOT SET
[2026-03-28 07:23:51] No export parameter detected, rendering normal dashboard
[2026-03-28 07:23:51] === SCRIPT END ===
[2026-03-28 09:01:13] === SCRIPT START ===
[2026-03-28 09:01:13] Request URI: /responsive-message-app/modules/admin/dashboard.php
[2026-03-28 09:01:13] Request Method: GET
[2026-03-28 09:01:13] GET Parameters: Array
(
)

[2026-03-28 09:01:13] Core files loaded
[2026-03-28 09:01:13] Auth check passed
[2026-03-28 09:01:13] User session data - DATA: Array
(
    [user_type] => Admin
    [privilege_level] => Full_Access
    [session_id] => clige623fihil3dcv5jo9hpspa
    [session_data] => Array
        (
            [last_regeneration] => 1774663268
            [csrf_token] => fefddd4798e3be2f26bbce23c77f6dff7256c8f3e46a37bbef8972ef6ff21e22
            [login_attempts] => 0
            [user_id] => 1
            [username] => admin
            [user_type] => Admin
            [nama_lengkap] => Administrator Sistem
            [email] => admin@smkn12jakarta.sch.id
            [nis_nip] => ADM001
            [kelas] => 
            [jurusan] => 
            [mata_pelajaran] => 
            [privilege_level] => Full_Access
            [phone_number] => 081234567890
            [avatar] => default-avatar.png
            [login_time] => 1774663273
        )

)

[2026-03-28 09:01:13] Library check - DATA: Array
(
    [pdf_library_available] => YES
    [pdf_path] => C:\xampp\htdocs\responsive-message-app\vendor\fpdf\fpdf.php
    [excel_library_available] => YES
    [excel_path] => C:\xampp\htdocs\responsive-message-app\vendor\phpoffice\phpspreadsheet\src\PhpSpreadsheet\Spreadsheet.php
    [vendor_autoload_exists] => YES
)

[2026-03-28 09:01:13] Attempting database connection
[2026-03-28 09:01:13] Database connected successfully
[2026-03-28 09:01:13] Total users: 60
[2026-03-28 09:01:13] Total messages: 10
[2026-03-28 09:01:13] Pending messages: 1
[2026-03-28 09:01:13] Expired messages: 0
[2026-03-28 09:01:13] Recent messages count: 10
[2026-03-28 09:01:13] Message stats count: 13
[2026-03-28 09:01:13] User growth data count: 1
[2026-03-28 09:01:13] Message status data count: 4
[2026-03-28 09:01:13] Daily messages data count: 0
[2026-03-28 09:01:13] Users by type data count: 12
[2026-03-28 09:01:13] Top users count: 5
[2026-03-28 09:01:13] Response stats - DATA: Array
(
    [total_messages] => 3
    [responded] => 2
    [response_rate] => 66.67
)

[2026-03-28 09:01:13] === CHECKING EXPORT PARAMETERS ===
[2026-03-28 09:01:13] GET export parameter: NOT SET
[2026-03-28 09:01:13] No export parameter detected, rendering normal dashboard
[2026-03-28 09:01:13] === SCRIPT END ===
[2026-03-28 14:01:02] === SCRIPT START ===
[2026-03-28 14:01:02] Request URI: /responsive-message-app/modules/admin/dashboard.php
[2026-03-28 14:01:02] Request Method: GET
[2026-03-28 14:01:02] GET Parameters: Array
(
)

[2026-03-28 14:01:02] Core files loaded
[2026-03-28 14:01:02] Auth check passed
[2026-03-28 14:01:02] User session data - DATA: Array
(
    [user_type] => Admin
    [privilege_level] => Full_Access
    [session_id] => 9ejq5qnrrlgi3au3kcndaep4dg
    [session_data] => Array
        (
            [last_regeneration] => 1774680964
            [csrf_token] => fefddd4798e3be2f26bbce23c77f6dff7256c8f3e46a37bbef8972ef6ff21e22
            [login_attempts] => 0
            [user_id] => 1
            [username] => admin
            [user_type] => Admin
            [nama_lengkap] => Administrator Sistem
            [email] => admin@smkn12jakarta.sch.id
            [nis_nip] => ADM001
            [kelas] => 
            [jurusan] => 
            [mata_pelajaran] => 
            [privilege_level] => Full_Access
            [phone_number] => 081234567890
            [avatar] => default-avatar.png
            [login_time] => 1774681262
        )

)

[2026-03-28 14:01:02] Library check - DATA: Array
(
    [pdf_library_available] => YES
    [pdf_path] => C:\xampp\htdocs\responsive-message-app\vendor\fpdf\fpdf.php
    [excel_library_available] => YES
    [excel_path] => C:\xampp\htdocs\responsive-message-app\vendor\phpoffice\phpspreadsheet\src\PhpSpreadsheet\Spreadsheet.php
    [vendor_autoload_exists] => YES
)

[2026-03-28 14:01:02] Attempting database connection
[2026-03-28 14:01:02] Database connected successfully
[2026-03-28 14:01:02] Total users: 60
[2026-03-28 14:01:02] Total messages: 10
[2026-03-28 14:01:02] Pending messages: 1
[2026-03-28 14:01:02] Expired messages: 0
[2026-03-28 14:01:02] Recent messages count: 10
[2026-03-28 14:01:02] Message stats count: 13
[2026-03-28 14:01:02] User growth data count: 1
[2026-03-28 14:01:02] Message status data count: 4
[2026-03-28 14:01:02] Daily messages data count: 0
[2026-03-28 14:01:02] Users by type data count: 12
[2026-03-28 14:01:02] Top users count: 5
[2026-03-28 14:01:02] Response stats - DATA: Array
(
    [total_messages] => 3
    [responded] => 2
    [response_rate] => 66.67
)

[2026-03-28 14:01:02] === CHECKING EXPORT PARAMETERS ===
[2026-03-28 14:01:02] GET export parameter: NOT SET
[2026-03-28 14:01:02] No export parameter detected, rendering normal dashboard
[2026-03-28 14:01:02] === SCRIPT END ===
[2026-03-28 19:00:38] === SCRIPT START ===
[2026-03-28 19:00:38] Request URI: /responsive-message-app/modules/admin/dashboard.php
[2026-03-28 19:00:38] Request Method: GET
[2026-03-28 19:00:38] GET Parameters: Array
(
)

[2026-03-28 19:00:38] Core files loaded
[2026-03-28 19:01:28] === SCRIPT START ===
[2026-03-28 19:01:28] Request URI: /responsive-message-app/modules/admin/dashboard.php
[2026-03-28 19:01:28] Request Method: GET
[2026-03-28 19:01:28] GET Parameters: Array
(
)

[2026-03-28 19:01:28] Core files loaded
[2026-03-28 19:01:28] Auth check passed
[2026-03-28 19:01:28] User session data - DATA: Array
(
    [user_type] => Admin
    [privilege_level] => Full_Access
    [session_id] => t2ol8jc5k1rbda894c1ubki6g2
    [session_data] => Array
        (
            [last_regeneration] => 1774699112
            [csrf_token] => 7d07851d4d2375fd8166139435bb91c04aa239386e37d1b321765456a47ba3c0
            [login_attempts] => 0
            [user_id] => 1
            [username] => admin
            [user_type] => Admin
            [nama_lengkap] => Administrator Sistem
            [email] => admin@smkn12jakarta.sch.id
            [nis_nip] => ADM001
            [kelas] => 
            [jurusan] => 
            [mata_pelajaran] => 
            [privilege_level] => Full_Access
            [phone_number] => 081234567890
            [avatar] => default-avatar.png
            [login_time] => 1774699288
        )

)

[2026-03-28 19:01:28] Library check - DATA: Array
(
    [pdf_library_available] => YES
    [pdf_path] => C:\xampp\htdocs\responsive-message-app\vendor\fpdf\fpdf.php
    [excel_library_available] => YES
    [excel_path] => C:\xampp\htdocs\responsive-message-app\vendor\phpoffice\phpspreadsheet\src\PhpSpreadsheet\Spreadsheet.php
    [vendor_autoload_exists] => YES
)

[2026-03-28 19:01:28] Attempting database connection
[2026-03-28 19:01:28] Database connected successfully
[2026-03-28 19:01:28] Total users: 60
[2026-03-28 19:01:28] Total messages: 10
[2026-03-28 19:01:28] Pending messages: 1
[2026-03-28 19:01:28] Expired messages: 0
[2026-03-28 19:01:28] Recent messages count: 10
[2026-03-28 19:01:28] Message stats count: 13
[2026-03-28 19:01:28] User growth data count: 1
[2026-03-28 19:01:28] Message status data count: 4
[2026-03-28 19:01:28] Daily messages data count: 0
[2026-03-28 19:01:28] Users by type data count: 12
[2026-03-28 19:01:28] Top users count: 5
[2026-03-28 19:01:28] Response stats - DATA: Array
(
    [total_messages] => 3
    [responded] => 2
    [response_rate] => 66.67
)

[2026-03-28 19:01:28] === CHECKING EXPORT PARAMETERS ===
[2026-03-28 19:01:28] GET export parameter: NOT SET
[2026-03-28 19:01:28] No export parameter detected, rendering normal dashboard
[2026-03-28 19:01:28] === SCRIPT END ===
[2026-03-28 20:00:39] === SCRIPT START ===
[2026-03-28 20:00:39] Request URI: /responsive-message-app/modules/admin/dashboard.php
[2026-03-28 20:00:39] Request Method: GET
[2026-03-28 20:00:39] GET Parameters: Array
(
)

[2026-03-28 20:00:39] Core files loaded
[2026-03-28 20:00:39] Auth check passed
[2026-03-28 20:00:39] User session data - DATA: Array
(
    [user_type] => Admin
    [privilege_level] => Full_Access
    [session_id] => ntnakdfda57ievcrd91siqr9hp
    [session_data] => Array
        (
            [last_regeneration] => 1774702753
            [csrf_token] => 7d07851d4d2375fd8166139435bb91c04aa239386e37d1b321765456a47ba3c0
            [login_attempts] => 0
            [user_id] => 1
            [username] => admin
            [user_type] => Admin
            [nama_lengkap] => Administrator Sistem
            [email] => admin@smkn12jakarta.sch.id
            [nis_nip] => ADM001
            [kelas] => 
            [jurusan] => 
            [mata_pelajaran] => 
            [privilege_level] => Full_Access
            [phone_number] => 081234567890
            [avatar] => default-avatar.png
            [login_time] => 1774702839
        )

)

[2026-03-28 20:00:39] Library check - DATA: Array
(
    [pdf_library_available] => YES
    [pdf_path] => C:\xampp\htdocs\responsive-message-app\vendor\fpdf\fpdf.php
    [excel_library_available] => YES
    [excel_path] => C:\xampp\htdocs\responsive-message-app\vendor\phpoffice\phpspreadsheet\src\PhpSpreadsheet\Spreadsheet.php
    [vendor_autoload_exists] => YES
)

[2026-03-28 20:00:39] Attempting database connection
[2026-03-28 20:00:39] Database connected successfully
[2026-03-28 20:00:39] Total users: 60
[2026-03-28 20:00:39] Total messages: 10
[2026-03-28 20:00:39] Pending messages: 1
[2026-03-28 20:00:39] Expired messages: 0
[2026-03-28 20:00:39] Recent messages count: 10
[2026-03-28 20:00:39] Message stats count: 13
[2026-03-28 20:00:39] User growth data count: 1
[2026-03-28 20:00:39] Message status data count: 4
[2026-03-28 20:00:39] Daily messages data count: 0
[2026-03-28 20:00:39] Users by type data count: 12
[2026-03-28 20:00:39] Top users count: 5
[2026-03-28 20:00:39] Response stats - DATA: Array
(
    [total_messages] => 3
    [responded] => 2
    [response_rate] => 66.67
)

[2026-03-28 20:00:39] === CHECKING EXPORT PARAMETERS ===
[2026-03-28 20:00:39] GET export parameter: NOT SET
[2026-03-28 20:00:39] No export parameter detected, rendering normal dashboard
[2026-03-28 20:00:39] === SCRIPT END ===
[2026-03-28 20:01:00] === SCRIPT START ===
[2026-03-28 20:01:00] Request URI: /responsive-message-app/modules/admin/dashboard.php
[2026-03-28 20:01:00] Request Method: GET
[2026-03-28 20:01:00] GET Parameters: Array
(
)

[2026-03-28 20:01:00] Core files loaded
[2026-03-28 20:01:00] Auth check passed
[2026-03-28 20:01:00] User session data - DATA: Array
(
    [user_type] => Admin
    [privilege_level] => Full_Access
    [session_id] => ntnakdfda57ievcrd91siqr9hp
    [session_data] => Array
        (
            [last_regeneration] => 1774702753
            [csrf_token] => 7d07851d4d2375fd8166139435bb91c04aa239386e37d1b321765456a47ba3c0
            [login_attempts] => 0
            [user_id] => 1
            [username] => admin
            [user_type] => Admin
            [nama_lengkap] => Administrator Sistem
            [email] => admin@smkn12jakarta.sch.id
            [nis_nip] => ADM001
            [kelas] => 
            [jurusan] => 
            [mata_pelajaran] => 
            [privilege_level] => Full_Access
            [phone_number] => 081234567890
            [avatar] => default-avatar.png
            [login_time] => 1774702860
        )

)

[2026-03-28 20:01:00] Library check - DATA: Array
(
    [pdf_library_available] => YES
    [pdf_path] => C:\xampp\htdocs\responsive-message-app\vendor\fpdf\fpdf.php
    [excel_library_available] => YES
    [excel_path] => C:\xampp\htdocs\responsive-message-app\vendor\phpoffice\phpspreadsheet\src\PhpSpreadsheet\Spreadsheet.php
    [vendor_autoload_exists] => YES
)

[2026-03-28 20:01:00] Attempting database connection
[2026-03-28 20:01:00] Database connected successfully
[2026-03-28 20:01:00] Total users: 60
[2026-03-28 20:01:00] Total messages: 10
[2026-03-28 20:01:00] Pending messages: 1
[2026-03-28 20:01:00] Expired messages: 0
[2026-03-28 20:01:00] Recent messages count: 10
[2026-03-28 20:01:00] Message stats count: 13
[2026-03-28 20:01:00] User growth data count: 1
[2026-03-28 20:01:00] Message status data count: 4
[2026-03-28 20:01:00] Daily messages data count: 0
[2026-03-28 20:01:00] Users by type data count: 12
[2026-03-28 20:01:00] Top users count: 5
[2026-03-28 20:01:00] Response stats - DATA: Array
(
    [total_messages] => 3
    [responded] => 2
    [response_rate] => 66.67
)

[2026-03-28 20:01:00] === CHECKING EXPORT PARAMETERS ===
[2026-03-28 20:01:00] GET export parameter: NOT SET
[2026-03-28 20:01:00] No export parameter detected, rendering normal dashboard
[2026-03-28 20:01:00] === SCRIPT END ===
[2026-03-28 22:11:13] === SCRIPT START ===
[2026-03-28 22:11:13] Request URI: /responsive-message-app/modules/admin/dashboard.php
[2026-03-28 22:11:13] Request Method: GET
[2026-03-28 22:11:13] GET Parameters: Array
(
)

[2026-03-28 22:11:13] Core files loaded
[2026-03-28 22:11:13] Auth check passed
[2026-03-28 22:11:13] User session data - DATA: Array
(
    [user_type] => Admin
    [privilege_level] => Full_Access
    [session_id] => 43nckbvhkn6g6oblu5fbmneonj
    [session_data] => Array
        (
            [last_regeneration] => 1774710413
            [csrf_token] => 7d07851d4d2375fd8166139435bb91c04aa239386e37d1b321765456a47ba3c0
            [login_attempts] => 0
            [user_id] => 1
            [username] => admin
            [user_type] => Admin
            [nama_lengkap] => Administrator Sistem
            [email] => admin@smkn12jakarta.sch.id
            [nis_nip] => ADM001
            [kelas] => 
            [jurusan] => 
            [mata_pelajaran] => 
            [privilege_level] => Full_Access
            [phone_number] => 081234567890
            [avatar] => default-avatar.png
            [login_time] => 1774710673
        )

)

[2026-03-28 22:11:13] Library check - DATA: Array
(
    [pdf_library_available] => YES
    [pdf_path] => C:\xampp\htdocs\responsive-message-app\vendor\fpdf\fpdf.php
    [excel_library_available] => YES
    [excel_path] => C:\xampp\htdocs\responsive-message-app\vendor\phpoffice\phpspreadsheet\src\PhpSpreadsheet\Spreadsheet.php
    [vendor_autoload_exists] => YES
)

[2026-03-28 22:11:13] Attempting database connection
[2026-03-28 22:11:13] Database connected successfully
[2026-03-28 22:11:13] Total users: 60
[2026-03-28 22:11:13] Total messages: 10
[2026-03-28 22:11:13] Pending messages: 1
[2026-03-28 22:11:13] Expired messages: 0
[2026-03-28 22:11:13] Recent messages count: 10
[2026-03-28 22:11:13] Message stats count: 13
[2026-03-28 22:11:13] User growth data count: 1
[2026-03-28 22:11:13] Message status data count: 4
[2026-03-28 22:11:13] Daily messages data count: 0
[2026-03-28 22:11:13] Users by type data count: 12
[2026-03-28 22:11:13] Top users count: 5
[2026-03-28 22:11:13] Response stats - DATA: Array
(
    [total_messages] => 3
    [responded] => 2
    [response_rate] => 66.67
)

[2026-03-28 22:11:13] === CHECKING EXPORT PARAMETERS ===
[2026-03-28 22:11:13] GET export parameter: NOT SET
[2026-03-28 22:11:13] No export parameter detected, rendering normal dashboard
[2026-03-28 22:11:13] === SCRIPT END ===
