[2026-04-01 10:49:13] === SCRIPT START ===
[2026-04-01 10:49:13] Request URI: /responsive-message-app/modules/admin/dashboard.php
[2026-04-01 10:49:13] Request Method: GET
[2026-04-01 10:49:13] GET Parameters: Array
(
)

[2026-04-01 10:49:13] Core files loaded
[2026-04-01 10:49:13] Auth check passed
[2026-04-01 10:49:13] User session data - DATA: Array
(
    [user_type] => Admin
    [privilege_level] => Full_Access
    [session_id] => 057sb8riu5e832gj3n8g3j5lbv
    [session_data] => Array
        (
            [last_regeneration] => 1775015299
            [form_unique_id] => 3f4e200b142d1f92ccbd314cfa9004fc
            [processed_messages] => Array
                (
                )

            [csrf_token] => 6da3b82b5a25b074c7018a1256fe7bd46a2585478e38ff19064e43d61968d8c5
            [login_attempts] => 0
            [user_id] => 1
            [username] => admin
            [user_type] => Admin
            [nama_lengkap] => Administrator Sistem
            [email] => admin@smkn12jakarta.sch.id
            [nis_nip] => ADM001
            [kelas] => 
            [jurusan] => 
            [mata_pelajaran] => 
            [privilege_level] => Full_Access
            [phone_number] => 081234567890
            [avatar] => default-avatar.png
            [login_time] => 1775015353
        )

)

[2026-04-01 10:49:13] Library check - DATA: Array
(
    [pdf_library_available] => YES
    [pdf_path] => C:\xampp\htdocs\responsive-message-app\vendor\fpdf\fpdf.php
    [excel_library_available] => YES
    [excel_path] => C:\xampp\htdocs\responsive-message-app\vendor\phpoffice\phpspreadsheet\src\PhpSpreadsheet\Spreadsheet.php
    [vendor_autoload_exists] => YES
)

[2026-04-01 10:49:13] Attempting database connection
[2026-04-01 10:49:13] Database connected successfully
[2026-04-01 10:49:13] Total users: 60
[2026-04-01 10:49:13] Total messages: 10
[2026-04-01 10:49:13] Pending messages: 1
[2026-04-01 10:49:13] Expired messages: 0
[2026-04-01 10:49:13] Recent messages count: 10
[2026-04-01 10:49:13] Message stats count: 13
[2026-04-01 10:49:13] User growth data count: 0
[2026-04-01 10:49:13] Message status data count: 4
[2026-04-01 10:49:14] Daily messages data count: 0
[2026-04-01 10:49:14] Users by type data count: 12
[2026-04-01 10:49:14] Top users count: 5
[2026-04-01 10:49:14] Response stats - DATA: Array
(
    [total_messages] => 0
    [responded] => 
    [response_rate] => 
)

[2026-04-01 10:49:14] === CHECKING EXPORT PARAMETERS ===
[2026-04-01 10:49:14] GET export parameter: NOT SET
[2026-04-01 10:49:14] No export parameter detected, rendering normal dashboard
[2026-04-01 10:49:14] === SCRIPT END ===
