[2026-02-26 06:57:39] === SCRIPT START ===
[2026-02-26 06:57:39] Request URI: /responsive-message-app/modules/admin/dashboard.php
[2026-02-26 06:57:39] Request Method: GET
[2026-02-26 06:57:39] GET Parameters: Array
(
)

[2026-02-26 06:57:40] Core files loaded
[2026-02-26 06:57:40] Auth check passed
[2026-02-26 06:57:40] User session data - DATA: Array
(
    [user_type] => Admin
    [privilege_level] => Full_Access
    [session_id] => 75vksmbhqfscl3dsncsevpvn6k
    [session_data] => Array
        (
            [last_regeneration] => 1772063859
            [csrf_token] => b58f00749346fdc5fa82becd6f8a86582f70bb3460e31b1a8e181191e077a6c0
            [login_attempts] => 0
            [user_id] => 1
            [username] => admin
            [user_type] => Admin
            [nama_lengkap] => Administrator Sistem
            [email] => admin@smkn12jakarta.sch.id
            [nis_nip] => ADM001
            [kelas] => 
            [jurusan] => 
            [mata_pelajaran] => 
            [privilege_level] => Full_Access
            [phone_number] => 081234567890
            [avatar] => default-avatar.png
            [login_time] => 1772063860
            [error] => Terjadi kesalahan sistem. Silakan coba lagi nanti.
        )

)

[2026-02-26 06:57:40] Library check - DATA: Array
(
    [pdf_library_available] => YES
    [pdf_path] => C:\xampp\htdocs\responsive-message-app\vendor\fpdf\fpdf.php
    [excel_library_available] => YES
    [excel_path] => C:\xampp\htdocs\responsive-message-app\vendor\phpoffice\phpspreadsheet\src\PhpSpreadsheet\Spreadsheet.php
    [vendor_autoload_exists] => YES
)

[2026-02-26 06:57:40] Attempting database connection
[2026-02-26 06:57:40] Database connected successfully
[2026-02-26 06:57:40] Total users: 59
[2026-02-26 06:57:40] Total messages: 7
[2026-02-26 06:57:40] Pending messages: 0
[2026-02-26 06:57:40] Expired messages: 0
[2026-02-26 06:57:40] Recent messages count: 7
[2026-02-26 06:57:40] Message stats count: 13
[2026-02-26 06:57:40] User growth data count: 2
[2026-02-26 06:57:40] Message status data count: 3
[2026-02-26 06:57:40] Daily messages data count: 1
[2026-02-26 06:57:40] Users by type data count: 12
[2026-02-26 06:57:40] Top users count: 5
[2026-02-26 06:57:40] Response stats - DATA: Array
(
    [total_messages] => 7
    [responded] => 4
    [response_rate] => 57.14
)

[2026-02-26 06:57:40] === CHECKING EXPORT PARAMETERS ===
[2026-02-26 06:57:40] GET export parameter: NOT SET
[2026-02-26 06:57:40] No export parameter detected, rendering normal dashboard
[2026-02-26 06:57:41] === SCRIPT END ===
[2026-02-26 12:24:19] === SCRIPT START ===
[2026-02-26 12:24:19] Request URI: /responsive-message-app/modules/admin/dashboard.php
[2026-02-26 12:24:19] Request Method: GET
[2026-02-26 12:24:19] GET Parameters: Array
(
)

[2026-02-26 12:24:19] Core files loaded
[2026-02-26 12:24:19] Auth check passed
[2026-02-26 12:24:19] User session data - DATA: Array
(
    [user_type] => Wakil_Kepala
    [privilege_level] => Limited_Lv3
    [session_id] => rba5ocafl3honj57velo8i0r7c
    [session_data] => Array
        (
            [last_regeneration] => 1772083442
            [csrf_token] => 813461bc4f00a6e3a46f532e4e67c2d136f201730e386f868d1ecc4a091c5fa2
            [login_attempts] => 0
            [user_id] => 8
            [username] => wakepsek
            [user_type] => Wakil_Kepala
            [nama_lengkap] => Joko Widodo
            [email] => joko.widodo@smkn12jakarta.sch.id
            [nis_nip] => 198301017
            [kelas] => 
            [jurusan] => 
            [mata_pelajaran] => Wakil Kepala Sekolah
            [privilege_level] => Limited_Lv3
            [phone_number] => 081122334461
            [avatar] => default-avatar.png
            [login_time] => 1772083459
        )

)

[2026-02-26 12:24:19] Access denied - redirecting
[2026-02-26 12:25:45] === SCRIPT START ===
[2026-02-26 12:25:45] Request URI: /responsive-message-app/modules/admin/dashboard.php
[2026-02-26 12:25:45] Request Method: GET
[2026-02-26 12:25:45] GET Parameters: Array
(
)

[2026-02-26 12:25:45] Core files loaded
[2026-02-26 12:25:45] Auth check passed
[2026-02-26 12:25:45] User session data - DATA: Array
(
    [user_type] => Kepala_Sekolah
    [privilege_level] => Full_Access
    [session_id] => aj6fdmsbf68r234hr931025266
    [session_data] => Array
        (
            [last_regeneration] => 1772083515
            [csrf_token] => 5dc0c9293c78f8c9f60e9c0e7a816d887d7c132339b0effab26d880c3c1d3f97
            [login_attempts] => 0
            [user_id] => 9
            [username] => kepsek
            [user_type] => Kepala_Sekolah
            [nama_lengkap] => Sri Mulyani
            [email] => sri.mulyani@smkn12jakarta.sch.id
            [nis_nip] => 198301018
            [kelas] => 
            [jurusan] => 
            [mata_pelajaran] => Kepala Sekolah
            [privilege_level] => Full_Access
            [phone_number] => 081122334462
            [avatar] => default-avatar.png
            [login_time] => 1772083545
        )

)

[2026-02-26 12:25:45] Library check - DATA: Array
(
    [pdf_library_available] => YES
    [pdf_path] => C:\xampp\htdocs\responsive-message-app\vendor\fpdf\fpdf.php
    [excel_library_available] => YES
    [excel_path] => C:\xampp\htdocs\responsive-message-app\vendor\phpoffice\phpspreadsheet\src\PhpSpreadsheet\Spreadsheet.php
    [vendor_autoload_exists] => YES
)

[2026-02-26 12:25:45] Attempting database connection
[2026-02-26 12:25:45] Database connected successfully
[2026-02-26 12:25:45] Total users: 59
[2026-02-26 12:25:45] Total messages: 7
[2026-02-26 12:25:45] Pending messages: 0
[2026-02-26 12:25:45] Expired messages: 0
[2026-02-26 12:25:45] Recent messages count: 7
[2026-02-26 12:25:45] Message stats count: 13
[2026-02-26 12:25:45] User growth data count: 2
[2026-02-26 12:25:45] Message status data count: 3
[2026-02-26 12:25:45] Daily messages data count: 1
[2026-02-26 12:25:45] Users by type data count: 12
[2026-02-26 12:25:45] Top users count: 5
[2026-02-26 12:25:45] Response stats - DATA: Array
(
    [total_messages] => 7
    [responded] => 4
    [response_rate] => 57.14
)

[2026-02-26 12:25:45] === CHECKING EXPORT PARAMETERS ===
[2026-02-26 12:25:45] GET export parameter: NOT SET
[2026-02-26 12:25:45] No export parameter detected, rendering normal dashboard
[2026-02-26 12:25:45] === SCRIPT END ===
[2026-02-26 13:10:23] === SCRIPT START ===
[2026-02-26 13:10:23] Request URI: /responsive-message-app/modules/admin/dashboard.php
[2026-02-26 13:10:23] Request Method: GET
[2026-02-26 13:10:23] GET Parameters: Array
(
)

[2026-02-26 13:10:23] Core files loaded
[2026-02-26 13:10:23] Auth check passed
[2026-02-26 13:10:23] User session data - DATA: Array
(
    [user_type] => Admin
    [privilege_level] => Full_Access
    [session_id] => kkao2fffq68p14r9b8f45tf5rt
    [session_data] => Array
        (
            [last_regeneration] => 1772086181
            [csrf_token] => bce129e15cf8e743acef942ae9073b45164c05f834446ee69388793e83142af7
            [form_unique_id] => e27e22f7e76f945982a2350655bdddc6
            [processed_messages] => Array
                (
                )

            [login_attempts] => 0
            [user_id] => 1
            [username] => admin
            [user_type] => Admin
            [nama_lengkap] => Administrator Sistem
            [email] => admin@smkn12jakarta.sch.id
            [nis_nip] => ADM001
            [kelas] => 
            [jurusan] => 
            [mata_pelajaran] => 
            [privilege_level] => Full_Access
            [phone_number] => 081234567890
            [avatar] => default-avatar.png
            [login_time] => 1772086223
        )

)

[2026-02-26 13:10:23] Library check - DATA: Array
(
    [pdf_library_available] => YES
    [pdf_path] => C:\xampp\htdocs\responsive-message-app\vendor\fpdf\fpdf.php
    [excel_library_available] => YES
    [excel_path] => C:\xampp\htdocs\responsive-message-app\vendor\phpoffice\phpspreadsheet\src\PhpSpreadsheet\Spreadsheet.php
    [vendor_autoload_exists] => YES
)

[2026-02-26 13:10:23] Attempting database connection
[2026-02-26 13:10:23] Database connected successfully
[2026-02-26 13:10:23] Total users: 59
[2026-02-26 13:10:24] Total messages: 7
[2026-02-26 13:10:24] Pending messages: 0
[2026-02-26 13:10:24] Expired messages: 0
[2026-02-26 13:10:24] Recent messages count: 7
[2026-02-26 13:10:24] Message stats count: 13
[2026-02-26 13:10:24] User growth data count: 2
[2026-02-26 13:10:24] Message status data count: 3
[2026-02-26 13:10:24] Daily messages data count: 1
[2026-02-26 13:10:24] Users by type data count: 12
[2026-02-26 13:10:24] Top users count: 5
[2026-02-26 13:10:24] Response stats - DATA: Array
(
    [total_messages] => 7
    [responded] => 4
    [response_rate] => 57.14
)

[2026-02-26 13:10:24] === CHECKING EXPORT PARAMETERS ===
[2026-02-26 13:10:24] GET export parameter: NOT SET
[2026-02-26 13:10:24] No export parameter detected, rendering normal dashboard
[2026-02-26 13:10:24] === SCRIPT END ===
[2026-02-26 13:15:46] === SCRIPT START ===
[2026-02-26 13:15:46] Request URI: /responsive-message-app/modules/admin/dashboard.php
[2026-02-26 13:15:46] Request Method: GET
[2026-02-26 13:15:46] GET Parameters: Array
(
)

[2026-02-26 13:15:46] Core files loaded
[2026-02-26 13:15:46] Auth check passed
[2026-02-26 13:15:46] User session data - DATA: Array
(
    [user_type] => Admin
    [privilege_level] => Full_Access
    [session_id] => ibl14lo1hjebqnuqq8ul4m90ih
    [session_data] => Array
        (
            [last_regeneration] => 1772086542
            [csrf_token] => 1dd282bfd2a4e21c5df9eb392e1024763ad740fa33c4cf406e1d8eadac2f4d2e
            [login_attempts] => 0
            [user_id] => 1
            [username] => admin
            [user_type] => Admin
            [nama_lengkap] => Administrator Sistem
            [email] => admin@smkn12jakarta.sch.id
            [nis_nip] => ADM001
            [kelas] => 
            [jurusan] => 
            [mata_pelajaran] => 
            [privilege_level] => Full_Access
            [phone_number] => 081234567890
            [avatar] => default-avatar.png
            [login_time] => 1772086546
        )

)

[2026-02-26 13:15:46] Library check - DATA: Array
(
    [pdf_library_available] => YES
    [pdf_path] => C:\xampp\htdocs\responsive-message-app\vendor\fpdf\fpdf.php
    [excel_library_available] => YES
    [excel_path] => C:\xampp\htdocs\responsive-message-app\vendor\phpoffice\phpspreadsheet\src\PhpSpreadsheet\Spreadsheet.php
    [vendor_autoload_exists] => YES
)

[2026-02-26 13:15:46] Attempting database connection
[2026-02-26 13:15:46] Database connected successfully
[2026-02-26 13:15:46] Total users: 59
[2026-02-26 13:15:46] Total messages: 7
[2026-02-26 13:15:46] Pending messages: 0
[2026-02-26 13:15:46] Expired messages: 0
[2026-02-26 13:15:46] Recent messages count: 7
[2026-02-26 13:15:46] Message stats count: 13
[2026-02-26 13:15:46] User growth data count: 2
[2026-02-26 13:15:46] Message status data count: 3
[2026-02-26 13:15:46] Daily messages data count: 1
[2026-02-26 13:15:46] Users by type data count: 12
[2026-02-26 13:15:46] Top users count: 5
[2026-02-26 13:15:46] Response stats - DATA: Array
(
    [total_messages] => 7
    [responded] => 4
    [response_rate] => 57.14
)

[2026-02-26 13:15:46] === CHECKING EXPORT PARAMETERS ===
[2026-02-26 13:15:46] GET export parameter: NOT SET
[2026-02-26 13:15:46] No export parameter detected, rendering normal dashboard
[2026-02-26 13:15:46] === SCRIPT END ===
[2026-02-26 14:03:45] === SCRIPT START ===
[2026-02-26 14:03:45] Request URI: /responsive-message-app/modules/admin/dashboard.php
[2026-02-26 14:03:45] Request Method: GET
[2026-02-26 14:03:45] GET Parameters: Array
(
)

[2026-02-26 14:03:46] Core files loaded
[2026-02-26 14:03:46] Auth check passed
[2026-02-26 14:03:46] User session data - DATA: Array
(
    [user_type] => Wakil_Kepala
    [privilege_level] => Limited_Lv3
    [session_id] => trl8s94lslgmh9j1itq3p1rdo3
    [session_data] => Array
        (
            [last_regeneration] => 1772089400
            [csrf_token] => 0df8590084c263625220f7a8ab881dd9b81844fc5d800e43dd79251d0495656a
            [login_attempts] => 0
            [user_id] => 8
            [username] => wakepsek
            [user_type] => Wakil_Kepala
            [nama_lengkap] => Joko Widodo
            [email] => joko.widodo@smkn12jakarta.sch.id
            [nis_nip] => 198301017
            [kelas] => 
            [jurusan] => 
            [mata_pelajaran] => Wakil Kepala Sekolah
            [privilege_level] => Limited_Lv3
            [phone_number] => 081122334461
            [avatar] => default-avatar.png
            [login_time] => 1772089426
        )

)

[2026-02-26 14:03:46] Access denied - redirecting
[2026-02-26 15:40:56] === SCRIPT START ===
[2026-02-26 15:40:56] Request URI: /responsive-message-app/modules/admin/dashboard.php
[2026-02-26 15:40:56] Request Method: GET
[2026-02-26 15:40:56] GET Parameters: Array
(
)

[2026-02-26 15:40:56] Core files loaded
[2026-02-26 15:40:56] Auth check passed
[2026-02-26 15:40:56] User session data - DATA: Array
(
    [user_type] => Admin
    [privilege_level] => Full_Access
    [session_id] => r75ebj624pfbjciqc4k77oe4fn
    [session_data] => Array
        (
            [last_regeneration] => 1772095244
            [csrf_token] => daf24c38fb7d2bcbd2ac2d9478deafe3c1b5144ded4cf5786a4738030ef8bfa8
            [login_attempts] => 0
            [user_id] => 1
            [username] => admin
            [user_type] => Admin
            [nama_lengkap] => Administrator Sistem
            [email] => admin@smkn12jakarta.sch.id
            [nis_nip] => ADM001
            [kelas] => 
            [jurusan] => 
            [mata_pelajaran] => 
            [privilege_level] => Full_Access
            [phone_number] => 081234567890
            [avatar] => default-avatar.png
            [login_time] => 1772095256
        )

)

[2026-02-26 15:40:56] Library check - DATA: Array
(
    [pdf_library_available] => YES
    [pdf_path] => C:\xampp\htdocs\responsive-message-app\vendor\fpdf\fpdf.php
    [excel_library_available] => YES
    [excel_path] => C:\xampp\htdocs\responsive-message-app\vendor\phpoffice\phpspreadsheet\src\PhpSpreadsheet\Spreadsheet.php
    [vendor_autoload_exists] => YES
)

[2026-02-26 15:40:56] Attempting database connection
[2026-02-26 15:40:56] Database connected successfully
[2026-02-26 15:40:56] Total users: 59
[2026-02-26 15:40:56] Total messages: 7
[2026-02-26 15:40:56] Pending messages: 0
[2026-02-26 15:40:56] Expired messages: 0
[2026-02-26 15:40:56] Recent messages count: 7
[2026-02-26 15:40:56] Message stats count: 13
[2026-02-26 15:40:56] User growth data count: 2
[2026-02-26 15:40:56] Message status data count: 3
[2026-02-26 15:40:56] Daily messages data count: 1
[2026-02-26 15:40:56] Users by type data count: 12
[2026-02-26 15:40:56] Top users count: 5
[2026-02-26 15:40:56] Response stats - DATA: Array
(
    [total_messages] => 7
    [responded] => 4
    [response_rate] => 57.14
)

[2026-02-26 15:40:56] === CHECKING EXPORT PARAMETERS ===
[2026-02-26 15:40:56] GET export parameter: NOT SET
[2026-02-26 15:40:56] No export parameter detected, rendering normal dashboard
[2026-02-26 15:40:56] === SCRIPT END ===
[2026-02-26 15:41:48] === SCRIPT START ===
[2026-02-26 15:41:48] Request URI: /responsive-message-app/modules/admin/dashboard.php
[2026-02-26 15:41:48] Request Method: GET
[2026-02-26 15:41:48] GET Parameters: Array
(
)

[2026-02-26 15:41:48] Core files loaded
[2026-02-26 15:41:48] Auth check passed
[2026-02-26 15:41:48] User session data - DATA: Array
(
    [user_type] => Admin
    [privilege_level] => Full_Access
    [session_id] => r75ebj624pfbjciqc4k77oe4fn
    [session_data] => Array
        (
            [last_regeneration] => 1772095244
            [csrf_token] => daf24c38fb7d2bcbd2ac2d9478deafe3c1b5144ded4cf5786a4738030ef8bfa8
            [login_attempts] => 0
            [user_id] => 1
            [username] => admin
            [user_type] => Admin
            [nama_lengkap] => Administrator Sistem
            [email] => admin@smkn12jakarta.sch.id
            [nis_nip] => ADM001
            [kelas] => 
            [jurusan] => 
            [mata_pelajaran] => 
            [privilege_level] => Full_Access
            [phone_number] => 081234567890
            [avatar] => default-avatar.png
            [login_time] => 1772095308
        )

)

[2026-02-26 15:41:48] Library check - DATA: Array
(
    [pdf_library_available] => YES
    [pdf_path] => C:\xampp\htdocs\responsive-message-app\vendor\fpdf\fpdf.php
    [excel_library_available] => YES
    [excel_path] => C:\xampp\htdocs\responsive-message-app\vendor\phpoffice\phpspreadsheet\src\PhpSpreadsheet\Spreadsheet.php
    [vendor_autoload_exists] => YES
)

[2026-02-26 15:41:48] Attempting database connection
[2026-02-26 15:41:48] Database connected successfully
[2026-02-26 15:41:48] Total users: 59
[2026-02-26 15:41:48] Total messages: 7
[2026-02-26 15:41:48] Pending messages: 0
[2026-02-26 15:41:48] Expired messages: 0
[2026-02-26 15:41:48] Recent messages count: 7
[2026-02-26 15:41:48] Message stats count: 13
[2026-02-26 15:41:48] User growth data count: 2
[2026-02-26 15:41:48] Message status data count: 3
[2026-02-26 15:41:48] Daily messages data count: 1
[2026-02-26 15:41:48] Users by type data count: 12
[2026-02-26 15:41:48] Top users count: 5
[2026-02-26 15:41:48] Response stats - DATA: Array
(
    [total_messages] => 7
    [responded] => 4
    [response_rate] => 57.14
)

[2026-02-26 15:41:48] === CHECKING EXPORT PARAMETERS ===
[2026-02-26 15:41:48] GET export parameter: NOT SET
[2026-02-26 15:41:48] No export parameter detected, rendering normal dashboard
[2026-02-26 15:41:48] === SCRIPT END ===
[2026-02-26 15:42:02] === SCRIPT START ===
[2026-02-26 15:42:02] Request URI: /responsive-message-app/modules/admin/dashboard.php
[2026-02-26 15:42:02] Request Method: GET
[2026-02-26 15:42:02] GET Parameters: Array
(
)

[2026-02-26 15:42:02] Core files loaded
[2026-02-26 15:42:02] Auth check passed
[2026-02-26 15:42:02] User session data - DATA: Array
(
    [user_type] => Admin
    [privilege_level] => Full_Access
    [session_id] => r75ebj624pfbjciqc4k77oe4fn
    [session_data] => Array
        (
            [last_regeneration] => 1772095244
            [csrf_token] => daf24c38fb7d2bcbd2ac2d9478deafe3c1b5144ded4cf5786a4738030ef8bfa8
            [login_attempts] => 0
            [user_id] => 1
            [username] => admin
            [user_type] => Admin
            [nama_lengkap] => Administrator Sistem
            [email] => admin@smkn12jakarta.sch.id
            [nis_nip] => ADM001
            [kelas] => 
            [jurusan] => 
            [mata_pelajaran] => 
            [privilege_level] => Full_Access
            [phone_number] => 081234567890
            [avatar] => default-avatar.png
            [login_time] => 1772095322
        )

)

[2026-02-26 15:42:02] Library check - DATA: Array
(
    [pdf_library_available] => YES
    [pdf_path] => C:\xampp\htdocs\responsive-message-app\vendor\fpdf\fpdf.php
    [excel_library_available] => YES
    [excel_path] => C:\xampp\htdocs\responsive-message-app\vendor\phpoffice\phpspreadsheet\src\PhpSpreadsheet\Spreadsheet.php
    [vendor_autoload_exists] => YES
)

[2026-02-26 15:42:02] Attempting database connection
[2026-02-26 15:42:02] Database connected successfully
[2026-02-26 15:42:02] Total users: 59
[2026-02-26 15:42:02] Total messages: 7
[2026-02-26 15:42:02] Pending messages: 0
[2026-02-26 15:42:02] Expired messages: 0
[2026-02-26 15:42:02] Recent messages count: 7
[2026-02-26 15:42:02] Message stats count: 13
[2026-02-26 15:42:02] User growth data count: 2
[2026-02-26 15:42:02] Message status data count: 3
[2026-02-26 15:42:02] Daily messages data count: 1
[2026-02-26 15:42:02] Users by type data count: 12
[2026-02-26 15:42:02] Top users count: 5
[2026-02-26 15:42:02] Response stats - DATA: Array
(
    [total_messages] => 7
    [responded] => 4
    [response_rate] => 57.14
)

[2026-02-26 15:42:02] === CHECKING EXPORT PARAMETERS ===
[2026-02-26 15:42:02] GET export parameter: NOT SET
[2026-02-26 15:42:02] No export parameter detected, rendering normal dashboard
[2026-02-26 15:42:02] === SCRIPT END ===
[2026-02-26 15:42:38] === SCRIPT START ===
[2026-02-26 15:42:38] Request URI: /responsive-message-app/modules/admin/dashboard.php
[2026-02-26 15:42:38] Request Method: GET
[2026-02-26 15:42:38] GET Parameters: Array
(
)

[2026-02-26 15:42:38] Core files loaded
[2026-02-26 15:42:38] Auth check passed
[2026-02-26 15:42:38] User session data - DATA: Array
(
    [user_type] => Admin
    [privilege_level] => Full_Access
    [session_id] => r75ebj624pfbjciqc4k77oe4fn
    [session_data] => Array
        (
            [last_regeneration] => 1772095244
            [csrf_token] => daf24c38fb7d2bcbd2ac2d9478deafe3c1b5144ded4cf5786a4738030ef8bfa8
            [login_attempts] => 0
            [user_id] => 1
            [username] => admin
            [user_type] => Admin
            [nama_lengkap] => Administrator Sistem
            [email] => admin@smkn12jakarta.sch.id
            [nis_nip] => ADM001
            [kelas] => 
            [jurusan] => 
            [mata_pelajaran] => 
            [privilege_level] => Full_Access
            [phone_number] => 081234567890
            [avatar] => default-avatar.png
            [login_time] => 1772095358
        )

)

[2026-02-26 15:42:38] Library check - DATA: Array
(
    [pdf_library_available] => YES
    [pdf_path] => C:\xampp\htdocs\responsive-message-app\vendor\fpdf\fpdf.php
    [excel_library_available] => YES
    [excel_path] => C:\xampp\htdocs\responsive-message-app\vendor\phpoffice\phpspreadsheet\src\PhpSpreadsheet\Spreadsheet.php
    [vendor_autoload_exists] => YES
)

[2026-02-26 15:42:38] Attempting database connection
[2026-02-26 15:42:38] Database connected successfully
[2026-02-26 15:42:38] Total users: 59
[2026-02-26 15:42:38] Total messages: 7
[2026-02-26 15:42:38] Pending messages: 0
[2026-02-26 15:42:38] Expired messages: 0
[2026-02-26 15:42:38] Recent messages count: 7
[2026-02-26 15:42:38] Message stats count: 13
[2026-02-26 15:42:38] User growth data count: 2
[2026-02-26 15:42:38] Message status data count: 3
[2026-02-26 15:42:38] Daily messages data count: 1
[2026-02-26 15:42:38] Users by type data count: 12
[2026-02-26 15:42:38] Top users count: 5
[2026-02-26 15:42:38] Response stats - DATA: Array
(
    [total_messages] => 7
    [responded] => 4
    [response_rate] => 57.14
)

[2026-02-26 15:42:38] === CHECKING EXPORT PARAMETERS ===
[2026-02-26 15:42:38] GET export parameter: NOT SET
[2026-02-26 15:42:38] No export parameter detected, rendering normal dashboard
[2026-02-26 15:42:38] === SCRIPT END ===
[2026-02-26 22:38:16] === SCRIPT START ===
[2026-02-26 22:38:16] Request URI: /responsive-message-app/modules/admin/dashboard.php
[2026-02-26 22:38:16] Request Method: GET
[2026-02-26 22:38:16] GET Parameters: Array
(
)

[2026-02-26 22:38:16] Core files loaded
[2026-02-26 22:38:16] Auth check passed
[2026-02-26 22:38:16] User session data - DATA: Array
(
    [user_type] => Admin
    [privilege_level] => Full_Access
    [session_id] => rlvvhl45ntpftigjcivlv2f3ld
    [session_data] => Array
        (
            [last_regeneration] => 1772120290
            [csrf_token] => 1668c20d380339a8aff69377145cf62c7c2c5aa78516a1a587fc25198efef004
            [login_attempts] => 0
            [user_id] => 1
            [username] => admin
            [user_type] => Admin
            [nama_lengkap] => Administrator Sistem
            [email] => admin@smkn12jakarta.sch.id
            [nis_nip] => ADM001
            [kelas] => 
            [jurusan] => 
            [mata_pelajaran] => 
            [privilege_level] => Full_Access
            [phone_number] => 081234567890
            [avatar] => default-avatar.png
            [login_time] => 1772120296
        )

)

[2026-02-26 22:38:16] Library check - DATA: Array
(
    [pdf_library_available] => YES
    [pdf_path] => C:\xampp\htdocs\responsive-message-app\vendor\fpdf\fpdf.php
    [excel_library_available] => YES
    [excel_path] => C:\xampp\htdocs\responsive-message-app\vendor\phpoffice\phpspreadsheet\src\PhpSpreadsheet\Spreadsheet.php
    [vendor_autoload_exists] => YES
)

[2026-02-26 22:38:16] Attempting database connection
[2026-02-26 22:38:16] Database connected successfully
[2026-02-26 22:38:16] Total users: 59
[2026-02-26 22:38:16] Total messages: 7
[2026-02-26 22:38:16] Pending messages: 0
[2026-02-26 22:38:16] Expired messages: 0
[2026-02-26 22:38:16] Recent messages count: 7
[2026-02-26 22:38:16] Message stats count: 13
[2026-02-26 22:38:16] User growth data count: 2
[2026-02-26 22:38:16] Message status data count: 3
[2026-02-26 22:38:16] Daily messages data count: 1
[2026-02-26 22:38:16] Users by type data count: 12
[2026-02-26 22:38:16] Top users count: 5
[2026-02-26 22:38:16] Response stats - DATA: Array
(
    [total_messages] => 7
    [responded] => 4
    [response_rate] => 57.14
)

[2026-02-26 22:38:16] === CHECKING EXPORT PARAMETERS ===
[2026-02-26 22:38:16] GET export parameter: NOT SET
[2026-02-26 22:38:16] No export parameter detected, rendering normal dashboard
[2026-02-26 22:38:16] === SCRIPT END ===
[2026-02-26 22:55:14] === SCRIPT START ===
[2026-02-26 22:55:14] Request URI: /responsive-message-app/modules/admin/dashboard.php
[2026-02-26 22:55:14] Request Method: GET
[2026-02-26 22:55:14] GET Parameters: Array
(
)

[2026-02-26 22:55:14] Core files loaded
[2026-02-26 22:55:14] Auth check passed
[2026-02-26 22:55:14] User session data - DATA: Array
(
    [user_type] => Admin
    [privilege_level] => Full_Access
    [session_id] => 71p0vuvea80m46loadmce59egp
    [session_data] => Array
        (
            [last_regeneration] => 1772121277
            [csrf_token] => 1668c20d380339a8aff69377145cf62c7c2c5aa78516a1a587fc25198efef004
            [login_attempts] => 0
            [user_id] => 1
            [username] => admin
            [user_type] => Admin
            [nama_lengkap] => Administrator Sistem
            [email] => admin@smkn12jakarta.sch.id
            [nis_nip] => ADM001
            [kelas] => 
            [jurusan] => 
            [mata_pelajaran] => 
            [privilege_level] => Full_Access
            [phone_number] => 081234567890
            [avatar] => default-avatar.png
            [login_time] => 1772121314
        )

)

[2026-02-26 22:55:14] Library check - DATA: Array
(
    [pdf_library_available] => YES
    [pdf_path] => C:\xampp\htdocs\responsive-message-app\vendor\fpdf\fpdf.php
    [excel_library_available] => YES
    [excel_path] => C:\xampp\htdocs\responsive-message-app\vendor\phpoffice\phpspreadsheet\src\PhpSpreadsheet\Spreadsheet.php
    [vendor_autoload_exists] => YES
)

[2026-02-26 22:55:14] Attempting database connection
[2026-02-26 22:55:14] Database connected successfully
[2026-02-26 22:55:14] Total users: 59
[2026-02-26 22:55:14] Total messages: 7
[2026-02-26 22:55:14] Pending messages: 0
[2026-02-26 22:55:14] Expired messages: 0
[2026-02-26 22:55:14] Recent messages count: 7
[2026-02-26 22:55:14] Message stats count: 13
[2026-02-26 22:55:14] User growth data count: 2
[2026-02-26 22:55:14] Message status data count: 3
[2026-02-26 22:55:14] Daily messages data count: 1
[2026-02-26 22:55:14] Users by type data count: 12
[2026-02-26 22:55:14] Top users count: 5
[2026-02-26 22:55:14] Response stats - DATA: Array
(
    [total_messages] => 7
    [responded] => 4
    [response_rate] => 57.14
)

[2026-02-26 22:55:14] === CHECKING EXPORT PARAMETERS ===
[2026-02-26 22:55:14] GET export parameter: NOT SET
[2026-02-26 22:55:14] No export parameter detected, rendering normal dashboard
[2026-02-26 22:55:14] === SCRIPT END ===
[2026-02-26 22:55:24] === SCRIPT START ===
[2026-02-26 22:55:24] Request URI: /responsive-message-app/modules/admin/dashboard.php
[2026-02-26 22:55:24] Request Method: GET
[2026-02-26 22:55:24] GET Parameters: Array
(
)

[2026-02-26 22:55:25] Core files loaded
[2026-02-26 22:55:25] Auth check passed
[2026-02-26 22:55:25] User session data - DATA: Array
(
    [user_type] => Admin
    [privilege_level] => Full_Access
    [session_id] => 71p0vuvea80m46loadmce59egp
    [session_data] => Array
        (
            [last_regeneration] => 1772121277
            [csrf_token] => 1668c20d380339a8aff69377145cf62c7c2c5aa78516a1a587fc25198efef004
            [login_attempts] => 0
            [user_id] => 1
            [username] => admin
            [user_type] => Admin
            [nama_lengkap] => Administrator Sistem
            [email] => admin@smkn12jakarta.sch.id
            [nis_nip] => ADM001
            [kelas] => 
            [jurusan] => 
            [mata_pelajaran] => 
            [privilege_level] => Full_Access
            [phone_number] => 081234567890
            [avatar] => default-avatar.png
            [login_time] => 1772121325
        )

)

[2026-02-26 22:55:25] Library check - DATA: Array
(
    [pdf_library_available] => YES
    [pdf_path] => C:\xampp\htdocs\responsive-message-app\vendor\fpdf\fpdf.php
    [excel_library_available] => YES
    [excel_path] => C:\xampp\htdocs\responsive-message-app\vendor\phpoffice\phpspreadsheet\src\PhpSpreadsheet\Spreadsheet.php
    [vendor_autoload_exists] => YES
)

[2026-02-26 22:55:25] Attempting database connection
[2026-02-26 22:55:25] Database connected successfully
[2026-02-26 22:55:25] Total users: 59
[2026-02-26 22:55:25] Total messages: 7
[2026-02-26 22:55:25] Pending messages: 0
[2026-02-26 22:55:25] Expired messages: 0
[2026-02-26 22:55:25] Recent messages count: 7
[2026-02-26 22:55:25] Message stats count: 13
[2026-02-26 22:55:25] User growth data count: 2
[2026-02-26 22:55:25] Message status data count: 3
[2026-02-26 22:55:25] Daily messages data count: 1
[2026-02-26 22:55:25] Users by type data count: 12
[2026-02-26 22:55:25] Top users count: 5
[2026-02-26 22:55:25] Response stats - DATA: Array
(
    [total_messages] => 7
    [responded] => 4
    [response_rate] => 57.14
)

[2026-02-26 22:55:25] === CHECKING EXPORT PARAMETERS ===
[2026-02-26 22:55:25] GET export parameter: NOT SET
[2026-02-26 22:55:25] No export parameter detected, rendering normal dashboard
[2026-02-26 22:55:25] === SCRIPT END ===
[2026-02-26 22:56:28] === SCRIPT START ===
[2026-02-26 22:56:28] Request URI: /responsive-message-app/modules/admin/dashboard.php
[2026-02-26 22:56:28] Request Method: GET
[2026-02-26 22:56:28] GET Parameters: Array
(
)

[2026-02-26 22:56:28] Core files loaded
[2026-02-26 22:56:28] Auth check passed
[2026-02-26 22:56:28] User session data - DATA: Array
(
    [user_type] => Admin
    [privilege_level] => Full_Access
    [session_id] => 71p0vuvea80m46loadmce59egp
    [session_data] => Array
        (
            [last_regeneration] => 1772121277
            [csrf_token] => 1668c20d380339a8aff69377145cf62c7c2c5aa78516a1a587fc25198efef004
            [login_attempts] => 0
            [user_id] => 1
            [username] => admin
            [user_type] => Admin
            [nama_lengkap] => Administrator Sistem
            [email] => admin@smkn12jakarta.sch.id
            [nis_nip] => ADM001
            [kelas] => 
            [jurusan] => 
            [mata_pelajaran] => 
            [privilege_level] => Full_Access
            [phone_number] => 081234567890
            [avatar] => default-avatar.png
            [login_time] => 1772121388
        )

)

[2026-02-26 22:56:28] Library check - DATA: Array
(
    [pdf_library_available] => YES
    [pdf_path] => C:\xampp\htdocs\responsive-message-app\vendor\fpdf\fpdf.php
    [excel_library_available] => YES
    [excel_path] => C:\xampp\htdocs\responsive-message-app\vendor\phpoffice\phpspreadsheet\src\PhpSpreadsheet\Spreadsheet.php
    [vendor_autoload_exists] => YES
)

[2026-02-26 22:56:28] Attempting database connection
[2026-02-26 22:56:28] Database connected successfully
[2026-02-26 22:56:28] Total users: 59
[2026-02-26 22:56:28] Total messages: 7
[2026-02-26 22:56:28] Pending messages: 0
[2026-02-26 22:56:28] Expired messages: 0
[2026-02-26 22:56:28] Recent messages count: 7
[2026-02-26 22:56:28] Message stats count: 13
[2026-02-26 22:56:28] User growth data count: 2
[2026-02-26 22:56:28] Message status data count: 3
[2026-02-26 22:56:28] Daily messages data count: 1
[2026-02-26 22:56:28] Users by type data count: 12
[2026-02-26 22:56:28] Top users count: 5
[2026-02-26 22:56:28] Response stats - DATA: Array
(
    [total_messages] => 7
    [responded] => 4
    [response_rate] => 57.14
)

[2026-02-26 22:56:28] === CHECKING EXPORT PARAMETERS ===
[2026-02-26 22:56:28] GET export parameter: NOT SET
[2026-02-26 22:56:28] No export parameter detected, rendering normal dashboard
[2026-02-26 22:56:28] === SCRIPT END ===
[2026-02-26 22:59:02] === SCRIPT START ===
[2026-02-26 22:59:02] Request URI: /responsive-message-app/modules/admin/dashboard.php
[2026-02-26 22:59:02] Request Method: GET
[2026-02-26 22:59:02] GET Parameters: Array
(
)

[2026-02-26 22:59:02] Core files loaded
[2026-02-26 22:59:02] Auth check passed
[2026-02-26 22:59:02] User session data - DATA: Array
(
    [user_type] => Admin
    [privilege_level] => Full_Access
    [session_id] => 71p0vuvea80m46loadmce59egp
    [session_data] => Array
        (
            [last_regeneration] => 1772121277
            [csrf_token] => 1668c20d380339a8aff69377145cf62c7c2c5aa78516a1a587fc25198efef004
            [login_attempts] => 0
            [user_id] => 1
            [username] => admin
            [user_type] => Admin
            [nama_lengkap] => Administrator Sistem
            [email] => admin@smkn12jakarta.sch.id
            [nis_nip] => ADM001
            [kelas] => 
            [jurusan] => 
            [mata_pelajaran] => 
            [privilege_level] => Full_Access
            [phone_number] => 081234567890
            [avatar] => default-avatar.png
            [login_time] => 1772121542
        )

)

[2026-02-26 22:59:02] Library check - DATA: Array
(
    [pdf_library_available] => YES
    [pdf_path] => C:\xampp\htdocs\responsive-message-app\vendor\fpdf\fpdf.php
    [excel_library_available] => YES
    [excel_path] => C:\xampp\htdocs\responsive-message-app\vendor\phpoffice\phpspreadsheet\src\PhpSpreadsheet\Spreadsheet.php
    [vendor_autoload_exists] => YES
)

[2026-02-26 22:59:02] Attempting database connection
[2026-02-26 22:59:02] Database connected successfully
[2026-02-26 22:59:02] Total users: 59
[2026-02-26 22:59:02] Total messages: 7
[2026-02-26 22:59:02] Pending messages: 0
[2026-02-26 22:59:02] Expired messages: 0
[2026-02-26 22:59:02] Recent messages count: 7
[2026-02-26 22:59:02] Message stats count: 13
[2026-02-26 22:59:02] User growth data count: 2
[2026-02-26 22:59:02] Message status data count: 3
[2026-02-26 22:59:02] Daily messages data count: 1
[2026-02-26 22:59:02] Users by type data count: 12
[2026-02-26 22:59:02] Top users count: 5
[2026-02-26 22:59:02] Response stats - DATA: Array
(
    [total_messages] => 7
    [responded] => 4
    [response_rate] => 57.14
)

[2026-02-26 22:59:02] === CHECKING EXPORT PARAMETERS ===
[2026-02-26 22:59:02] GET export parameter: NOT SET
[2026-02-26 22:59:02] No export parameter detected, rendering normal dashboard
[2026-02-26 22:59:02] === SCRIPT END ===
[2026-02-26 23:04:20] === SCRIPT START ===
[2026-02-26 23:04:20] Request URI: /responsive-message-app/modules/admin/dashboard.php
[2026-02-26 23:04:20] Request Method: GET
[2026-02-26 23:04:20] GET Parameters: Array
(
)

[2026-02-26 23:04:20] Core files loaded
[2026-02-26 23:04:20] Auth check passed
[2026-02-26 23:04:20] User session data - DATA: Array
(
    [user_type] => Admin
    [privilege_level] => Full_Access
    [session_id] => io9mcss5k44pt1qrg5c0c3p8ci
    [session_data] => Array
        (
            [last_regeneration] => 1772121860
            [csrf_token] => 1668c20d380339a8aff69377145cf62c7c2c5aa78516a1a587fc25198efef004
            [login_attempts] => 0
            [user_id] => 1
            [username] => admin
            [user_type] => Admin
            [nama_lengkap] => Administrator Sistem
            [email] => admin@smkn12jakarta.sch.id
            [nis_nip] => ADM001
            [kelas] => 
            [jurusan] => 
            [mata_pelajaran] => 
            [privilege_level] => Full_Access
            [phone_number] => 081234567890
            [avatar] => default-avatar.png
            [login_time] => 1772121860
        )

)

[2026-02-26 23:04:20] Library check - DATA: Array
(
    [pdf_library_available] => YES
    [pdf_path] => C:\xampp\htdocs\responsive-message-app\vendor\fpdf\fpdf.php
    [excel_library_available] => YES
    [excel_path] => C:\xampp\htdocs\responsive-message-app\vendor\phpoffice\phpspreadsheet\src\PhpSpreadsheet\Spreadsheet.php
    [vendor_autoload_exists] => YES
)

[2026-02-26 23:04:20] Attempting database connection
[2026-02-26 23:04:20] Database connected successfully
[2026-02-26 23:04:20] Total users: 59
[2026-02-26 23:04:20] Total messages: 7
[2026-02-26 23:04:20] Pending messages: 0
[2026-02-26 23:04:20] Expired messages: 0
[2026-02-26 23:04:20] Recent messages count: 7
[2026-02-26 23:04:20] Message stats count: 13
[2026-02-26 23:04:20] User growth data count: 2
[2026-02-26 23:04:20] Message status data count: 3
[2026-02-26 23:04:20] Daily messages data count: 1
[2026-02-26 23:04:20] Users by type data count: 12
[2026-02-26 23:04:20] Top users count: 5
[2026-02-26 23:04:20] Response stats - DATA: Array
(
    [total_messages] => 7
    [responded] => 4
    [response_rate] => 57.14
)

[2026-02-26 23:04:20] === CHECKING EXPORT PARAMETERS ===
[2026-02-26 23:04:20] GET export parameter: NOT SET
[2026-02-26 23:04:20] No export parameter detected, rendering normal dashboard
[2026-02-26 23:04:20] === SCRIPT END ===
[2026-02-26 23:04:25] === SCRIPT START ===
[2026-02-26 23:04:25] Request URI: /responsive-message-app/modules/admin/dashboard.php
[2026-02-26 23:04:25] Request Method: GET
[2026-02-26 23:04:25] GET Parameters: Array
(
)

[2026-02-26 23:04:25] Core files loaded
[2026-02-26 23:04:25] Auth check passed
[2026-02-26 23:04:25] User session data - DATA: Array
(
    [user_type] => Admin
    [privilege_level] => Full_Access
    [session_id] => io9mcss5k44pt1qrg5c0c3p8ci
    [session_data] => Array
        (
            [last_regeneration] => 1772121860
            [csrf_token] => 1668c20d380339a8aff69377145cf62c7c2c5aa78516a1a587fc25198efef004
            [login_attempts] => 0
            [user_id] => 1
            [username] => admin
            [user_type] => Admin
            [nama_lengkap] => Administrator Sistem
            [email] => admin@smkn12jakarta.sch.id
            [nis_nip] => ADM001
            [kelas] => 
            [jurusan] => 
            [mata_pelajaran] => 
            [privilege_level] => Full_Access
            [phone_number] => 081234567890
            [avatar] => default-avatar.png
            [login_time] => 1772121865
        )

)

[2026-02-26 23:04:25] Library check - DATA: Array
(
    [pdf_library_available] => YES
    [pdf_path] => C:\xampp\htdocs\responsive-message-app\vendor\fpdf\fpdf.php
    [excel_library_available] => YES
    [excel_path] => C:\xampp\htdocs\responsive-message-app\vendor\phpoffice\phpspreadsheet\src\PhpSpreadsheet\Spreadsheet.php
    [vendor_autoload_exists] => YES
)

[2026-02-26 23:04:25] Attempting database connection
[2026-02-26 23:04:25] Database connected successfully
[2026-02-26 23:04:25] Total users: 59
[2026-02-26 23:04:25] Total messages: 7
[2026-02-26 23:04:25] Pending messages: 0
[2026-02-26 23:04:25] Expired messages: 0
[2026-02-26 23:04:25] Recent messages count: 7
[2026-02-26 23:04:25] Message stats count: 13
[2026-02-26 23:04:25] User growth data count: 2
[2026-02-26 23:04:25] Message status data count: 3
[2026-02-26 23:04:25] Daily messages data count: 1
[2026-02-26 23:04:25] Users by type data count: 12
[2026-02-26 23:04:25] Top users count: 5
[2026-02-26 23:04:25] Response stats - DATA: Array
(
    [total_messages] => 7
    [responded] => 4
    [response_rate] => 57.14
)

[2026-02-26 23:04:25] === CHECKING EXPORT PARAMETERS ===
[2026-02-26 23:04:25] GET export parameter: NOT SET
[2026-02-26 23:04:25] No export parameter detected, rendering normal dashboard
[2026-02-26 23:04:25] === SCRIPT END ===
[2026-02-26 23:05:02] === SCRIPT START ===
[2026-02-26 23:05:02] Request URI: /responsive-message-app/modules/admin/dashboard.php
[2026-02-26 23:05:02] Request Method: GET
[2026-02-26 23:05:02] GET Parameters: Array
(
)

[2026-02-26 23:05:02] Core files loaded
[2026-02-26 23:05:02] Auth check passed
[2026-02-26 23:05:02] User session data - DATA: Array
(
    [user_type] => Admin
    [privilege_level] => Full_Access
    [session_id] => u3ve53jmceskkqvf0oqb3lthar
    [session_data] => Array
        (
            [last_regeneration] => 1772121871
            [csrf_token] => 71dd91ee9f7ae723f977e80faf5b69c99b1de8210ac4ef4a12b6e3ad19278926
            [login_attempts] => 0
            [user_id] => 1
            [username] => admin
            [user_type] => Admin
            [nama_lengkap] => Administrator Sistem
            [email] => admin@smkn12jakarta.sch.id
            [nis_nip] => ADM001
            [kelas] => 
            [jurusan] => 
            [mata_pelajaran] => 
            [privilege_level] => Full_Access
            [phone_number] => 081234567890
            [avatar] => default-avatar.png
            [login_time] => 1772121902
        )

)

[2026-02-26 23:05:02] Library check - DATA: Array
(
    [pdf_library_available] => YES
    [pdf_path] => C:\xampp\htdocs\responsive-message-app\vendor\fpdf\fpdf.php
    [excel_library_available] => YES
    [excel_path] => C:\xampp\htdocs\responsive-message-app\vendor\phpoffice\phpspreadsheet\src\PhpSpreadsheet\Spreadsheet.php
    [vendor_autoload_exists] => YES
)

[2026-02-26 23:05:02] Attempting database connection
[2026-02-26 23:05:02] Database connected successfully
[2026-02-26 23:05:02] Total users: 59
[2026-02-26 23:05:02] Total messages: 7
[2026-02-26 23:05:02] Pending messages: 0
[2026-02-26 23:05:02] Expired messages: 0
[2026-02-26 23:05:02] Recent messages count: 7
[2026-02-26 23:05:02] Message stats count: 13
[2026-02-26 23:05:02] User growth data count: 2
[2026-02-26 23:05:02] Message status data count: 3
[2026-02-26 23:05:02] Daily messages data count: 1
[2026-02-26 23:05:02] Users by type data count: 12
[2026-02-26 23:05:02] Top users count: 5
[2026-02-26 23:05:02] Response stats - DATA: Array
(
    [total_messages] => 7
    [responded] => 4
    [response_rate] => 57.14
)

[2026-02-26 23:05:02] === CHECKING EXPORT PARAMETERS ===
[2026-02-26 23:05:02] GET export parameter: NOT SET
[2026-02-26 23:05:02] No export parameter detected, rendering normal dashboard
[2026-02-26 23:05:02] === SCRIPT END ===
[2026-02-26 23:05:14] === SCRIPT START ===
[2026-02-26 23:05:14] Request URI: /responsive-message-app/modules/admin/dashboard.php
[2026-02-26 23:05:14] Request Method: GET
[2026-02-26 23:05:14] GET Parameters: Array
(
)

[2026-02-26 23:05:14] Core files loaded
[2026-02-26 23:05:14] Auth check passed
[2026-02-26 23:05:14] User session data - DATA: Array
(
    [user_type] => Admin
    [privilege_level] => Full_Access
    [session_id] => u3ve53jmceskkqvf0oqb3lthar
    [session_data] => Array
        (
            [last_regeneration] => 1772121871
            [csrf_token] => 71dd91ee9f7ae723f977e80faf5b69c99b1de8210ac4ef4a12b6e3ad19278926
            [login_attempts] => 0
            [user_id] => 1
            [username] => admin
            [user_type] => Admin
            [nama_lengkap] => Administrator Sistem
            [email] => admin@smkn12jakarta.sch.id
            [nis_nip] => ADM001
            [kelas] => 
            [jurusan] => 
            [mata_pelajaran] => 
            [privilege_level] => Full_Access
            [phone_number] => 081234567890
            [avatar] => default-avatar.png
            [login_time] => 1772121914
        )

)

[2026-02-26 23:05:14] Library check - DATA: Array
(
    [pdf_library_available] => YES
    [pdf_path] => C:\xampp\htdocs\responsive-message-app\vendor\fpdf\fpdf.php
    [excel_library_available] => YES
    [excel_path] => C:\xampp\htdocs\responsive-message-app\vendor\phpoffice\phpspreadsheet\src\PhpSpreadsheet\Spreadsheet.php
    [vendor_autoload_exists] => YES
)

[2026-02-26 23:05:14] Attempting database connection
[2026-02-26 23:05:14] Database connected successfully
[2026-02-26 23:05:14] Total users: 59
[2026-02-26 23:05:14] Total messages: 7
[2026-02-26 23:05:14] Pending messages: 0
[2026-02-26 23:05:14] Expired messages: 0
[2026-02-26 23:05:14] Recent messages count: 7
[2026-02-26 23:05:14] Message stats count: 13
[2026-02-26 23:05:14] User growth data count: 2
[2026-02-26 23:05:14] Message status data count: 3
[2026-02-26 23:05:14] Daily messages data count: 1
[2026-02-26 23:05:15] Users by type data count: 12
[2026-02-26 23:05:15] Top users count: 5
[2026-02-26 23:05:15] Response stats - DATA: Array
(
    [total_messages] => 7
    [responded] => 4
    [response_rate] => 57.14
)

[2026-02-26 23:05:15] === CHECKING EXPORT PARAMETERS ===
[2026-02-26 23:05:15] GET export parameter: NOT SET
[2026-02-26 23:05:15] No export parameter detected, rendering normal dashboard
[2026-02-26 23:05:15] === SCRIPT END ===
[2026-02-26 23:05:25] === SCRIPT START ===
[2026-02-26 23:05:25] Request URI: /responsive-message-app/modules/admin/dashboard.php
[2026-02-26 23:05:25] Request Method: GET
[2026-02-26 23:05:25] GET Parameters: Array
(
)

[2026-02-26 23:05:25] Core files loaded
[2026-02-26 23:05:25] Auth check passed
[2026-02-26 23:05:25] User session data - DATA: Array
(
    [user_type] => Admin
    [privilege_level] => Full_Access
    [session_id] => u3ve53jmceskkqvf0oqb3lthar
    [session_data] => Array
        (
            [last_regeneration] => 1772121871
            [csrf_token] => 71dd91ee9f7ae723f977e80faf5b69c99b1de8210ac4ef4a12b6e3ad19278926
            [login_attempts] => 0
            [user_id] => 1
            [username] => admin
            [user_type] => Admin
            [nama_lengkap] => Administrator Sistem
            [email] => admin@smkn12jakarta.sch.id
            [nis_nip] => ADM001
            [kelas] => 
            [jurusan] => 
            [mata_pelajaran] => 
            [privilege_level] => Full_Access
            [phone_number] => 081234567890
            [avatar] => default-avatar.png
            [login_time] => 1772121925
        )

)

[2026-02-26 23:05:25] Library check - DATA: Array
(
    [pdf_library_available] => YES
    [pdf_path] => C:\xampp\htdocs\responsive-message-app\vendor\fpdf\fpdf.php
    [excel_library_available] => YES
    [excel_path] => C:\xampp\htdocs\responsive-message-app\vendor\phpoffice\phpspreadsheet\src\PhpSpreadsheet\Spreadsheet.php
    [vendor_autoload_exists] => YES
)

[2026-02-26 23:05:25] Attempting database connection
[2026-02-26 23:05:25] Database connected successfully
[2026-02-26 23:05:25] Total users: 59
[2026-02-26 23:05:25] Total messages: 7
[2026-02-26 23:05:25] Pending messages: 0
[2026-02-26 23:05:25] Expired messages: 0
[2026-02-26 23:05:25] Recent messages count: 7
[2026-02-26 23:05:25] Message stats count: 13
[2026-02-26 23:05:25] User growth data count: 2
[2026-02-26 23:05:25] Message status data count: 3
[2026-02-26 23:05:25] Daily messages data count: 1
[2026-02-26 23:05:25] Users by type data count: 12
[2026-02-26 23:05:25] Top users count: 5
[2026-02-26 23:05:25] Response stats - DATA: Array
(
    [total_messages] => 7
    [responded] => 4
    [response_rate] => 57.14
)

[2026-02-26 23:05:25] === CHECKING EXPORT PARAMETERS ===
[2026-02-26 23:05:25] GET export parameter: NOT SET
[2026-02-26 23:05:25] No export parameter detected, rendering normal dashboard
[2026-02-26 23:05:25] === SCRIPT END ===
[2026-02-26 23:05:32] === SCRIPT START ===
[2026-02-26 23:05:32] Request URI: /responsive-message-app/modules/admin/dashboard.php
[2026-02-26 23:05:32] Request Method: GET
[2026-02-26 23:05:32] GET Parameters: Array
(
)

[2026-02-26 23:05:32] Core files loaded
[2026-02-26 23:05:32] Auth check passed
[2026-02-26 23:05:32] User session data - DATA: Array
(
    [user_type] => Admin
    [privilege_level] => Full_Access
    [session_id] => u3ve53jmceskkqvf0oqb3lthar
    [session_data] => Array
        (
            [last_regeneration] => 1772121871
            [csrf_token] => 71dd91ee9f7ae723f977e80faf5b69c99b1de8210ac4ef4a12b6e3ad19278926
            [login_attempts] => 0
            [user_id] => 1
            [username] => admin
            [user_type] => Admin
            [nama_lengkap] => Administrator Sistem
            [email] => admin@smkn12jakarta.sch.id
            [nis_nip] => ADM001
            [kelas] => 
            [jurusan] => 
            [mata_pelajaran] => 
            [privilege_level] => Full_Access
            [phone_number] => 081234567890
            [avatar] => default-avatar.png
            [login_time] => 1772121932
        )

)

[2026-02-26 23:05:32] Library check - DATA: Array
(
    [pdf_library_available] => YES
    [pdf_path] => C:\xampp\htdocs\responsive-message-app\vendor\fpdf\fpdf.php
    [excel_library_available] => YES
    [excel_path] => C:\xampp\htdocs\responsive-message-app\vendor\phpoffice\phpspreadsheet\src\PhpSpreadsheet\Spreadsheet.php
    [vendor_autoload_exists] => YES
)

[2026-02-26 23:05:32] Attempting database connection
[2026-02-26 23:05:32] Database connected successfully
[2026-02-26 23:05:32] Total users: 59
[2026-02-26 23:05:32] Total messages: 7
[2026-02-26 23:05:32] Pending messages: 0
[2026-02-26 23:05:32] Expired messages: 0
[2026-02-26 23:05:32] Recent messages count: 7
[2026-02-26 23:05:32] Message stats count: 13
[2026-02-26 23:05:32] User growth data count: 2
[2026-02-26 23:05:32] Message status data count: 3
[2026-02-26 23:05:32] Daily messages data count: 1
[2026-02-26 23:05:32] Users by type data count: 12
[2026-02-26 23:05:32] Top users count: 5
[2026-02-26 23:05:32] Response stats - DATA: Array
(
    [total_messages] => 7
    [responded] => 4
    [response_rate] => 57.14
)

[2026-02-26 23:05:32] === CHECKING EXPORT PARAMETERS ===
[2026-02-26 23:05:32] GET export parameter: NOT SET
[2026-02-26 23:05:32] No export parameter detected, rendering normal dashboard
[2026-02-26 23:05:32] === SCRIPT END ===
[2026-02-26 23:05:37] === SCRIPT START ===
[2026-02-26 23:05:37] Request URI: /responsive-message-app/modules/admin/dashboard.php
[2026-02-26 23:05:37] Request Method: GET
[2026-02-26 23:05:37] GET Parameters: Array
(
)

[2026-02-26 23:05:37] Core files loaded
[2026-02-26 23:05:37] Auth check passed
[2026-02-26 23:05:37] User session data - DATA: Array
(
    [user_type] => Admin
    [privilege_level] => Full_Access
    [session_id] => u3ve53jmceskkqvf0oqb3lthar
    [session_data] => Array
        (
            [last_regeneration] => 1772121871
            [csrf_token] => 71dd91ee9f7ae723f977e80faf5b69c99b1de8210ac4ef4a12b6e3ad19278926
            [login_attempts] => 0
            [user_id] => 1
            [username] => admin
            [user_type] => Admin
            [nama_lengkap] => Administrator Sistem
            [email] => admin@smkn12jakarta.sch.id
            [nis_nip] => ADM001
            [kelas] => 
            [jurusan] => 
            [mata_pelajaran] => 
            [privilege_level] => Full_Access
            [phone_number] => 081234567890
            [avatar] => default-avatar.png
            [login_time] => 1772121937
        )

)

[2026-02-26 23:05:37] Library check - DATA: Array
(
    [pdf_library_available] => YES
    [pdf_path] => C:\xampp\htdocs\responsive-message-app\vendor\fpdf\fpdf.php
    [excel_library_available] => YES
    [excel_path] => C:\xampp\htdocs\responsive-message-app\vendor\phpoffice\phpspreadsheet\src\PhpSpreadsheet\Spreadsheet.php
    [vendor_autoload_exists] => YES
)

[2026-02-26 23:05:37] Attempting database connection
[2026-02-26 23:05:37] Database connected successfully
[2026-02-26 23:05:37] Total users: 59
[2026-02-26 23:05:37] Total messages: 7
[2026-02-26 23:05:37] Pending messages: 0
[2026-02-26 23:05:37] Expired messages: 0
[2026-02-26 23:05:37] Recent messages count: 7
[2026-02-26 23:05:37] Message stats count: 13
[2026-02-26 23:05:37] User growth data count: 2
[2026-02-26 23:05:37] Message status data count: 3
[2026-02-26 23:05:37] Daily messages data count: 1
[2026-02-26 23:05:37] Users by type data count: 12
[2026-02-26 23:05:37] Top users count: 5
[2026-02-26 23:05:37] Response stats - DATA: Array
(
    [total_messages] => 7
    [responded] => 4
    [response_rate] => 57.14
)

[2026-02-26 23:05:37] === CHECKING EXPORT PARAMETERS ===
[2026-02-26 23:05:37] GET export parameter: NOT SET
[2026-02-26 23:05:37] No export parameter detected, rendering normal dashboard
[2026-02-26 23:05:37] === SCRIPT END ===
