
[2026-02-15 17:18:13] ========== FOLLOWUP.PHP START ==========
[2026-02-15 17:18:14] [ERROR] REDIRECT DARI RESPONSE.PHP DENGAN ERROR - Array
(
    [error] => unauthorized
    [referer] => http://localhost:8080/responsive-message-app/modules/guru/followup.php?status=all&priority=all&source=all&search=
    [query_string] => error=unauthorized
)

[2026-02-15 17:18:14] [ERROR] !!! ERROR UNAUTHORIZED TERJADI !!!

[2026-02-15 17:18:29] ========== FOLLOWUP.PHP START ==========

[2026-02-15 17:18:55] ========== FOLLOWUP.PHP START ==========
[2026-02-15 17:18:55] [ERROR] REDIRECT DARI RESPONSE.PHP DENGAN ERROR - Array
(
    [error] => unauthorized
    [referer] => http://localhost:8080/responsive-message-app/modules/guru/followup.php?status=all&priority=all&source=all&search=
    [query_string] => error=unauthorized
)

[2026-02-15 17:18:55] [ERROR] !!! ERROR UNAUTHORIZED TERJADI !!!

[2026-02-15 17:26:59] ========== FOLLOWUP.PHP START ==========
[2026-02-15 17:26:59] [ERROR] REDIRECT DARI RESPONSE.PHP DENGAN ERROR - Array
(
    [error] => unauthorized
    [referer] => http://localhost:8080/responsive-message-app/modules/guru/followup.php?status=all&priority=all&source=all&search=
    [query_string] => error=unauthorized
)

[2026-02-15 17:26:59] [ERROR] !!! ERROR UNAUTHORIZED TERJADI !!!

[2026-02-15 17:27:13] ========== FOLLOWUP.PHP START ==========

[2026-02-15 17:27:31] ========== FOLLOWUP.PHP START ==========

[2026-02-15 17:27:39] ========== FOLLOWUP.PHP START ==========
[2026-02-15 17:27:39] [ERROR] REDIRECT DARI RESPONSE.PHP DENGAN ERROR - Array
(
    [error] => unauthorized
    [referer] => http://localhost:8080/responsive-message-app/modules/guru/followup.php?status=all&priority=all&source=all&search=
    [query_string] => error=unauthorized
)

[2026-02-15 17:27:39] [ERROR] !!! ERROR UNAUTHORIZED TERJADI !!!

[2026-02-15 17:46:35] ========== FOLLOWUP.PHP START ==========

[2026-02-15 17:46:42] ========== FOLLOWUP.PHP START ==========

[2026-02-15 17:46:51] ========== FOLLOWUP.PHP START ==========

[2026-02-15 17:47:08] ========== FOLLOWUP.PHP START ==========

[2026-02-15 17:47:16] ========== FOLLOWUP.PHP START ==========

[2026-02-15 17:53:07] ========== FOLLOWUP.PHP START ==========

[2026-02-15 17:53:13] ========== FOLLOWUP.PHP START ==========

[2026-02-15 17:53:31] ========== FOLLOWUP.PHP START ==========

[2026-02-15 17:53:44] ========== FOLLOWUP.PHP START ==========

[2026-02-15 17:53:52] ========== FOLLOWUP.PHP START ==========

[2026-02-15 18:07:35] ========== FOLLOWUP.PHP START ==========

[2026-02-15 18:07:44] ========== FOLLOWUP.PHP START ==========

[2026-02-15 18:08:01] ========== FOLLOWUP.PHP START ==========

[2026-02-15 18:09:51] ========== FOLLOWUP.PHP START ==========

[2026-02-15 18:16:09] ========== FOLLOWUP.PHP START ==========

[2026-02-15 18:16:29] ========== FOLLOWUP.PHP START ==========

[2026-02-15 18:16:47] ========== FOLLOWUP.PHP START ==========

[2026-02-15 18:18:49] ========== FOLLOWUP.PHP START ==========

[2026-02-15 18:23:10] ========== FOLLOWUP.PHP START ==========

[2026-02-15 18:59:15] ========== FOLLOWUP.PHP START ==========

[2026-02-15 19:01:15] ========== FOLLOWUP.PHP START ==========

[2026-02-15 20:38:57] ========== FOLLOWUP.PHP START ==========

[2026-02-15 20:39:08] ========== FOLLOWUP.PHP START ==========
[2026-02-15 20:39:08] [ERROR] ACCESS DENIED - User type tidak diizinkan - Guru

[2026-02-15 20:43:53] ========== FOLLOWUP.PHP START ==========
[2026-02-15 20:43:53] [ERROR] ACCESS DENIED - User type tidak diizinkan - Guru

[2026-02-15 20:51:03] ========== FOLLOWUP.PHP START ==========

[2026-02-15 20:51:21] ========== FOLLOWUP.PHP START ==========
[2026-02-15 20:51:21] [ERROR] ACCESS DENIED - User type tidak diizinkan - Guru

[2026-02-15 21:00:37] ========== FOLLOWUP.PHP START ==========
[2026-02-15 21:00:37] [ERROR] ACCESS DENIED - User type tidak diizinkan - Guru

[2026-02-15 21:10:34] ========== FOLLOWUP.PHP START ==========

[2026-02-15 21:11:40] ========== FOLLOWUP.PHP START ==========

[2026-02-15 21:11:50] ========== FOLLOWUP.PHP START ==========
[2026-02-15 21:11:50] [ERROR] ACCESS DENIED - User type tidak diizinkan - Guru

[2026-02-15 21:15:37] ========== FOLLOWUP.PHP START ==========
[2026-02-15 21:15:37] [ERROR] ACCESS DENIED - User type tidak diizinkan - Guru

[2026-02-15 21:33:51] ========== FOLLOWUP.PHP START ==========
[2026-02-15 21:33:51] [ERROR] ACCESS DENIED - User type tidak diizinkan - Guru

[2026-02-15 21:34:07] ========== FOLLOWUP.PHP START ==========
[2026-02-15 21:34:07] [ERROR] ACCESS DENIED - User type tidak diizinkan - Guru

[2026-02-15 21:35:21] ========== FOLLOWUP.PHP START ==========

[2026-02-15 21:54:12] ========== FOLLOWUP.PHP START ==========

[2026-02-15 21:54:23] ========== FOLLOWUP.PHP START ==========
[2026-02-15 21:54:23] [ERROR] ACCESS DENIED - User type tidak diizinkan - Guru

[2026-02-15 22:12:59] ========== FOLLOWUP.PHP START ==========

[2026-02-15 22:13:58] ========== FOLLOWUP.PHP START ==========
[2026-02-15 22:13:58] [ERROR] ACCESS DENIED - User type tidak diizinkan - Siswa

[2026-02-15 22:16:17] ========== FOLLOWUP.PHP START ==========
[2026-02-15 22:16:17] [ERROR] ACCESS DENIED - User type tidak diizinkan - Guru

[2026-02-15 22:16:26] ========== FOLLOWUP.PHP START ==========
[2026-02-15 22:16:26] [ERROR] ACCESS DENIED - User type tidak diizinkan - Guru

[2026-02-15 22:33:29] ========== FOLLOWUP.PHP START ==========

[2026-02-15 22:33:42] ========== FOLLOWUP.PHP START ==========
[2026-02-15 22:33:42] [ERROR] ACCESS DENIED - User type tidak diizinkan - Guru

[2026-02-15 22:43:08] ========== FOLLOWUP.PHP START ==========

[2026-02-15 22:43:47] ========== FOLLOWUP.PHP START ==========
[2026-02-15 22:43:47] [ERROR] ACCESS DENIED - User type tidak diizinkan - Siswa

[2026-02-15 22:45:04] ========== FOLLOWUP.PHP START ==========

[2026-02-15 22:46:13] ========== FOLLOWUP.PHP START ==========
[2026-02-15 22:46:13] [ERROR] ACCESS DENIED - User type tidak diizinkan - Siswa

[2026-02-15 22:52:34] ========== FOLLOWUP.PHP START ==========

[2026-02-15 23:06:04] ========== FOLLOWUP.PHP START ==========

[2026-02-15 23:06:04] ========== FOLLOWUP.PHP START ==========

[2026-02-15 23:06:04] ========== FOLLOWUP.PHP START ==========

[2026-02-15 23:06:04] ========== FOLLOWUP.PHP START ==========

[2026-02-15 23:07:16] ========== FOLLOWUP.PHP START ==========

[2026-02-15 23:07:16] ========== FOLLOWUP.PHP START ==========

[2026-02-15 23:07:16] ========== FOLLOWUP.PHP START ==========

[2026-02-15 23:07:16] ========== FOLLOWUP.PHP START ==========

[2026-02-15 23:07:35] ========== FOLLOWUP.PHP START ==========

[2026-02-15 23:07:36] ========== FOLLOWUP.PHP START ==========

[2026-02-15 23:07:36] ========== FOLLOWUP.PHP START ==========

[2026-02-15 23:07:36] ========== FOLLOWUP.PHP START ==========

[2026-02-16 09:00:32] ========== FOLLOWUP.PHP START ==========

[2026-02-16 09:00:39] ========== FOLLOWUP.PHP START ==========

[2026-02-16 09:00:43] ========== FOLLOWUP.PHP START ==========

[2026-02-16 09:00:48] ========== FOLLOWUP.PHP START ==========

[2026-02-16 09:01:04] ========== FOLLOWUP.PHP START ==========

[2026-02-16 09:01:24] ========== FOLLOWUP.PHP START ==========

[2026-02-16 09:01:42] ========== FOLLOWUP.PHP START ==========
[2026-02-16 09:01:42] [ERROR] ACCESS DENIED - User type tidak diizinkan - Guru

[2026-02-16 09:03:13] ========== FOLLOWUP.PHP START ==========

[2026-02-16 09:05:25] ========== FOLLOWUP.PHP START ==========
[2026-02-16 09:05:25] [ERROR] ACCESS DENIED - User type tidak diizinkan - Siswa

[2026-02-16 09:07:48] ========== FOLLOWUP.PHP START ==========
[2026-02-16 09:07:48] [ERROR] ACCESS DENIED - User type tidak diizinkan - Guru

[2026-02-16 09:32:18] ========== FOLLOWUP.PHP START ==========

[2026-02-16 09:32:39] ========== FOLLOWUP.PHP START ==========
[2026-02-16 09:32:39] [ERROR] ACCESS DENIED - User type tidak diizinkan - Siswa

[2026-02-16 09:32:46] ========== FOLLOWUP.PHP START ==========
[2026-02-16 09:32:46] [ERROR] ACCESS DENIED - User type tidak diizinkan - Guru

[2026-02-16 09:33:12] ========== FOLLOWUP.PHP START ==========
[2026-02-16 09:33:12] [ERROR] ACCESS DENIED - User type tidak diizinkan - Guru

[2026-02-16 09:46:13] ========== FOLLOWUP.PHP START ==========

[2026-02-16 09:46:27] ========== FOLLOWUP.PHP START ==========
[2026-02-16 09:46:27] [ERROR] ACCESS DENIED - User type tidak diizinkan - Siswa

[2026-02-16 09:58:41] ========== FOLLOWUP.PHP START ==========
[2026-02-16 09:58:41] [ERROR] ACCESS DENIED - User type tidak diizinkan - Guru

[2026-02-16 10:53:12] ========== FOLLOWUP.PHP START ==========

[2026-02-16 10:57:07] ========== FOLLOWUP.PHP START ==========
[2026-02-16 10:57:07] [ERROR] ACCESS DENIED - User type tidak diizinkan - Siswa

[2026-02-16 10:57:16] ========== FOLLOWUP.PHP START ==========
[2026-02-16 10:57:16] [ERROR] ACCESS DENIED - User type tidak diizinkan - Guru

[2026-02-16 10:57:16] ========== FOLLOWUP.PHP START ==========
[2026-02-16 10:57:16] [ERROR] ACCESS DENIED - User type tidak diizinkan - Guru

[2026-02-16 10:57:16] ========== FOLLOWUP.PHP START ==========
[2026-02-16 10:57:17] [ERROR] ACCESS DENIED - User type tidak diizinkan - Guru

[2026-02-16 10:57:17] ========== FOLLOWUP.PHP START ==========
[2026-02-16 10:57:17] [ERROR] ACCESS DENIED - User type tidak diizinkan - Guru

[2026-02-16 10:57:17] ========== FOLLOWUP.PHP START ==========
[2026-02-16 10:57:17] [ERROR] ACCESS DENIED - User type tidak diizinkan - Guru

[2026-02-16 10:57:17] ========== FOLLOWUP.PHP START ==========
[2026-02-16 10:57:17] [ERROR] ACCESS DENIED - User type tidak diizinkan - Guru

[2026-02-16 10:57:17] ========== FOLLOWUP.PHP START ==========
[2026-02-16 10:57:17] [ERROR] ACCESS DENIED - User type tidak diizinkan - Guru

[2026-02-16 10:57:24] ========== FOLLOWUP.PHP START ==========
[2026-02-16 10:57:24] [ERROR] ACCESS DENIED - User type tidak diizinkan - Guru

[2026-02-16 10:57:24] ========== FOLLOWUP.PHP START ==========
[2026-02-16 10:57:24] [ERROR] ACCESS DENIED - User type tidak diizinkan - Guru

[2026-02-16 10:57:24] ========== FOLLOWUP.PHP START ==========
[2026-02-16 10:57:24] [ERROR] ACCESS DENIED - User type tidak diizinkan - Guru

[2026-02-16 10:57:24] ========== FOLLOWUP.PHP START ==========
[2026-02-16 10:57:25] [ERROR] ACCESS DENIED - User type tidak diizinkan - Guru

[2026-02-16 10:57:25] ========== FOLLOWUP.PHP START ==========
[2026-02-16 10:57:25] [ERROR] ACCESS DENIED - User type tidak diizinkan - Guru

[2026-02-16 10:57:25] ========== FOLLOWUP.PHP START ==========
[2026-02-16 10:57:25] [ERROR] ACCESS DENIED - User type tidak diizinkan - Guru

[2026-02-16 10:57:25] ========== FOLLOWUP.PHP START ==========
[2026-02-16 10:57:25] [ERROR] ACCESS DENIED - User type tidak diizinkan - Guru

[2026-02-16 10:59:39] ========== FOLLOWUP.PHP START ==========
[2026-02-16 10:59:39] [ERROR] ACCESS DENIED - User type tidak diizinkan - Guru

[2026-02-16 10:59:39] ========== FOLLOWUP.PHP START ==========
[2026-02-16 10:59:39] [ERROR] ACCESS DENIED - User type tidak diizinkan - Guru

[2026-02-16 10:59:39] ========== FOLLOWUP.PHP START ==========
[2026-02-16 10:59:39] [ERROR] ACCESS DENIED - User type tidak diizinkan - Guru

[2026-02-16 10:59:39] ========== FOLLOWUP.PHP START ==========
[2026-02-16 10:59:39] [ERROR] ACCESS DENIED - User type tidak diizinkan - Guru

[2026-02-16 10:59:39] ========== FOLLOWUP.PHP START ==========
[2026-02-16 10:59:39] [ERROR] ACCESS DENIED - User type tidak diizinkan - Guru

[2026-02-16 10:59:40] ========== FOLLOWUP.PHP START ==========
[2026-02-16 10:59:40] [ERROR] ACCESS DENIED - User type tidak diizinkan - Guru

[2026-02-16 10:59:40] ========== FOLLOWUP.PHP START ==========
[2026-02-16 10:59:40] [ERROR] ACCESS DENIED - User type tidak diizinkan - Guru

[2026-02-16 10:59:49] ========== FOLLOWUP.PHP START ==========
[2026-02-16 10:59:49] [ERROR] ACCESS DENIED - User type tidak diizinkan - Guru

[2026-02-16 10:59:49] ========== FOLLOWUP.PHP START ==========
[2026-02-16 10:59:49] [ERROR] ACCESS DENIED - User type tidak diizinkan - Guru

[2026-02-16 10:59:49] ========== FOLLOWUP.PHP START ==========
[2026-02-16 10:59:49] [ERROR] ACCESS DENIED - User type tidak diizinkan - Guru

[2026-02-16 10:59:50] ========== FOLLOWUP.PHP START ==========
[2026-02-16 10:59:50] [ERROR] ACCESS DENIED - User type tidak diizinkan - Guru

[2026-02-16 10:59:50] ========== FOLLOWUP.PHP START ==========
[2026-02-16 10:59:50] [ERROR] ACCESS DENIED - User type tidak diizinkan - Guru

[2026-02-16 10:59:50] ========== FOLLOWUP.PHP START ==========
[2026-02-16 10:59:50] [ERROR] ACCESS DENIED - User type tidak diizinkan - Guru

[2026-02-16 10:59:50] ========== FOLLOWUP.PHP START ==========
[2026-02-16 10:59:50] [ERROR] ACCESS DENIED - User type tidak diizinkan - Guru

[2026-02-16 11:00:01] ========== FOLLOWUP.PHP START ==========
[2026-02-16 11:00:01] [ERROR] ACCESS DENIED - User type tidak diizinkan - Guru

[2026-02-16 11:00:01] ========== FOLLOWUP.PHP START ==========
[2026-02-16 11:00:01] [ERROR] ACCESS DENIED - User type tidak diizinkan - Guru

[2026-02-16 11:00:01] ========== FOLLOWUP.PHP START ==========
[2026-02-16 11:00:01] [ERROR] ACCESS DENIED - User type tidak diizinkan - Guru

[2026-02-16 11:00:02] ========== FOLLOWUP.PHP START ==========
[2026-02-16 11:00:02] [ERROR] ACCESS DENIED - User type tidak diizinkan - Guru

[2026-02-16 11:00:02] ========== FOLLOWUP.PHP START ==========
[2026-02-16 11:00:02] [ERROR] ACCESS DENIED - User type tidak diizinkan - Guru

[2026-02-16 11:00:02] ========== FOLLOWUP.PHP START ==========
[2026-02-16 11:00:02] [ERROR] ACCESS DENIED - User type tidak diizinkan - Guru

[2026-02-16 11:00:02] ========== FOLLOWUP.PHP START ==========
[2026-02-16 11:00:02] [ERROR] ACCESS DENIED - User type tidak diizinkan - Guru

[2026-02-16 11:00:19] ========== FOLLOWUP.PHP START ==========
[2026-02-16 11:00:19] [ERROR] ACCESS DENIED - User type tidak diizinkan - Guru

[2026-02-16 11:00:19] ========== FOLLOWUP.PHP START ==========
[2026-02-16 11:00:19] [ERROR] ACCESS DENIED - User type tidak diizinkan - Guru

[2026-02-16 11:00:19] ========== FOLLOWUP.PHP START ==========
[2026-02-16 11:00:19] [ERROR] ACCESS DENIED - User type tidak diizinkan - Guru

[2026-02-16 11:00:19] ========== FOLLOWUP.PHP START ==========
[2026-02-16 11:00:19] [ERROR] ACCESS DENIED - User type tidak diizinkan - Guru

[2026-02-16 11:00:19] ========== FOLLOWUP.PHP START ==========
[2026-02-16 11:00:19] [ERROR] ACCESS DENIED - User type tidak diizinkan - Guru

[2026-02-16 11:00:19] ========== FOLLOWUP.PHP START ==========
[2026-02-16 11:00:19] [ERROR] ACCESS DENIED - User type tidak diizinkan - Guru

[2026-02-16 11:00:19] ========== FOLLOWUP.PHP START ==========
[2026-02-16 11:00:19] [ERROR] ACCESS DENIED - User type tidak diizinkan - Guru

[2026-02-16 11:00:27] ========== FOLLOWUP.PHP START ==========
[2026-02-16 11:00:27] [ERROR] ACCESS DENIED - User type tidak diizinkan - Guru

[2026-02-16 11:00:27] ========== FOLLOWUP.PHP START ==========
[2026-02-16 11:00:27] [ERROR] ACCESS DENIED - User type tidak diizinkan - Guru

[2026-02-16 11:00:28] ========== FOLLOWUP.PHP START ==========
[2026-02-16 11:00:28] [ERROR] ACCESS DENIED - User type tidak diizinkan - Guru

[2026-02-16 11:00:28] ========== FOLLOWUP.PHP START ==========
[2026-02-16 11:00:28] [ERROR] ACCESS DENIED - User type tidak diizinkan - Guru

[2026-02-16 11:00:28] ========== FOLLOWUP.PHP START ==========
[2026-02-16 11:00:28] [ERROR] ACCESS DENIED - User type tidak diizinkan - Guru

[2026-02-16 11:00:28] ========== FOLLOWUP.PHP START ==========
[2026-02-16 11:00:28] [ERROR] ACCESS DENIED - User type tidak diizinkan - Guru

[2026-02-16 11:00:28] ========== FOLLOWUP.PHP START ==========
[2026-02-16 11:00:28] [ERROR] ACCESS DENIED - User type tidak diizinkan - Guru

[2026-02-16 11:04:34] ========== FOLLOWUP.PHP START ==========

[2026-02-16 11:04:56] ========== FOLLOWUP.PHP START ==========
[2026-02-16 11:04:56] [ERROR] ACCESS DENIED - User type tidak diizinkan - Guru

[2026-02-16 11:04:56] ========== FOLLOWUP.PHP START ==========
[2026-02-16 11:04:56] [ERROR] ACCESS DENIED - User type tidak diizinkan - Guru

[2026-02-16 11:04:56] ========== FOLLOWUP.PHP START ==========
[2026-02-16 11:04:56] [ERROR] ACCESS DENIED - User type tidak diizinkan - Guru

[2026-02-16 11:04:56] ========== FOLLOWUP.PHP START ==========
[2026-02-16 11:04:56] [ERROR] ACCESS DENIED - User type tidak diizinkan - Guru

[2026-02-16 11:04:57] ========== FOLLOWUP.PHP START ==========
[2026-02-16 11:04:57] [ERROR] ACCESS DENIED - User type tidak diizinkan - Guru

[2026-02-16 11:04:57] ========== FOLLOWUP.PHP START ==========
[2026-02-16 11:04:57] [ERROR] ACCESS DENIED - User type tidak diizinkan - Guru

[2026-02-16 11:04:57] ========== FOLLOWUP.PHP START ==========
[2026-02-16 11:04:57] [ERROR] ACCESS DENIED - User type tidak diizinkan - Guru

[2026-02-16 11:05:07] ========== FOLLOWUP.PHP START ==========
[2026-02-16 11:05:07] [ERROR] ACCESS DENIED - User type tidak diizinkan - Guru

[2026-02-16 11:05:07] ========== FOLLOWUP.PHP START ==========
[2026-02-16 11:05:07] [ERROR] ACCESS DENIED - User type tidak diizinkan - Guru

[2026-02-16 11:05:08] ========== FOLLOWUP.PHP START ==========
[2026-02-16 11:05:08] [ERROR] ACCESS DENIED - User type tidak diizinkan - Guru

[2026-02-16 11:05:08] ========== FOLLOWUP.PHP START ==========
[2026-02-16 11:05:08] [ERROR] ACCESS DENIED - User type tidak diizinkan - Guru

[2026-02-16 11:05:08] ========== FOLLOWUP.PHP START ==========
[2026-02-16 11:05:08] [ERROR] ACCESS DENIED - User type tidak diizinkan - Guru

[2026-02-16 11:05:08] ========== FOLLOWUP.PHP START ==========
[2026-02-16 11:05:08] [ERROR] ACCESS DENIED - User type tidak diizinkan - Guru

[2026-02-16 11:05:08] ========== FOLLOWUP.PHP START ==========
[2026-02-16 11:05:08] [ERROR] ACCESS DENIED - User type tidak diizinkan - Guru

[2026-02-16 11:05:09] ========== FOLLOWUP.PHP START ==========
[2026-02-16 11:05:09] [ERROR] ACCESS DENIED - User type tidak diizinkan - Guru

[2026-02-16 11:05:09] ========== FOLLOWUP.PHP START ==========
[2026-02-16 11:05:09] [ERROR] ACCESS DENIED - User type tidak diizinkan - Guru

[2026-02-16 11:05:09] ========== FOLLOWUP.PHP START ==========
[2026-02-16 11:05:09] [ERROR] ACCESS DENIED - User type tidak diizinkan - Guru

[2026-02-16 11:05:09] ========== FOLLOWUP.PHP START ==========
[2026-02-16 11:05:09] [ERROR] ACCESS DENIED - User type tidak diizinkan - Guru

[2026-02-16 11:05:09] ========== FOLLOWUP.PHP START ==========
[2026-02-16 11:05:09] [ERROR] ACCESS DENIED - User type tidak diizinkan - Guru

[2026-02-16 11:05:09] ========== FOLLOWUP.PHP START ==========
[2026-02-16 11:05:09] [ERROR] ACCESS DENIED - User type tidak diizinkan - Guru

[2026-02-16 11:05:10] ========== FOLLOWUP.PHP START ==========
[2026-02-16 11:05:10] [ERROR] ACCESS DENIED - User type tidak diizinkan - Guru

[2026-02-16 11:05:10] ========== FOLLOWUP.PHP START ==========
[2026-02-16 11:05:10] [ERROR] ACCESS DENIED - User type tidak diizinkan - Guru

[2026-02-16 11:05:10] ========== FOLLOWUP.PHP START ==========
[2026-02-16 11:05:10] [ERROR] ACCESS DENIED - User type tidak diizinkan - Guru

[2026-02-16 11:05:10] ========== FOLLOWUP.PHP START ==========
[2026-02-16 11:05:10] [ERROR] ACCESS DENIED - User type tidak diizinkan - Guru

[2026-02-16 11:05:10] ========== FOLLOWUP.PHP START ==========
[2026-02-16 11:05:10] [ERROR] ACCESS DENIED - User type tidak diizinkan - Guru

[2026-02-16 11:05:11] ========== FOLLOWUP.PHP START ==========
[2026-02-16 11:05:11] [ERROR] ACCESS DENIED - User type tidak diizinkan - Guru

[2026-02-16 11:05:11] ========== FOLLOWUP.PHP START ==========
[2026-02-16 11:05:11] [ERROR] ACCESS DENIED - User type tidak diizinkan - Guru

[2026-02-16 11:40:25] ========== FOLLOWUP.PHP START ==========

[2026-02-16 11:40:42] ========== FOLLOWUP.PHP START ==========

[2026-02-16 11:41:03] ========== FOLLOWUP.PHP START ==========

[2026-02-16 11:56:13] ========== FOLLOWUP.PHP START ==========

[2026-02-16 11:56:41] ========== FOLLOWUP.PHP START ==========
[2026-02-16 11:56:41] [ERROR] ACCESS DENIED - User type tidak diizinkan - Guru

[2026-02-16 12:02:02] ========== FOLLOWUP.PHP START ==========

[2026-02-16 12:16:18] ========== FOLLOWUP.PHP START ==========
[2026-02-16 12:16:18] [ERROR] ACCESS DENIED - User type tidak diizinkan - Guru

[2026-02-16 12:17:53] ========== FOLLOWUP.PHP START ==========

[2026-02-16 12:39:32] ========== FOLLOWUP.PHP START ==========

[2026-02-16 12:59:24] ========== FOLLOWUP.PHP START ==========

[2026-02-16 19:54:45] ========== FOLLOWUP.PHP START ==========

[2026-02-16 19:54:56] ========== FOLLOWUP.PHP START ==========

[2026-02-16 21:15:59] ========== FOLLOWUP.PHP START ==========

[2026-02-16 22:56:23] ========== FOLLOWUP.PHP START ==========

[2026-02-17 09:11:54] ========== FOLLOWUP.PHP START ==========

[2026-02-17 09:12:16] ========== FOLLOWUP.PHP START ==========

[2026-02-17 11:13:27] ========== FOLLOWUP.PHP START ==========

[2026-02-17 14:03:54] ========== FOLLOWUP.PHP START ==========

[2026-02-17 16:19:36] ========== FOLLOWUP.PHP START ==========

[2026-02-17 16:20:38] ========== FOLLOWUP.PHP START ==========

[2026-02-17 16:21:44] ========== FOLLOWUP.PHP START ==========

[2026-02-17 16:56:51] ========== FOLLOWUP.PHP START ==========

[2026-02-17 17:30:37] ========== FOLLOWUP.PHP START ==========

[2026-02-17 17:30:48] ========== FOLLOWUP.PHP START ==========

[2026-02-17 17:30:56] ========== FOLLOWUP.PHP START ==========

[2026-02-17 17:45:49] ========== FOLLOWUP.PHP START ==========

[2026-02-17 17:45:56] ========== FOLLOWUP.PHP START ==========

[2026-02-17 18:35:23] ========== FOLLOWUP.PHP START ==========

[2026-02-17 18:35:36] ========== FOLLOWUP.PHP START ==========

[2026-02-17 19:50:17] ========== FOLLOWUP.PHP START ==========

[2026-02-17 19:50:24] ========== FOLLOWUP.PHP START ==========

[2026-02-17 19:59:15] ========== FOLLOWUP.PHP START ==========

[2026-02-17 19:59:22] ========== FOLLOWUP.PHP START ==========

[2026-02-17 20:16:11] ========== FOLLOWUP.PHP START ==========

[2026-02-17 20:16:19] ========== FOLLOWUP.PHP START ==========

[2026-02-17 20:20:14] ========== FOLLOWUP.PHP START ==========

[2026-02-17 20:20:21] ========== FOLLOWUP.PHP START ==========

[2026-02-17 20:21:06] ========== FOLLOWUP.PHP START ==========

[2026-02-17 20:21:13] ========== FOLLOWUP.PHP START ==========

[2026-02-17 20:27:42] ========== FOLLOWUP.PHP START ==========

[2026-02-17 20:27:48] ========== FOLLOWUP.PHP START ==========

[2026-02-17 20:30:26] ========== FOLLOWUP.PHP START ==========

[2026-02-17 20:30:33] ========== FOLLOWUP.PHP START ==========

[2026-02-19 11:07:17] ========== FOLLOWUP.PHP START ==========

[2026-02-19 12:05:32] ========== FOLLOWUP.PHP START ==========

[2026-02-19 12:05:42] ========== FOLLOWUP.PHP START ==========

[2026-02-19 12:05:55] ========== FOLLOWUP.PHP START ==========

[2026-02-19 12:07:53] ========== FOLLOWUP.PHP START ==========

[2026-02-20 09:05:16] ========== FOLLOWUP.PHP START ==========

[2026-02-20 09:05:24] ========== FOLLOWUP.PHP START ==========

[2026-02-20 09:05:38] ========== FOLLOWUP.PHP START ==========

[2026-02-20 09:05:49] ========== FOLLOWUP.PHP START ==========

[2026-02-20 09:06:00] ========== FOLLOWUP.PHP START ==========

[2026-02-20 09:06:09] ========== FOLLOWUP.PHP START ==========

[2026-02-20 09:06:15] ========== FOLLOWUP.PHP START ==========

[2026-02-20 09:06:24] ========== FOLLOWUP.PHP START ==========

[2026-02-20 09:06:30] ========== FOLLOWUP.PHP START ==========

[2026-02-22 07:23:04] ========== FOLLOWUP.PHP START ==========

[2026-02-23 10:50:56] ========== FOLLOWUP.PHP START ==========

[2026-02-23 10:57:42] ========== FOLLOWUP.PHP START ==========

[2026-02-23 10:57:50] ========== FOLLOWUP.PHP START ==========

[2026-02-23 11:00:15] ========== FOLLOWUP.PHP START ==========

[2026-02-24 07:48:24] ========== FOLLOWUP.PHP START ==========

[2026-02-24 07:48:39] ========== FOLLOWUP.PHP START ==========

[2026-02-24 07:49:01] ========== FOLLOWUP.PHP START ==========

[2026-02-24 10:36:42] ========== FOLLOWUP.PHP START ==========

[2026-02-24 13:07:06] ========== FOLLOWUP.PHP START ==========

[2026-02-24 13:07:27] ========== FOLLOWUP.PHP START ==========

[2026-02-24 13:07:49] ========== FOLLOWUP.PHP START ==========

[2026-02-24 13:07:58] ========== FOLLOWUP.PHP START ==========

[2026-02-25 15:30:15] ========== FOLLOWUP.PHP START ==========

[2026-02-26 12:23:11] ========== FOLLOWUP.PHP START ==========

[2026-02-26 12:23:49] ========== FOLLOWUP.PHP START ==========

[2026-02-26 13:12:00] ========== FOLLOWUP.PHP START ==========

[2026-02-26 13:12:08] ========== FOLLOWUP.PHP START ==========

[2026-02-26 14:52:51] ========== FOLLOWUP.PHP START ==========

[2026-02-26 14:52:57] ========== FOLLOWUP.PHP START ==========

[2026-02-26 14:53:23] ========== FOLLOWUP.PHP START ==========

[2026-02-26 15:04:32] ========== FOLLOWUP.PHP START ==========

[2026-02-26 15:05:00] ========== FOLLOWUP.PHP START ==========

[2026-02-26 16:51:05] ========== FOLLOWUP.PHP START ==========

[2026-02-26 16:52:34] ========== FOLLOWUP.PHP START ==========

[2026-02-26 16:53:55] ========== FOLLOWUP.PHP START ==========

[2026-02-26 16:54:08] ========== FOLLOWUP.PHP START ==========

[2026-02-26 17:19:15] ========== FOLLOWUP.PHP START ==========

[2026-02-26 17:19:54] ========== FOLLOWUP.PHP START ==========

[2026-02-26 17:20:43] ========== FOLLOWUP.PHP START ==========

[2026-02-26 17:21:17] ========== FOLLOWUP.PHP START ==========

[2026-02-26 20:25:22] ========== FOLLOWUP.PHP START ==========

[2026-02-26 20:25:29] ========== FOLLOWUP.PHP START ==========

[2026-02-27 07:10:56] ========== FOLLOWUP.PHP START ==========

[2026-02-27 07:11:08] ========== FOLLOWUP.PHP START ==========

[2026-02-27 10:41:40] ========== FOLLOWUP.PHP START ==========

[2026-02-27 10:41:54] ========== FOLLOWUP.PHP START ==========

[2026-02-27 10:41:56] ========== FOLLOWUP.PHP START ==========

[2026-02-27 10:44:44] ========== FOLLOWUP.PHP START ==========

[2026-02-27 10:44:52] ========== FOLLOWUP.PHP START ==========

[2026-02-27 10:45:19] ========== FOLLOWUP.PHP START ==========

[2026-02-27 10:47:47] ========== FOLLOWUP.PHP START ==========

[2026-02-27 10:49:24] ========== FOLLOWUP.PHP START ==========

[2026-02-27 10:59:10] ========== FOLLOWUP.PHP START ==========

[2026-02-27 10:59:37] ========== FOLLOWUP.PHP START ==========

[2026-02-27 11:01:48] ========== FOLLOWUP.PHP START ==========

[2026-02-27 11:13:53] ========== FOLLOWUP.PHP START ==========

[2026-02-27 13:31:51] ========== FOLLOWUP.PHP START ==========

[2026-02-27 13:32:00] ========== FOLLOWUP.PHP START ==========

[2026-02-27 14:01:17] ========== FOLLOWUP.PHP START ==========

[2026-02-27 14:01:41] ========== FOLLOWUP.PHP START ==========

[2026-02-27 14:34:56] ========== FOLLOWUP.PHP START ==========

[2026-02-27 14:48:54] ========== FOLLOWUP.PHP START ==========

[2026-02-27 14:55:32] ========== FOLLOWUP.PHP START ==========

[2026-02-27 15:00:02] ========== FOLLOWUP.PHP START ==========

[2026-02-27 15:00:35] ========== FOLLOWUP.PHP START ==========

[2026-02-27 16:06:46] ========== FOLLOWUP.PHP START ==========

[2026-02-27 16:21:45] ========== FOLLOWUP.PHP START ==========

[2026-02-27 16:27:51] ========== FOLLOWUP.PHP START ==========

[2026-02-27 16:28:23] ========== FOLLOWUP.PHP START ==========

[2026-02-27 16:35:17] ========== FOLLOWUP.PHP START ==========

[2026-02-27 16:50:32] ========== FOLLOWUP.PHP START ==========

[2026-02-27 16:56:04] ========== FOLLOWUP.PHP START ==========

[2026-02-27 17:02:02] ========== FOLLOWUP.PHP START ==========

[2026-02-27 17:02:38] ========== FOLLOWUP.PHP START ==========

[2026-02-27 17:02:49] ========== FOLLOWUP.PHP START ==========

[2026-02-27 17:07:13] ========== FOLLOWUP.PHP START ==========

[2026-02-27 17:07:16] ========== FOLLOWUP.PHP START ==========

[2026-02-27 17:07:40] ========== FOLLOWUP.PHP START ==========

[2026-02-27 17:13:14] ========== FOLLOWUP.PHP START ==========

[2026-02-27 17:17:23] ========== FOLLOWUP.PHP START ==========

[2026-02-27 17:20:31] ========== FOLLOWUP.PHP START ==========

[2026-02-27 17:26:45] ========== FOLLOWUP.PHP START ==========

[2026-02-27 17:31:02] ========== FOLLOWUP.PHP START ==========

[2026-02-27 17:35:17] ========== FOLLOWUP.PHP START ==========

[2026-02-27 17:38:28] ========== FOLLOWUP.PHP START ==========

[2026-02-27 17:38:30] ========== FOLLOWUP.PHP START ==========

[2026-02-27 17:41:18] ========== FOLLOWUP.PHP START ==========

[2026-02-27 17:48:38] ========== FOLLOWUP.PHP START ==========

[2026-02-27 17:48:47] ========== FOLLOWUP.PHP START ==========

[2026-02-27 18:03:34] ========== FOLLOWUP.PHP START ==========

[2026-02-28 05:28:13] ========== FOLLOWUP.PHP START ==========
[2026-02-28 05:28:17] [ERROR] Auth::checkAuth() FAILED - Database connection failed. Please try again later.

[2026-02-28 05:28:17] ========== FOLLOWUP.PHP START ==========
[2026-02-28 05:28:21] [ERROR] Auth::checkAuth() FAILED - Database connection failed. Please try again later.

[2026-02-28 05:28:21] ========== FOLLOWUP.PHP START ==========
[2026-02-28 05:28:25] [ERROR] Auth::checkAuth() FAILED - Database connection failed. Please try again later.

[2026-02-28 05:28:25] ========== FOLLOWUP.PHP START ==========
[2026-02-28 05:28:29] [ERROR] Auth::checkAuth() FAILED - Database connection failed. Please try again later.

[2026-02-28 05:28:30] ========== FOLLOWUP.PHP START ==========
[2026-02-28 05:28:34] [ERROR] Auth::checkAuth() FAILED - Database connection failed. Please try again later.

[2026-02-28 05:28:34] ========== FOLLOWUP.PHP START ==========
[2026-02-28 05:28:38] [ERROR] Auth::checkAuth() FAILED - Database connection failed. Please try again later.

[2026-02-28 05:28:38] ========== FOLLOWUP.PHP START ==========
[2026-02-28 05:28:42] [ERROR] Auth::checkAuth() FAILED - Database connection failed. Please try again later.

[2026-02-28 05:28:42] ========== FOLLOWUP.PHP START ==========
[2026-02-28 05:28:46] [ERROR] Auth::checkAuth() FAILED - Database connection failed. Please try again later.

[2026-02-28 05:28:46] ========== FOLLOWUP.PHP START ==========
[2026-02-28 05:28:50] [ERROR] Auth::checkAuth() FAILED - Database connection failed. Please try again later.

[2026-02-28 05:28:50] ========== FOLLOWUP.PHP START ==========
[2026-02-28 05:28:54] [ERROR] Auth::checkAuth() FAILED - Database connection failed. Please try again later.

[2026-02-28 05:28:54] ========== FOLLOWUP.PHP START ==========
[2026-02-28 05:28:58] [ERROR] Auth::checkAuth() FAILED - Database connection failed. Please try again later.

[2026-02-28 05:29:15] ========== FOLLOWUP.PHP START ==========

[2026-02-28 05:29:35] ========== FOLLOWUP.PHP START ==========

[2026-02-28 05:29:46] ========== FOLLOWUP.PHP START ==========

[2026-02-28 05:30:33] ========== FOLLOWUP.PHP START ==========

[2026-02-28 05:30:39] ========== FOLLOWUP.PHP START ==========

[2026-02-28 05:36:51] ========== FOLLOWUP.PHP START ==========

[2026-02-28 05:52:55] ========== FOLLOWUP.PHP START ==========

[2026-02-28 06:09:43] ========== FOLLOWUP.PHP START ==========

[2026-02-28 06:11:53] ========== FOLLOWUP.PHP START ==========

[2026-02-28 06:14:04] ========== FOLLOWUP.PHP START ==========

[2026-02-28 06:18:52] ========== FOLLOWUP.PHP START ==========

[2026-02-28 06:25:17] ========== FOLLOWUP.PHP START ==========

[2026-02-28 06:29:43] ========== FOLLOWUP.PHP START ==========

[2026-02-28 06:33:54] ========== FOLLOWUP.PHP START ==========

[2026-02-28 06:36:22] ========== FOLLOWUP.PHP START ==========

[2026-02-28 06:50:22] ========== FOLLOWUP.PHP START ==========

[2026-02-28 14:29:07] ========== FOLLOWUP.PHP START ==========

[2026-02-28 14:29:28] ========== FOLLOWUP.PHP START ==========

[2026-02-28 14:29:38] ========== FOLLOWUP.PHP START ==========

[2026-02-28 14:30:57] ========== FOLLOWUP.PHP START ==========

[2026-02-28 14:49:43] ========== FOLLOWUP.PHP START ==========

[2026-02-28 15:04:29] ========== FOLLOWUP.PHP START ==========

[2026-02-28 15:12:22] ========== FOLLOWUP.PHP START ==========

[2026-02-28 16:08:39] ========== FOLLOWUP.PHP START ==========

[2026-02-28 16:14:09] ========== FOLLOWUP.PHP START ==========

[2026-02-28 16:16:55] ========== FOLLOWUP.PHP START ==========

[2026-02-28 17:09:57] ========== FOLLOWUP.PHP START ==========

[2026-02-28 17:21:15] ========== FOLLOWUP.PHP START ==========

[2026-02-28 17:22:32] ========== FOLLOWUP.PHP START ==========

[2026-02-28 17:51:09] ========== FOLLOWUP.PHP START ==========

[2026-02-28 18:45:05] ========== FOLLOWUP.PHP START ==========

[2026-02-28 19:00:09] ========== FOLLOWUP.PHP START ==========

[2026-02-28 19:04:06] ========== FOLLOWUP.PHP START ==========

[2026-02-28 19:04:27] ========== FOLLOWUP.PHP START ==========

[2026-02-28 19:04:31] ========== FOLLOWUP.PHP START ==========

[2026-02-28 19:04:34] ========== FOLLOWUP.PHP START ==========

[2026-02-28 19:04:37] ========== FOLLOWUP.PHP START ==========

[2026-02-28 19:05:03] ========== FOLLOWUP.PHP START ==========

[2026-02-28 19:05:52] ========== FOLLOWUP.PHP START ==========

[2026-03-01 05:45:47] ========== FOLLOWUP.PHP START ==========

[2026-03-01 08:04:59] ========== FOLLOWUP.PHP START ==========

[2026-03-01 08:08:43] ========== FOLLOWUP.PHP START ==========

[2026-03-01 08:27:21] ========== FOLLOWUP.PHP START ==========

[2026-03-01 08:28:29] ========== FOLLOWUP.PHP START ==========

[2026-03-01 08:29:04] ========== FOLLOWUP.PHP START ==========

[2026-03-01 08:43:29] ========== FOLLOWUP.PHP START ==========

[2026-03-01 08:43:47] ========== FOLLOWUP.PHP START ==========

[2026-03-01 08:47:20] ========== FOLLOWUP.PHP START ==========

[2026-03-01 08:49:03] ========== FOLLOWUP.PHP START ==========

[2026-03-01 09:03:00] ========== FOLLOWUP.PHP START ==========

[2026-03-01 09:04:36] ========== FOLLOWUP.PHP START ==========

[2026-03-01 09:19:37] ========== FOLLOWUP.PHP START ==========

[2026-03-01 09:20:34] ========== FOLLOWUP.PHP START ==========

[2026-03-01 09:22:21] ========== FOLLOWUP.PHP START ==========

[2026-03-01 09:42:22] ========== FOLLOWUP.PHP START ==========

[2026-03-01 09:52:25] ========== FOLLOWUP.PHP START ==========

[2026-03-01 09:53:15] ========== FOLLOWUP.PHP START ==========

[2026-03-01 10:10:33] ========== FOLLOWUP.PHP START ==========

[2026-03-01 10:32:12] ========== FOLLOWUP.PHP START ==========

[2026-03-01 10:34:27] ========== FOLLOWUP.PHP START ==========

[2026-03-01 10:36:39] ========== FOLLOWUP.PHP START ==========

[2026-03-01 10:51:06] ========== FOLLOWUP.PHP START ==========

[2026-03-01 12:00:30] ========== FOLLOWUP.PHP START ==========

[2026-03-01 12:11:11] ========== FOLLOWUP.PHP START ==========

[2026-03-01 12:35:29] ========== FOLLOWUP.PHP START ==========

[2026-03-01 12:46:57] ========== FOLLOWUP.PHP START ==========

[2026-03-10 14:18:02] ========== FOLLOWUP.PHP START ==========

[2026-03-10 14:18:20] ========== FOLLOWUP.PHP START ==========

[2026-03-30 17:29:10] ========== FOLLOWUP.PHP START ==========

[2026-03-30 17:40:41] ========== FOLLOWUP.PHP START ==========

[2026-03-30 17:59:10] ========== FOLLOWUP.PHP START ==========

[2026-03-30 19:39:25] ========== FOLLOWUP.PHP START ==========

[2026-03-30 20:51:37] ========== FOLLOWUP.PHP START ==========

[2026-03-30 20:52:04] ========== FOLLOWUP.PHP START ==========

[2026-03-30 20:57:46] ========== FOLLOWUP.PHP START ==========

[2026-03-30 21:55:49] ========== FOLLOWUP.PHP START ==========

[2026-03-30 21:56:00] ========== FOLLOWUP.PHP START ==========

[2026-03-30 21:58:50] ========== FOLLOWUP.PHP START ==========

[2026-03-30 22:05:34] ========== FOLLOWUP.PHP START ==========

[2026-03-30 22:06:35] ========== FOLLOWUP.PHP START ==========

[2026-03-30 22:06:43] ========== FOLLOWUP.PHP START ==========

[2026-03-30 22:08:19] ========== FOLLOWUP.PHP START ==========

[2026-03-30 22:08:49] ========== FOLLOWUP.PHP START ==========

[2026-03-30 22:08:59] ========== FOLLOWUP.PHP START ==========

[2026-03-30 22:09:29] ========== FOLLOWUP.PHP START ==========

[2026-03-30 22:09:41] ========== FOLLOWUP.PHP START ==========

[2026-03-30 22:18:31] ========== FOLLOWUP.PHP START ==========

[2026-03-30 22:26:13] ========== FOLLOWUP.PHP START ==========

[2026-03-30 22:26:23] ========== FOLLOWUP.PHP START ==========

[2026-03-30 22:38:02] ========== FOLLOWUP.PHP START ==========

[2026-03-30 23:49:28] ========== FOLLOWUP.PHP START ==========

[2026-03-30 23:51:31] ========== FOLLOWUP.PHP START ==========

[2026-03-31 00:01:34] ========== FOLLOWUP.PHP START ==========
