[2026-02-20 13:38:00] ========== FORGOT PASSWORD PAGE STARTED ==========
[2026-02-20 13:38:00] MailerSend config loaded dari settings.php - Array
(
    [from_email] => noreply@test-r6ke4n1616ygon12.mlsender.net
    [is_active] => 1
)

[2026-02-20 13:38:00] Fonnte config loaded dari settings.php - Array
(
    [device_id] => 6285174207795
    [is_active] => 1
)

[2026-02-20 13:38:00] Database connection successful
[2026-02-20 13:39:15] ========== FORGOT PASSWORD PAGE STARTED ==========
[2026-02-20 13:39:15] MailerSend config loaded dari settings.php - Array
(
    [from_email] => noreply@test-r6ke4n1616ygon12.mlsender.net
    [is_active] => 1
)

[2026-02-20 13:39:15] Fonnte config loaded dari settings.php - Array
(
    [device_id] => 6285174207795
    [is_active] => 1
)

[2026-02-20 13:39:15] Database connection successful
[2026-02-20 13:39:15] STEP 1: Verifikasi identifier: agung.wahono2901@gmail.com
[2026-02-20 13:48:29] ========== FORGOT PASSWORD PAGE STARTED ==========
[2026-02-20 13:48:29] MailerSend config loaded dari settings.php - Array
(
    [from_email] => noreply@test-r6ke4n1616ygon12.mlsender.net
    [is_active] => 1
)

[2026-02-20 13:48:29] Fonnte config loaded dari settings.php - Array
(
    [device_id] => 6285174207795
    [is_active] => 1
)

[2026-02-20 13:48:29] Database connection successful
[2026-02-20 13:48:29] STEP 1: Verifikasi identifier: agung.wahono2901@gmail.com
[2026-02-20 13:48:29] User tidak ditemukan untuk identifier: agung.wahono2901@gmail.com
[2026-02-20 13:49:12] ========== FORGOT PASSWORD PAGE STARTED ==========
[2026-02-20 13:49:12] MailerSend config loaded dari settings.php - Array
(
    [from_email] => noreply@test-r6ke4n1616ygon12.mlsender.net
    [is_active] => 1
)

[2026-02-20 13:49:12] Fonnte config loaded dari settings.php - Array
(
    [device_id] => 6285174207795
    [is_active] => 1
)

[2026-02-20 13:49:12] Database connection successful
[2026-02-20 13:49:12] STEP 1: Verifikasi identifier: siswa041
[2026-02-20 13:49:12] User tidak ditemukan untuk identifier: siswa041
[2026-02-20 13:49:15] ========== FORGOT PASSWORD PAGE STARTED ==========
[2026-02-20 13:49:15] MailerSend config loaded dari settings.php - Array
(
    [from_email] => noreply@test-r6ke4n1616ygon12.mlsender.net
    [is_active] => 1
)

[2026-02-20 13:49:15] Fonnte config loaded dari settings.php - Array
(
    [device_id] => 6285174207795
    [is_active] => 1
)

[2026-02-20 13:49:15] Database connection successful
[2026-02-20 13:49:15] STEP 1: Verifikasi identifier: siswa041
[2026-02-20 13:49:15] User tidak ditemukan untuk identifier: siswa041
[2026-02-20 13:49:40] ========== FORGOT PASSWORD PAGE STARTED ==========
[2026-02-20 13:49:40] MailerSend config loaded dari settings.php - Array
(
    [from_email] => noreply@test-r6ke4n1616ygon12.mlsender.net
    [is_active] => 1
)

[2026-02-20 13:49:40] Fonnte config loaded dari settings.php - Array
(
    [device_id] => 6285174207795
    [is_active] => 1
)

[2026-02-20 13:49:40] Database connection successful
[2026-02-20 13:49:40] STEP 1: Verifikasi identifier: agungwahono7929@gmail.com
[2026-02-20 13:49:40] User ditemukan: - Array
(
    [id] => 91
    [username] => siswa042
    [email] => agungwahono7929@gmail.com
)

[2026-02-20 13:49:40] Lanjut ke STEP 2 untuk user ID: 91
[2026-02-20 13:51:32] ========== FORGOT PASSWORD PAGE STARTED ==========
[2026-02-20 13:51:32] MailerSend config loaded dari settings.php - Array
(
    [from_email] => noreply@test-r6ke4n1616ygon12.mlsender.net
    [is_active] => 1
)

[2026-02-20 13:51:32] Fonnte config loaded dari settings.php - Array
(
    [device_id] => 6285174207795
    [is_active] => 1
)

[2026-02-20 13:51:32] Database connection successful
[2026-02-20 13:51:32] STEP 2: Reset password untuk user ID: 91
[2026-02-20 13:51:32] ✓ Password berhasil diupdate untuk user ID: 91
[2026-02-20 13:51:32] >>> MENGIRIM EMAIL KE: agungwahono7929@gmail.com
[2026-02-20 13:51:33] ✗ EMAIL NOTIFIKASI GAGAL: You have reached trial account unique recipients limit. #MS42225
[2026-02-20 13:51:33] >>> MENGIRIM WHATSAPP KE: 085174207795
[2026-02-20 13:51:33] ✓ WHATSAPP NOTIFIKASI BERHASIL
[2026-02-20 13:51:33] NOTIFICATION SUMMARY: - Array
(
    [sent] => Array
        (
            [0] => WhatsApp
        )

    [details] => Array
        (
            [email] => Array
                (
                    [success] => 
                    [sent] => 
                    [error] => You have reached trial account unique recipients limit. #MS42225
                    [http_code] => 422
                )

            [whatsapp] => Array
                (
                    [success] => 1
                    [error] => Unknown error
                )

        )

)

