[15-Feb-2026 23:00:56 Asia/Jakarta] [INFO] ========== MEMULAI EKSEKUSI LOGIN.PHP ==========
[15-Feb-2026 23:00:56 Asia/Jakarta] [SERVER] SERVER VARIABLES
[15-Feb-2026 23:00:56 Asia/Jakarta] [COOKIE] COOKIE DATA
[15-Feb-2026 23:00:56 Asia/Jakarta] PHP Warning:  Undefined global variable $_SESSION in C:\xampp\htdocs\responsive-message-app\login.php on line 138
[15-Feb-2026 23:00:56 Asia/Jakarta] [SESSION] SEBELUM INCLUDE CONFIG
[15-Feb-2026 23:01:03 Asia/Jakarta] [INFO] ========== MEMULAI EKSEKUSI LOGIN.PHP ==========
[15-Feb-2026 23:01:03 Asia/Jakarta] [SERVER] SERVER VARIABLES
[15-Feb-2026 23:01:03 Asia/Jakarta] [COOKIE] COOKIE DATA
[15-Feb-2026 23:01:03 Asia/Jakarta] PHP Warning:  Undefined global variable $_SESSION in C:\xampp\htdocs\responsive-message-app\login.php on line 138
[15-Feb-2026 23:01:03 Asia/Jakarta] [SESSION] SEBELUM INCLUDE CONFIG
[15-Feb-2026 23:05:35 Asia/Jakarta] [INFO] ========== MEMULAI EKSEKUSI LOGIN.PHP ==========
[15-Feb-2026 23:05:35 Asia/Jakarta] [SERVER] SERVER VARIABLES
[15-Feb-2026 23:05:35 Asia/Jakarta] [COOKIE] COOKIE DATA
[15-Feb-2026 23:05:35 Asia/Jakarta] [SESSION] SEBELUM INCLUDE CONFIG
[15-Feb-2026 23:05:35 Asia/Jakarta] [INFO] ========== MEMULAI EKSEKUSI LOGIN.PHP ==========
[15-Feb-2026 23:05:35 Asia/Jakarta] [SERVER] SERVER VARIABLES
[15-Feb-2026 23:05:35 Asia/Jakarta] [COOKIE] COOKIE DATA
[15-Feb-2026 23:05:35 Asia/Jakarta] [SESSION] SEBELUM INCLUDE CONFIG
[15-Feb-2026 23:05:36 Asia/Jakarta] [INFO] ========== MEMULAI EKSEKUSI LOGIN.PHP ==========
[15-Feb-2026 23:05:36 Asia/Jakarta] [SERVER] SERVER VARIABLES
[15-Feb-2026 23:05:36 Asia/Jakarta] [COOKIE] COOKIE DATA
[15-Feb-2026 23:05:36 Asia/Jakarta] [SESSION] SEBELUM INCLUDE CONFIG
[15-Feb-2026 23:05:36 Asia/Jakarta] [INFO] ========== MEMULAI EKSEKUSI LOGIN.PHP ==========
[15-Feb-2026 23:05:36 Asia/Jakarta] [SERVER] SERVER VARIABLES
[15-Feb-2026 23:05:36 Asia/Jakarta] [COOKIE] COOKIE DATA
[15-Feb-2026 23:05:36 Asia/Jakarta] [SESSION] SEBELUM INCLUDE CONFIG
[15-Feb-2026 23:05:36 Asia/Jakarta] [INFO] ========== MEMULAI EKSEKUSI LOGIN.PHP ==========
[15-Feb-2026 23:05:36 Asia/Jakarta] [SERVER] SERVER VARIABLES
[15-Feb-2026 23:05:36 Asia/Jakarta] [COOKIE] COOKIE DATA
[15-Feb-2026 23:05:36 Asia/Jakarta] [SESSION] SEBELUM INCLUDE CONFIG
[15-Feb-2026 23:05:46 Asia/Jakarta] [INFO] ========== MEMULAI EKSEKUSI LOGIN.PHP ==========
[15-Feb-2026 23:05:46 Asia/Jakarta] [SERVER] SERVER VARIABLES
[15-Feb-2026 23:05:46 Asia/Jakarta] [COOKIE] COOKIE DATA
[15-Feb-2026 23:05:46 Asia/Jakarta] [SESSION] SEBELUM INCLUDE CONFIG
[15-Feb-2026 23:05:46 Asia/Jakarta] [INFO] ========== MEMULAI EKSEKUSI LOGIN.PHP ==========
[15-Feb-2026 23:05:46 Asia/Jakarta] [SERVER] SERVER VARIABLES
[15-Feb-2026 23:05:46 Asia/Jakarta] [COOKIE] COOKIE DATA
[15-Feb-2026 23:05:46 Asia/Jakarta] [SESSION] SEBELUM INCLUDE CONFIG
[15-Feb-2026 23:05:46 Asia/Jakarta] [INFO] ========== MEMULAI EKSEKUSI LOGIN.PHP ==========
[15-Feb-2026 23:05:46 Asia/Jakarta] [SERVER] SERVER VARIABLES
[15-Feb-2026 23:05:46 Asia/Jakarta] [COOKIE] COOKIE DATA
[15-Feb-2026 23:05:46 Asia/Jakarta] [SESSION] SEBELUM INCLUDE CONFIG
[15-Feb-2026 23:05:46 Asia/Jakarta] [INFO] ========== MEMULAI EKSEKUSI LOGIN.PHP ==========
[15-Feb-2026 23:05:46 Asia/Jakarta] [SERVER] SERVER VARIABLES
[15-Feb-2026 23:05:46 Asia/Jakarta] [COOKIE] COOKIE DATA
[15-Feb-2026 23:05:46 Asia/Jakarta] [SESSION] SEBELUM INCLUDE CONFIG
[15-Feb-2026 23:05:46 Asia/Jakarta] [INFO] ========== MEMULAI EKSEKUSI LOGIN.PHP ==========
[15-Feb-2026 23:05:46 Asia/Jakarta] [SERVER] SERVER VARIABLES
[15-Feb-2026 23:05:46 Asia/Jakarta] [COOKIE] COOKIE DATA
[15-Feb-2026 23:05:46 Asia/Jakarta] [SESSION] SEBELUM INCLUDE CONFIG
[15-Feb-2026 23:05:46 Asia/Jakarta] [INFO] ========== MEMULAI EKSEKUSI LOGIN.PHP ==========
[15-Feb-2026 23:05:46 Asia/Jakarta] [SERVER] SERVER VARIABLES
[15-Feb-2026 23:05:46 Asia/Jakarta] [COOKIE] COOKIE DATA
[15-Feb-2026 23:05:46 Asia/Jakarta] [SESSION] SEBELUM INCLUDE CONFIG
[15-Feb-2026 23:05:51 Asia/Jakarta] [INFO] ========== MEMULAI EKSEKUSI LOGIN.PHP ==========
[15-Feb-2026 23:05:51 Asia/Jakarta] [SERVER] SERVER VARIABLES
[15-Feb-2026 23:05:51 Asia/Jakarta] [COOKIE] COOKIE DATA
[15-Feb-2026 23:05:51 Asia/Jakarta] [SESSION] SEBELUM INCLUDE CONFIG
[15-Feb-2026 23:05:51 Asia/Jakarta] [INFO] ========== MEMULAI EKSEKUSI LOGIN.PHP ==========
[15-Feb-2026 23:05:51 Asia/Jakarta] [SERVER] SERVER VARIABLES
[15-Feb-2026 23:05:51 Asia/Jakarta] [COOKIE] COOKIE DATA
[15-Feb-2026 23:05:51 Asia/Jakarta] [SESSION] SEBELUM INCLUDE CONFIG
[15-Feb-2026 23:05:51 Asia/Jakarta] [INFO] ========== MEMULAI EKSEKUSI LOGIN.PHP ==========
[15-Feb-2026 23:05:51 Asia/Jakarta] [SERVER] SERVER VARIABLES
[15-Feb-2026 23:05:51 Asia/Jakarta] [COOKIE] COOKIE DATA
[15-Feb-2026 23:05:51 Asia/Jakarta] [SESSION] SEBELUM INCLUDE CONFIG
[15-Feb-2026 23:05:51 Asia/Jakarta] [INFO] ========== MEMULAI EKSEKUSI LOGIN.PHP ==========
[15-Feb-2026 23:05:51 Asia/Jakarta] [SERVER] SERVER VARIABLES
[15-Feb-2026 23:05:51 Asia/Jakarta] [COOKIE] COOKIE DATA
[15-Feb-2026 23:05:51 Asia/Jakarta] [SESSION] SEBELUM INCLUDE CONFIG
[15-Feb-2026 23:05:51 Asia/Jakarta] [INFO] ========== MEMULAI EKSEKUSI LOGIN.PHP ==========
[15-Feb-2026 23:05:51 Asia/Jakarta] [SERVER] SERVER VARIABLES
[15-Feb-2026 23:05:51 Asia/Jakarta] [COOKIE] COOKIE DATA
[15-Feb-2026 23:05:51 Asia/Jakarta] [SESSION] SEBELUM INCLUDE CONFIG
[15-Feb-2026 23:05:51 Asia/Jakarta] [INFO] ========== MEMULAI EKSEKUSI LOGIN.PHP ==========
[15-Feb-2026 23:05:51 Asia/Jakarta] [SERVER] SERVER VARIABLES
[15-Feb-2026 23:05:51 Asia/Jakarta] [COOKIE] COOKIE DATA
[15-Feb-2026 23:05:51 Asia/Jakarta] [SESSION] SEBELUM INCLUDE CONFIG
[15-Feb-2026 23:05:56 Asia/Jakarta] [INFO] ========== MEMULAI EKSEKUSI LOGIN.PHP ==========
[15-Feb-2026 23:05:56 Asia/Jakarta] [SERVER] SERVER VARIABLES
[15-Feb-2026 23:05:56 Asia/Jakarta] [COOKIE] COOKIE DATA
[15-Feb-2026 23:05:56 Asia/Jakarta] [SESSION] SEBELUM INCLUDE CONFIG
[15-Feb-2026 23:06:04 Asia/Jakarta] [INFO] ========== MEMULAI EKSEKUSI LOGIN.PHP ==========
[15-Feb-2026 23:06:04 Asia/Jakarta] [SERVER] SERVER VARIABLES
[15-Feb-2026 23:06:04 Asia/Jakarta] [COOKIE] COOKIE DATA
[15-Feb-2026 23:06:04 Asia/Jakarta] [SESSION] SEBELUM INCLUDE CONFIG
[15-Feb-2026 23:06:04 Asia/Jakarta] [INFO] ========== MEMULAI EKSEKUSI LOGIN.PHP ==========
[15-Feb-2026 23:06:04 Asia/Jakarta] [SERVER] SERVER VARIABLES
[15-Feb-2026 23:06:04 Asia/Jakarta] [COOKIE] COOKIE DATA
[15-Feb-2026 23:06:04 Asia/Jakarta] [SESSION] SEBELUM INCLUDE CONFIG
[15-Feb-2026 23:06:04 Asia/Jakarta] [INFO] ========== MEMULAI EKSEKUSI LOGIN.PHP ==========
[15-Feb-2026 23:06:04 Asia/Jakarta] [SERVER] SERVER VARIABLES
[15-Feb-2026 23:06:04 Asia/Jakarta] [COOKIE] COOKIE DATA
[15-Feb-2026 23:06:04 Asia/Jakarta] [SESSION] SEBELUM INCLUDE CONFIG
[15-Feb-2026 23:06:04 Asia/Jakarta] [INFO] ========== MEMULAI EKSEKUSI LOGIN.PHP ==========
[15-Feb-2026 23:06:04 Asia/Jakarta] [SERVER] SERVER VARIABLES
[15-Feb-2026 23:06:04 Asia/Jakarta] [COOKIE] COOKIE DATA
[15-Feb-2026 23:06:04 Asia/Jakarta] [SESSION] SEBELUM INCLUDE CONFIG
[15-Feb-2026 23:06:04 Asia/Jakarta] [INFO] ========== MEMULAI EKSEKUSI LOGIN.PHP ==========
[15-Feb-2026 23:06:04 Asia/Jakarta] [SERVER] SERVER VARIABLES
[15-Feb-2026 23:06:04 Asia/Jakarta] [COOKIE] COOKIE DATA
[15-Feb-2026 23:06:04 Asia/Jakarta] [SESSION] SEBELUM INCLUDE CONFIG
[15-Feb-2026 23:06:04 Asia/Jakarta] [INFO] ========== MEMULAI EKSEKUSI LOGIN.PHP ==========
[15-Feb-2026 23:06:04 Asia/Jakarta] [SERVER] SERVER VARIABLES
[15-Feb-2026 23:06:04 Asia/Jakarta] [COOKIE] COOKIE DATA
[15-Feb-2026 23:06:04 Asia/Jakarta] [SESSION] SEBELUM INCLUDE CONFIG
[15-Feb-2026 23:06:25 Asia/Jakarta] [INFO] ========== MEMULAI EKSEKUSI LOGIN.PHP ==========
[15-Feb-2026 23:06:25 Asia/Jakarta] [SERVER] SERVER VARIABLES
[15-Feb-2026 23:06:25 Asia/Jakarta] [COOKIE] COOKIE DATA
[15-Feb-2026 23:06:25 Asia/Jakarta] [SESSION] SEBELUM INCLUDE CONFIG
[15-Feb-2026 23:06:25 Asia/Jakarta] [INFO] ========== MEMULAI EKSEKUSI LOGIN.PHP ==========
[15-Feb-2026 23:06:25 Asia/Jakarta] [SERVER] SERVER VARIABLES
[15-Feb-2026 23:06:25 Asia/Jakarta] [COOKIE] COOKIE DATA
[15-Feb-2026 23:06:25 Asia/Jakarta] [SESSION] SEBELUM INCLUDE CONFIG
[15-Feb-2026 23:06:25 Asia/Jakarta] [INFO] ========== MEMULAI EKSEKUSI LOGIN.PHP ==========
[15-Feb-2026 23:06:25 Asia/Jakarta] [SERVER] SERVER VARIABLES
[15-Feb-2026 23:06:25 Asia/Jakarta] [COOKIE] COOKIE DATA
[15-Feb-2026 23:06:25 Asia/Jakarta] [SESSION] SEBELUM INCLUDE CONFIG
[15-Feb-2026 23:06:25 Asia/Jakarta] [INFO] ========== MEMULAI EKSEKUSI LOGIN.PHP ==========
[15-Feb-2026 23:06:25 Asia/Jakarta] [SERVER] SERVER VARIABLES
[15-Feb-2026 23:06:25 Asia/Jakarta] [COOKIE] COOKIE DATA
[15-Feb-2026 23:06:25 Asia/Jakarta] [SESSION] SEBELUM INCLUDE CONFIG
[15-Feb-2026 23:06:25 Asia/Jakarta] [INFO] ========== MEMULAI EKSEKUSI LOGIN.PHP ==========
[15-Feb-2026 23:06:25 Asia/Jakarta] [SERVER] SERVER VARIABLES
[15-Feb-2026 23:06:25 Asia/Jakarta] [COOKIE] COOKIE DATA
[15-Feb-2026 23:06:25 Asia/Jakarta] [SESSION] SEBELUM INCLUDE CONFIG
[15-Feb-2026 23:06:26 Asia/Jakarta] [INFO] ========== MEMULAI EKSEKUSI LOGIN.PHP ==========
[15-Feb-2026 23:06:26 Asia/Jakarta] [SERVER] SERVER VARIABLES
[15-Feb-2026 23:06:26 Asia/Jakarta] [COOKIE] COOKIE DATA
[15-Feb-2026 23:06:26 Asia/Jakarta] [SESSION] SEBELUM INCLUDE CONFIG
[15-Feb-2026 23:07:16 Asia/Jakarta] [INFO] ========== MEMULAI EKSEKUSI LOGIN.PHP ==========
[15-Feb-2026 23:07:16 Asia/Jakarta] [SERVER] SERVER VARIABLES
[15-Feb-2026 23:07:16 Asia/Jakarta] [COOKIE] COOKIE DATA
[15-Feb-2026 23:07:16 Asia/Jakarta] [SESSION] SEBELUM INCLUDE CONFIG
[15-Feb-2026 23:07:16 Asia/Jakarta] [INFO] ========== MEMULAI EKSEKUSI LOGIN.PHP ==========
[15-Feb-2026 23:07:16 Asia/Jakarta] [SERVER] SERVER VARIABLES
[15-Feb-2026 23:07:16 Asia/Jakarta] [COOKIE] COOKIE DATA
[15-Feb-2026 23:07:16 Asia/Jakarta] [SESSION] SEBELUM INCLUDE CONFIG
[15-Feb-2026 23:07:16 Asia/Jakarta] [INFO] ========== MEMULAI EKSEKUSI LOGIN.PHP ==========
[15-Feb-2026 23:07:16 Asia/Jakarta] [SERVER] SERVER VARIABLES
[15-Feb-2026 23:07:16 Asia/Jakarta] [COOKIE] COOKIE DATA
[15-Feb-2026 23:07:16 Asia/Jakarta] [SESSION] SEBELUM INCLUDE CONFIG
[15-Feb-2026 23:07:16 Asia/Jakarta] [INFO] ========== MEMULAI EKSEKUSI LOGIN.PHP ==========
[15-Feb-2026 23:07:16 Asia/Jakarta] [SERVER] SERVER VARIABLES
[15-Feb-2026 23:07:16 Asia/Jakarta] [COOKIE] COOKIE DATA
[15-Feb-2026 23:07:16 Asia/Jakarta] [SESSION] SEBELUM INCLUDE CONFIG
[15-Feb-2026 23:07:16 Asia/Jakarta] [INFO] ========== MEMULAI EKSEKUSI LOGIN.PHP ==========
[15-Feb-2026 23:07:16 Asia/Jakarta] [SERVER] SERVER VARIABLES
[15-Feb-2026 23:07:16 Asia/Jakarta] [COOKIE] COOKIE DATA
[15-Feb-2026 23:07:16 Asia/Jakarta] [SESSION] SEBELUM INCLUDE CONFIG
[15-Feb-2026 23:07:17 Asia/Jakarta] [INFO] ========== MEMULAI EKSEKUSI LOGIN.PHP ==========
[15-Feb-2026 23:07:17 Asia/Jakarta] [SERVER] SERVER VARIABLES
[15-Feb-2026 23:07:17 Asia/Jakarta] [COOKIE] COOKIE DATA
[15-Feb-2026 23:07:17 Asia/Jakarta] [SESSION] SEBELUM INCLUDE CONFIG
[15-Feb-2026 23:07:35 Asia/Jakarta] [INFO] ========== MEMULAI EKSEKUSI LOGIN.PHP ==========
[15-Feb-2026 23:07:35 Asia/Jakarta] [SERVER] SERVER VARIABLES
[15-Feb-2026 23:07:35 Asia/Jakarta] [COOKIE] COOKIE DATA
[15-Feb-2026 23:07:35 Asia/Jakarta] [SESSION] SEBELUM INCLUDE CONFIG
[15-Feb-2026 23:07:35 Asia/Jakarta] [INFO] ========== MEMULAI EKSEKUSI LOGIN.PHP ==========
[15-Feb-2026 23:07:35 Asia/Jakarta] [SERVER] SERVER VARIABLES
[15-Feb-2026 23:07:35 Asia/Jakarta] [COOKIE] COOKIE DATA
[15-Feb-2026 23:07:35 Asia/Jakarta] [SESSION] SEBELUM INCLUDE CONFIG
[15-Feb-2026 23:07:36 Asia/Jakarta] [INFO] ========== MEMULAI EKSEKUSI LOGIN.PHP ==========
[15-Feb-2026 23:07:36 Asia/Jakarta] [SERVER] SERVER VARIABLES
[15-Feb-2026 23:07:36 Asia/Jakarta] [COOKIE] COOKIE DATA
[15-Feb-2026 23:07:36 Asia/Jakarta] [SESSION] SEBELUM INCLUDE CONFIG
[15-Feb-2026 23:07:36 Asia/Jakarta] [INFO] ========== MEMULAI EKSEKUSI LOGIN.PHP ==========
[15-Feb-2026 23:07:36 Asia/Jakarta] [SERVER] SERVER VARIABLES
[15-Feb-2026 23:07:36 Asia/Jakarta] [COOKIE] COOKIE DATA
[15-Feb-2026 23:07:36 Asia/Jakarta] [SESSION] SEBELUM INCLUDE CONFIG
[15-Feb-2026 23:07:36 Asia/Jakarta] [INFO] ========== MEMULAI EKSEKUSI LOGIN.PHP ==========
[15-Feb-2026 23:07:36 Asia/Jakarta] [SERVER] SERVER VARIABLES
[15-Feb-2026 23:07:36 Asia/Jakarta] [COOKIE] COOKIE DATA
[15-Feb-2026 23:07:36 Asia/Jakarta] [SESSION] SEBELUM INCLUDE CONFIG
[15-Feb-2026 23:07:36 Asia/Jakarta] [INFO] ========== MEMULAI EKSEKUSI LOGIN.PHP ==========
[15-Feb-2026 23:07:36 Asia/Jakarta] [SERVER] SERVER VARIABLES
[15-Feb-2026 23:07:36 Asia/Jakarta] [COOKIE] COOKIE DATA
[15-Feb-2026 23:07:36 Asia/Jakarta] [SESSION] SEBELUM INCLUDE CONFIG
[16-Feb-2026 08:55:25 Asia/Jakarta] [INFO] ========== MEMULAI EKSEKUSI LOGIN.PHP ==========
[16-Feb-2026 08:55:25 Asia/Jakarta] [SERVER] SERVER VARIABLES
[16-Feb-2026 08:55:25 Asia/Jakarta] [COOKIE] COOKIE DATA
[16-Feb-2026 08:55:25 Asia/Jakarta] [SESSION] SEBELUM INCLUDE CONFIG
[16-Feb-2026 08:55:37 Asia/Jakarta] [INFO] ========== MEMULAI EKSEKUSI LOGIN.PHP ==========
[16-Feb-2026 08:55:37 Asia/Jakarta] [SERVER] SERVER VARIABLES
[16-Feb-2026 08:55:37 Asia/Jakarta] [COOKIE] COOKIE DATA
[16-Feb-2026 08:55:37 Asia/Jakarta] [SESSION] SEBELUM INCLUDE CONFIG
[16-Feb-2026 08:55:38 Asia/Jakarta] [INFO] ========== MEMULAI EKSEKUSI LOGIN.PHP ==========
[16-Feb-2026 08:55:38 Asia/Jakarta] [SERVER] SERVER VARIABLES
[16-Feb-2026 08:55:38 Asia/Jakarta] [COOKIE] COOKIE DATA
[16-Feb-2026 08:55:38 Asia/Jakarta] [SESSION] SEBELUM INCLUDE CONFIG
[16-Feb-2026 08:55:39 Asia/Jakarta] [INFO] ========== MEMULAI EKSEKUSI LOGIN.PHP ==========
[16-Feb-2026 08:55:39 Asia/Jakarta] [SERVER] SERVER VARIABLES
[16-Feb-2026 08:55:39 Asia/Jakarta] [COOKIE] COOKIE DATA
[16-Feb-2026 08:55:39 Asia/Jakarta] [SESSION] SEBELUM INCLUDE CONFIG
[16-Feb-2026 08:55:39 Asia/Jakarta] [INFO] ========== MEMULAI EKSEKUSI LOGIN.PHP ==========
[16-Feb-2026 08:55:39 Asia/Jakarta] [SERVER] SERVER VARIABLES
[16-Feb-2026 08:55:39 Asia/Jakarta] [COOKIE] COOKIE DATA
[16-Feb-2026 08:55:39 Asia/Jakarta] [SESSION] SEBELUM INCLUDE CONFIG
[16-Feb-2026 08:55:39 Asia/Jakarta] [INFO] ========== MEMULAI EKSEKUSI LOGIN.PHP ==========
[16-Feb-2026 08:55:39 Asia/Jakarta] [SERVER] SERVER VARIABLES
[16-Feb-2026 08:55:39 Asia/Jakarta] [COOKIE] COOKIE DATA
[16-Feb-2026 08:55:39 Asia/Jakarta] [SESSION] SEBELUM INCLUDE CONFIG
[16-Feb-2026 08:55:39 Asia/Jakarta] [INFO] ========== MEMULAI EKSEKUSI LOGIN.PHP ==========
[16-Feb-2026 08:55:39 Asia/Jakarta] [SERVER] SERVER VARIABLES
[16-Feb-2026 08:55:39 Asia/Jakarta] [COOKIE] COOKIE DATA
[16-Feb-2026 08:55:39 Asia/Jakarta] [SESSION] SEBELUM INCLUDE CONFIG
[16-Feb-2026 08:55:55 Asia/Jakarta] [INFO] ========== MEMULAI EKSEKUSI LOGIN.PHP ==========
[16-Feb-2026 08:55:55 Asia/Jakarta] [SERVER] SERVER VARIABLES
[16-Feb-2026 08:55:55 Asia/Jakarta] [COOKIE] COOKIE DATA
[16-Feb-2026 08:55:55 Asia/Jakarta] [SESSION] SEBELUM INCLUDE CONFIG
[16-Feb-2026 08:55:56 Asia/Jakarta] [INFO] ========== MEMULAI EKSEKUSI LOGIN.PHP ==========
[16-Feb-2026 08:55:56 Asia/Jakarta] [SERVER] SERVER VARIABLES
[16-Feb-2026 08:55:56 Asia/Jakarta] [COOKIE] COOKIE DATA
[16-Feb-2026 08:55:56 Asia/Jakarta] [SESSION] SEBELUM INCLUDE CONFIG
[16-Feb-2026 08:55:56 Asia/Jakarta] [INFO] ========== MEMULAI EKSEKUSI LOGIN.PHP ==========
[16-Feb-2026 08:55:56 Asia/Jakarta] [SERVER] SERVER VARIABLES
[16-Feb-2026 08:55:56 Asia/Jakarta] [COOKIE] COOKIE DATA
[16-Feb-2026 08:55:56 Asia/Jakarta] [SESSION] SEBELUM INCLUDE CONFIG
[16-Feb-2026 08:55:56 Asia/Jakarta] [INFO] ========== MEMULAI EKSEKUSI LOGIN.PHP ==========
[16-Feb-2026 08:55:56 Asia/Jakarta] [SERVER] SERVER VARIABLES
[16-Feb-2026 08:55:56 Asia/Jakarta] [COOKIE] COOKIE DATA
[16-Feb-2026 08:55:56 Asia/Jakarta] [SESSION] SEBELUM INCLUDE CONFIG
[16-Feb-2026 08:55:57 Asia/Jakarta] [INFO] ========== MEMULAI EKSEKUSI LOGIN.PHP ==========
[16-Feb-2026 08:55:57 Asia/Jakarta] [SERVER] SERVER VARIABLES
[16-Feb-2026 08:55:57 Asia/Jakarta] [COOKIE] COOKIE DATA
[16-Feb-2026 08:55:57 Asia/Jakarta] [SESSION] SEBELUM INCLUDE CONFIG
[16-Feb-2026 08:55:57 Asia/Jakarta] [INFO] ========== MEMULAI EKSEKUSI LOGIN.PHP ==========
[16-Feb-2026 08:55:57 Asia/Jakarta] [SERVER] SERVER VARIABLES
[16-Feb-2026 08:55:57 Asia/Jakarta] [COOKIE] COOKIE DATA
[16-Feb-2026 08:55:57 Asia/Jakarta] [SESSION] SEBELUM INCLUDE CONFIG
[16-Feb-2026 08:56:49 Asia/Jakarta] [INFO] ========== MEMULAI EKSEKUSI LOGIN.PHP ==========
[16-Feb-2026 08:56:49 Asia/Jakarta] [SERVER] SERVER VARIABLES
[16-Feb-2026 08:56:49 Asia/Jakarta] [COOKIE] COOKIE DATA
[16-Feb-2026 08:56:49 Asia/Jakarta] [SESSION] SEBELUM INCLUDE CONFIG
[16-Feb-2026 08:56:49 Asia/Jakarta] [INFO] ========== MEMULAI EKSEKUSI LOGIN.PHP ==========
[16-Feb-2026 08:56:49 Asia/Jakarta] [SERVER] SERVER VARIABLES
[16-Feb-2026 08:56:49 Asia/Jakarta] [COOKIE] COOKIE DATA
[16-Feb-2026 08:56:49 Asia/Jakarta] [SESSION] SEBELUM INCLUDE CONFIG
[16-Feb-2026 08:56:49 Asia/Jakarta] [INFO] ========== MEMULAI EKSEKUSI LOGIN.PHP ==========
[16-Feb-2026 08:56:49 Asia/Jakarta] [SERVER] SERVER VARIABLES
[16-Feb-2026 08:56:49 Asia/Jakarta] [COOKIE] COOKIE DATA
[16-Feb-2026 08:56:49 Asia/Jakarta] [SESSION] SEBELUM INCLUDE CONFIG
[16-Feb-2026 08:56:50 Asia/Jakarta] [INFO] ========== MEMULAI EKSEKUSI LOGIN.PHP ==========
[16-Feb-2026 08:56:50 Asia/Jakarta] [SERVER] SERVER VARIABLES
[16-Feb-2026 08:56:50 Asia/Jakarta] [COOKIE] COOKIE DATA
[16-Feb-2026 08:56:50 Asia/Jakarta] [SESSION] SEBELUM INCLUDE CONFIG
[16-Feb-2026 08:56:50 Asia/Jakarta] [INFO] ========== MEMULAI EKSEKUSI LOGIN.PHP ==========
[16-Feb-2026 08:56:50 Asia/Jakarta] [SERVER] SERVER VARIABLES
[16-Feb-2026 08:56:50 Asia/Jakarta] [COOKIE] COOKIE DATA
[16-Feb-2026 08:56:50 Asia/Jakarta] [SESSION] SEBELUM INCLUDE CONFIG
[16-Feb-2026 08:56:50 Asia/Jakarta] [INFO] ========== MEMULAI EKSEKUSI LOGIN.PHP ==========
[16-Feb-2026 08:56:50 Asia/Jakarta] [SERVER] SERVER VARIABLES
[16-Feb-2026 08:56:50 Asia/Jakarta] [COOKIE] COOKIE DATA
[16-Feb-2026 08:56:50 Asia/Jakarta] [SESSION] SEBELUM INCLUDE CONFIG
[16-Feb-2026 08:57:10 Asia/Jakarta] [INFO] ========== MEMULAI EKSEKUSI LOGIN.PHP ==========
[16-Feb-2026 08:57:10 Asia/Jakarta] [SERVER] SERVER VARIABLES
[16-Feb-2026 08:57:10 Asia/Jakarta] [COOKIE] COOKIE DATA
[16-Feb-2026 08:57:10 Asia/Jakarta] [SESSION] SEBELUM INCLUDE CONFIG
[16-Feb-2026 08:57:15 Asia/Jakarta] [INFO] ========== MEMULAI EKSEKUSI LOGIN.PHP ==========
[16-Feb-2026 08:57:15 Asia/Jakarta] [SERVER] SERVER VARIABLES
[16-Feb-2026 08:57:15 Asia/Jakarta] [COOKIE] COOKIE DATA
[16-Feb-2026 08:57:15 Asia/Jakarta] [SESSION] SEBELUM INCLUDE CONFIG
[16-Feb-2026 08:57:15 Asia/Jakarta] [INFO] ========== MEMULAI EKSEKUSI LOGIN.PHP ==========
[16-Feb-2026 08:57:15 Asia/Jakarta] [SERVER] SERVER VARIABLES
[16-Feb-2026 08:57:15 Asia/Jakarta] [COOKIE] COOKIE DATA
[16-Feb-2026 08:57:15 Asia/Jakarta] [SESSION] SEBELUM INCLUDE CONFIG
[16-Feb-2026 08:57:15 Asia/Jakarta] [INFO] ========== MEMULAI EKSEKUSI LOGIN.PHP ==========
[16-Feb-2026 08:57:15 Asia/Jakarta] [SERVER] SERVER VARIABLES
[16-Feb-2026 08:57:15 Asia/Jakarta] [COOKIE] COOKIE DATA
[16-Feb-2026 08:57:15 Asia/Jakarta] [SESSION] SEBELUM INCLUDE CONFIG
[16-Feb-2026 08:57:16 Asia/Jakarta] [INFO] ========== MEMULAI EKSEKUSI LOGIN.PHP ==========
[16-Feb-2026 08:57:16 Asia/Jakarta] [SERVER] SERVER VARIABLES
[16-Feb-2026 08:57:16 Asia/Jakarta] [COOKIE] COOKIE DATA
[16-Feb-2026 08:57:16 Asia/Jakarta] [SESSION] SEBELUM INCLUDE CONFIG
[16-Feb-2026 08:57:16 Asia/Jakarta] [INFO] ========== MEMULAI EKSEKUSI LOGIN.PHP ==========
[16-Feb-2026 08:57:16 Asia/Jakarta] [SERVER] SERVER VARIABLES
[16-Feb-2026 08:57:16 Asia/Jakarta] [COOKIE] COOKIE DATA
[16-Feb-2026 08:57:16 Asia/Jakarta] [SESSION] SEBELUM INCLUDE CONFIG
[16-Feb-2026 08:57:16 Asia/Jakarta] [INFO] ========== MEMULAI EKSEKUSI LOGIN.PHP ==========
[16-Feb-2026 08:57:16 Asia/Jakarta] [SERVER] SERVER VARIABLES
[16-Feb-2026 08:57:16 Asia/Jakarta] [COOKIE] COOKIE DATA
[16-Feb-2026 08:57:16 Asia/Jakarta] [SESSION] SEBELUM INCLUDE CONFIG
