
[2026-02-14 15:31:22] ========== RESPONSE.PHP START ==========
[2026-02-14 15:31:22] KONFIGURASI MAILERSEND - Array
(
    [api_token] => mlsn.3e45c...
    [domain] => test-q3enl6k0o7542vwr.mlsender.net
    [domain_id] => 3m5jgro6voxgdpyo
    [from_email] => noreply@test-q3enl6k0o7542vwr.mlsender.net
    [from_name] => Responsive Message App
)


[2026-02-14 15:32:55] ========== RESPONSE.PHP START ==========
[2026-02-14 15:32:55] KONFIGURASI MAILERSEND - Array
(
    [api_token] => mlsn.3e45c...
    [domain] => test-q3enl6k0o7542vwr.mlsender.net
    [domain_id] => 3m5jgro6voxgdpyo
    [from_email] => noreply@test-q3enl6k0o7542vwr.mlsender.net
    [from_name] => Responsive Message App
)

[2026-02-14 15:32:55] 
================================================================================
[2026-02-14 15:32:55] sendMailerSendEmail() DIPANGGIL
[2026-02-14 15:32:55] ================================================================================
[2026-02-14 15:32:55] PARAMETER: - Array
(
    [to_email] => agungway2901@gmail.com
    [to_name] => Agung Wahono
    [subject] => Respons Pesan #EXT20260214-06534 - SMKN 12 Jakarta
    [html_length] => 2273
)

[2026-02-14 15:32:55] DATA YANG AKAN DIKIRIM: - Array
(
    [from] => Array
        (
            [email] => noreply@test-q3enl6k0o7542vwr.mlsender.net
            [name] => Responsive Message App
        )

    [to] => Array
        (
            [0] => Array
                (
                    [email] => agungway2901@gmail.com
                    [name] => Agung Wahono
                )

        )

    [subject] => Respons Pesan #EXT20260214-06534 - SMKN 12 Jakarta
    [html_length] => 2273
    [text_length] => 61
)

[2026-02-14 15:32:56] RESPONSE DARI API: - Array
(
    [http_code] => 202
    [curl_error] => 
    [response] => 
    [curl_info] => Array
        (
            [total_time] => 1.019527
            [namelookup_time] => 0.049932
            [connect_time] => 0.055803
        )

)

[2026-02-14 15:32:56] VERBOSE CURL: - 
[2026-02-14 15:32:56] ✓✓✓ EMAIL BERHASIL DIKIRIM! HTTP Code: 202

[2026-02-14 15:32:56] ========== RESPONSE.PHP START ==========
[2026-02-14 15:32:56] KONFIGURASI MAILERSEND - Array
(
    [api_token] => mlsn.3e45c...
    [domain] => test-q3enl6k0o7542vwr.mlsender.net
    [domain_id] => 3m5jgro6voxgdpyo
    [from_email] => noreply@test-q3enl6k0o7542vwr.mlsender.net
    [from_name] => Responsive Message App
)


[2026-02-14 17:31:05] ========== RESPONSE.PHP START ==========
[2026-02-14 17:31:05] KONFIGURASI MAILERSEND - Array
(
    [api_token] => mlsn.3e45c...
    [domain] => test-q3enl6k0o7542vwr.mlsender.net
    [from_email] => noreply@test-q3enl6k0o7542vwr.mlsender.net
)


[2026-02-14 17:31:17] ========== RESPONSE.PHP START ==========
[2026-02-14 17:31:17] KONFIGURASI MAILERSEND - Array
(
    [api_token] => mlsn.3e45c...
    [domain] => test-q3enl6k0o7542vwr.mlsender.net
    [from_email] => noreply@test-q3enl6k0o7542vwr.mlsender.net
)


[2026-02-14 17:37:57] ========== RESPONSE.PHP START ==========
[2026-02-14 17:37:57] KONFIGURASI MAILERSEND - Array
(
    [api_token] => mlsn.3e45c...
    [domain] => test-q3enl6k0o7542vwr.mlsender.net
    [from_email] => noreply@test-q3enl6k0o7542vwr.mlsender.net
)


[2026-02-14 17:40:45] ========== RESPONSE.PHP START ==========
[2026-02-14 17:40:45] KONFIGURASI MAILERSEND - Array
(
    [api_token] => mlsn.3e45c...
    [domain] => test-q3enl6k0o7542vwr.mlsender.net
    [from_email] => noreply@test-q3enl6k0o7542vwr.mlsender.net
)

[2026-02-14 17:40:46] 
================================================================================
[2026-02-14 17:40:46] sendMailerSendEmail() DIPANGGIL
[2026-02-14 17:40:47] RESPONSE API: - Array
(
    [http_code] => 202
    [curl_error] => 
    [response] => 
)


[2026-02-14 17:43:41] ========== RESPONSE.PHP START ==========
[2026-02-14 17:43:41] KONFIGURASI MAILERSEND - Array
(
    [api_token] => mlsn.3e45c...
    [domain] => test-q3enl6k0o7542vwr.mlsender.net
    [from_email] => noreply@test-q3enl6k0o7542vwr.mlsender.net
)

[2026-02-14 17:43:41] 
================================================================================
[2026-02-14 17:43:41] sendMailerSendEmail() DIPANGGIL
[2026-02-14 17:43:42] RESPONSE API: - Array
(
    [http_code] => 202
    [curl_error] => 
    [response] => 
)


[2026-02-14 18:01:17] ========== RESPONSE.PHP START ==========
[2026-02-14 18:01:17] KONFIGURASI MAILERSEND - Array
(
    [api_token] => mlsn.3e45c...
    [domain] => test-q3enl6k0o7542vwr.mlsender.net
    [from_email] => noreply@test-q3enl6k0o7542vwr.mlsender.net
)


[2026-02-14 18:01:18] ========== RESPONSE.PHP START ==========
[2026-02-14 18:01:18] KONFIGURASI MAILERSEND - Array
(
    [api_token] => mlsn.3e45c...
    [domain] => test-q3enl6k0o7542vwr.mlsender.net
    [from_email] => noreply@test-q3enl6k0o7542vwr.mlsender.net
)


[2026-02-14 18:05:51] ========== RESPONSE.PHP START ==========
[2026-02-14 18:05:51] KONFIGURASI MAILERSEND - Array
(
    [api_token] => mlsn.3e45c...
    [domain] => test-q3enl6k0o7542vwr.mlsender.net
    [from_email] => noreply@test-q3enl6k0o7542vwr.mlsender.net
)


[2026-02-14 18:06:45] ========== RESPONSE.PHP START ==========
[2026-02-14 18:06:45] KONFIGURASI MAILERSEND - Array
(
    [api_token] => mlsn.3e45c...
    [domain] => test-q3enl6k0o7542vwr.mlsender.net
    [from_email] => noreply@test-q3enl6k0o7542vwr.mlsender.net
)


[2026-02-14 18:06:45] ========== RESPONSE.PHP START ==========
[2026-02-14 18:06:45] KONFIGURASI MAILERSEND - Array
(
    [api_token] => mlsn.3e45c...
    [domain] => test-q3enl6k0o7542vwr.mlsender.net
    [from_email] => noreply@test-q3enl6k0o7542vwr.mlsender.net
)


[2026-02-15 07:15:31] ========== RESPONSE.PHP START ==========
[2026-02-15 07:15:32] KONFIGURASI MAILERSEND - Array
(
    [api_token] => mlsn.3e45c...
    [domain] => test-q3enl6k0o7542vwr.mlsender.net
    [from_email] => noreply@test-q3enl6k0o7542vwr.mlsender.net
)


[2026-02-15 07:20:55] ========== RESPONSE.PHP START ==========
[2026-02-15 07:20:55] KONFIGURASI MAILERSEND - Array
(
    [api_token] => mlsn.3e45c...
    [domain] => test-q3enl6k0o7542vwr.mlsender.net
    [from_email] => noreply@test-q3enl6k0o7542vwr.mlsender.net
)


[2026-02-15 07:20:55] ========== RESPONSE.PHP START ==========
[2026-02-15 07:20:55] KONFIGURASI MAILERSEND - Array
(
    [api_token] => mlsn.3e45c...
    [domain] => test-q3enl6k0o7542vwr.mlsender.net
    [from_email] => noreply@test-q3enl6k0o7542vwr.mlsender.net
)


[2026-02-15 07:35:15] ========== RESPONSE.PHP START ==========
[2026-02-15 07:35:15] KONFIGURASI MAILERSEND - Array
(
    [api_token] => mlsn.3e45c...
    [domain] => test-q3enl6k0o7542vwr.mlsender.net
    [from_email] => noreply@test-q3enl6k0o7542vwr.mlsender.net
)


[2026-02-15 07:35:16] ========== RESPONSE.PHP START ==========
[2026-02-15 07:35:16] KONFIGURASI MAILERSEND - Array
(
    [api_token] => mlsn.3e45c...
    [domain] => test-q3enl6k0o7542vwr.mlsender.net
    [from_email] => noreply@test-q3enl6k0o7542vwr.mlsender.net
)


[2026-02-15 08:00:40] ========== RESPONSE.PHP START ==========
[2026-02-15 08:00:40] KONFIGURASI MAILERSEND - Array
(
    [api_token] => mlsn.3e45c...
    [domain] => test-q3enl6k0o7542vwr.mlsender.net
    [from_email] => noreply@test-q3enl6k0o7542vwr.mlsender.net
)


[2026-02-15 08:01:13] ========== RESPONSE.PHP START ==========
[2026-02-15 08:01:13] KONFIGURASI MAILERSEND - Array
(
    [api_token] => mlsn.3e45c...
    [domain] => test-q3enl6k0o7542vwr.mlsender.net
    [from_email] => noreply@test-q3enl6k0o7542vwr.mlsender.net
)


[2026-02-15 08:01:13] ========== RESPONSE.PHP START ==========
[2026-02-15 08:01:13] KONFIGURASI MAILERSEND - Array
(
    [api_token] => mlsn.3e45c...
    [domain] => test-q3enl6k0o7542vwr.mlsender.net
    [from_email] => noreply@test-q3enl6k0o7542vwr.mlsender.net
)


[2026-02-15 08:11:50] ========== RESPONSE.PHP START ==========
[2026-02-15 08:11:50] KONFIGURASI MAILERSEND - Array
(
    [api_token] => mlsn.3e45c...
    [domain] => test-q3enl6k0o7542vwr.mlsender.net
    [from_email] => noreply@test-q3enl6k0o7542vwr.mlsender.net
)


[2026-02-15 08:12:31] ========== RESPONSE.PHP START ==========
[2026-02-15 08:12:31] KONFIGURASI MAILERSEND - Array
(
    [api_token] => mlsn.3e45c...
    [domain] => test-q3enl6k0o7542vwr.mlsender.net
    [from_email] => noreply@test-q3enl6k0o7542vwr.mlsender.net
)

[2026-02-15 08:12:34] 
================================================================================
[2026-02-15 08:12:34] sendMailerSendEmail() DIPANGGIL ke: agung.senen3@gmail.com
[2026-02-15 08:12:35] RESPONSE: HTTP 202

[2026-02-15 08:12:35] ========== RESPONSE.PHP START ==========
[2026-02-15 08:12:35] KONFIGURASI MAILERSEND - Array
(
    [api_token] => mlsn.3e45c...
    [domain] => test-q3enl6k0o7542vwr.mlsender.net
    [from_email] => noreply@test-q3enl6k0o7542vwr.mlsender.net
)


[2026-02-15 08:30:59] ========== RESPONSE.PHP START ==========
[2026-02-15 08:30:59] KONFIGURASI MAILERSEND - Array
(
    [api_token] => mlsn.3e45c...
    [domain] => test-q3enl6k0o7542vwr.mlsender.net
    [from_email] => noreply@test-q3enl6k0o7542vwr.mlsender.net
)


[2026-02-15 08:31:22] ========== RESPONSE.PHP START ==========
[2026-02-15 08:31:22] KONFIGURASI MAILERSEND - Array
(
    [api_token] => mlsn.3e45c...
    [domain] => test-q3enl6k0o7542vwr.mlsender.net
    [from_email] => noreply@test-q3enl6k0o7542vwr.mlsender.net
)

[2026-02-15 08:31:22] 
================================================================================
[2026-02-15 08:31:22] sendMailerSendEmail() DIPANGGIL ke: agung.senen3@gmail.com
[2026-02-15 08:31:23] RESPONSE: HTTP 202

[2026-02-15 08:31:23] ========== RESPONSE.PHP START ==========
[2026-02-15 08:31:23] KONFIGURASI MAILERSEND - Array
(
    [api_token] => mlsn.3e45c...
    [domain] => test-q3enl6k0o7542vwr.mlsender.net
    [from_email] => noreply@test-q3enl6k0o7542vwr.mlsender.net
)


[2026-02-15 08:44:55] ========== RESPONSE.PHP START ==========
[2026-02-15 08:44:55] KONFIGURASI MAILERSEND - Array
(
    [api_token] => mlsn.3e45c...
    [domain] => test-q3enl6k0o7542vwr.mlsender.net
    [from_email] => noreply@test-q3enl6k0o7542vwr.mlsender.net
)


[2026-02-15 08:45:02] ========== RESPONSE.PHP START ==========
[2026-02-15 08:45:02] KONFIGURASI MAILERSEND - Array
(
    [api_token] => mlsn.3e45c...
    [domain] => test-q3enl6k0o7542vwr.mlsender.net
    [from_email] => noreply@test-q3enl6k0o7542vwr.mlsender.net
)

[2026-02-15 08:45:02] 
================================================================================
[2026-02-15 08:45:02] sendMailerSendEmail() DIPANGGIL ke: agung.senen3@gmail.com
[2026-02-15 08:45:04] RESPONSE: HTTP 202

[2026-02-15 08:45:04] ========== RESPONSE.PHP START ==========
[2026-02-15 08:45:04] KONFIGURASI MAILERSEND - Array
(
    [api_token] => mlsn.3e45c...
    [domain] => test-q3enl6k0o7542vwr.mlsender.net
    [from_email] => noreply@test-q3enl6k0o7542vwr.mlsender.net
)


[2026-02-15 08:45:36] ========== RESPONSE.PHP START ==========
[2026-02-15 08:45:36] KONFIGURASI MAILERSEND - Array
(
    [api_token] => mlsn.3e45c...
    [domain] => test-q3enl6k0o7542vwr.mlsender.net
    [from_email] => noreply@test-q3enl6k0o7542vwr.mlsender.net
)

[2026-02-15 08:45:37] 
================================================================================
[2026-02-15 08:45:37] sendMailerSendEmail() DIPANGGIL ke: agung.senen3@gmail.com
[2026-02-15 08:45:37] RESPONSE: HTTP 202

[2026-02-15 08:45:37] ========== RESPONSE.PHP START ==========
[2026-02-15 08:45:37] KONFIGURASI MAILERSEND - Array
(
    [api_token] => mlsn.3e45c...
    [domain] => test-q3enl6k0o7542vwr.mlsender.net
    [from_email] => noreply@test-q3enl6k0o7542vwr.mlsender.net
)


[2026-02-15 13:15:21] ========== RESPONSE.PHP START ==========
[2026-02-15 13:15:21] KONFIGURASI MAILERSEND - Array
(
    [api_token] => mlsn.3e45c...
    [domain] => test-q3enl6k0o7542vwr.mlsender.net
    [from_email] => noreply@test-q3enl6k0o7542vwr.mlsender.net
)


[2026-02-15 13:15:31] ========== RESPONSE.PHP START ==========
[2026-02-15 13:15:31] KONFIGURASI MAILERSEND - Array
(
    [api_token] => mlsn.3e45c...
    [domain] => test-q3enl6k0o7542vwr.mlsender.net
    [from_email] => noreply@test-q3enl6k0o7542vwr.mlsender.net
)


[2026-02-15 13:15:53] ========== RESPONSE.PHP START ==========
[2026-02-15 13:15:53] KONFIGURASI MAILERSEND - Array
(
    [api_token] => mlsn.3e45c...
    [domain] => test-q3enl6k0o7542vwr.mlsender.net
    [from_email] => noreply@test-q3enl6k0o7542vwr.mlsender.net
)


[2026-02-15 13:16:06] ========== RESPONSE.PHP START ==========
[2026-02-15 13:16:06] KONFIGURASI MAILERSEND - Array
(
    [api_token] => mlsn.3e45c...
    [domain] => test-q3enl6k0o7542vwr.mlsender.net
    [from_email] => noreply@test-q3enl6k0o7542vwr.mlsender.net
)


[2026-02-15 13:16:10] ========== RESPONSE.PHP START ==========
[2026-02-15 13:16:10] KONFIGURASI MAILERSEND - Array
(
    [api_token] => mlsn.3e45c...
    [domain] => test-q3enl6k0o7542vwr.mlsender.net
    [from_email] => noreply@test-q3enl6k0o7542vwr.mlsender.net
)


[2026-02-15 13:30:24] ========== RESPONSE.PHP START ==========
[2026-02-15 13:30:24] KONFIGURASI MAILERSEND - Array
(
    [api_token] => mlsn.3e45c...
    [domain] => test-q3enl6k0o7542vwr.mlsender.net
    [from_email] => noreply@test-q3enl6k0o7542vwr.mlsender.net
)


[2026-02-15 13:30:29] ========== RESPONSE.PHP START ==========
[2026-02-15 13:30:29] KONFIGURASI MAILERSEND - Array
(
    [api_token] => mlsn.3e45c...
    [domain] => test-q3enl6k0o7542vwr.mlsender.net
    [from_email] => noreply@test-q3enl6k0o7542vwr.mlsender.net
)


[2026-02-15 13:31:25] ========== RESPONSE.PHP START ==========
[2026-02-15 13:31:25] KONFIGURASI MAILERSEND - Array
(
    [api_token] => mlsn.3e45c...
    [domain] => test-q3enl6k0o7542vwr.mlsender.net
    [from_email] => noreply@test-q3enl6k0o7542vwr.mlsender.net
)


[2026-02-15 13:31:28] ========== RESPONSE.PHP START ==========
[2026-02-15 13:31:28] KONFIGURASI MAILERSEND - Array
(
    [api_token] => mlsn.3e45c...
    [domain] => test-q3enl6k0o7542vwr.mlsender.net
    [from_email] => noreply@test-q3enl6k0o7542vwr.mlsender.net
)


[2026-02-15 13:31:52] ========== RESPONSE.PHP START ==========
[2026-02-15 13:31:52] KONFIGURASI MAILERSEND - Array
(
    [api_token] => mlsn.3e45c...
    [domain] => test-q3enl6k0o7542vwr.mlsender.net
    [from_email] => noreply@test-q3enl6k0o7542vwr.mlsender.net
)


[2026-02-15 13:33:25] ========== RESPONSE.PHP START ==========
[2026-02-15 13:33:25] KONFIGURASI MAILERSEND - Array
(
    [api_token] => mlsn.3e45c...
    [domain] => test-q3enl6k0o7542vwr.mlsender.net
    [from_email] => noreply@test-q3enl6k0o7542vwr.mlsender.net
)


[2026-02-15 15:09:31] ========== RESPONSE.PHP START ==========
[2026-02-15 15:09:31] KONFIGURASI MAILERSEND - Array
(
    [api_token] => mlsn.3e45c...
    [domain] => test-q3enl6k0o7542vwr.mlsender.net
    [from_email] => noreply@test-q3enl6k0o7542vwr.mlsender.net
)


[2026-02-15 15:09:33] ========== RESPONSE.PHP START ==========
[2026-02-15 15:09:33] KONFIGURASI MAILERSEND - Array
(
    [api_token] => mlsn.3e45c...
    [domain] => test-q3enl6k0o7542vwr.mlsender.net
    [from_email] => noreply@test-q3enl6k0o7542vwr.mlsender.net
)


[2026-02-15 15:09:35] ========== RESPONSE.PHP START ==========
[2026-02-15 15:09:35] KONFIGURASI MAILERSEND - Array
(
    [api_token] => mlsn.3e45c...
    [domain] => test-q3enl6k0o7542vwr.mlsender.net
    [from_email] => noreply@test-q3enl6k0o7542vwr.mlsender.net
)


[2026-02-15 15:29:44] ========== RESPONSE.PHP START ==========
[2026-02-15 15:29:44] KONFIGURASI MAILERSEND - Array
(
    [api_token] => mlsn.3e45c...
    [domain] => test-q3enl6k0o7542vwr.mlsender.net
    [from_email] => noreply@test-q3enl6k0o7542vwr.mlsender.net
)


[2026-02-15 15:29:53] ========== RESPONSE.PHP START ==========
[2026-02-15 15:29:53] KONFIGURASI MAILERSEND - Array
(
    [api_token] => mlsn.3e45c...
    [domain] => test-q3enl6k0o7542vwr.mlsender.net
    [from_email] => noreply@test-q3enl6k0o7542vwr.mlsender.net
)


[2026-02-15 15:30:19] ========== RESPONSE.PHP START ==========
[2026-02-15 15:30:19] KONFIGURASI MAILERSEND - Array
(
    [api_token] => mlsn.3e45c...
    [domain] => test-q3enl6k0o7542vwr.mlsender.net
    [from_email] => noreply@test-q3enl6k0o7542vwr.mlsender.net
)


[2026-02-15 15:55:25] ========== RESPONSE.PHP START ==========
[2026-02-15 15:55:25] KONFIGURASI MAILERSEND - Array
(
    [api_token] => mlsn.3e45c...
    [domain] => test-q3enl6k0o7542vwr.mlsender.net
    [from_email] => noreply@test-q3enl6k0o7542vwr.mlsender.net
)


[2026-02-15 15:55:31] ========== RESPONSE.PHP START ==========
[2026-02-15 15:55:31] KONFIGURASI MAILERSEND - Array
(
    [api_token] => mlsn.3e45c...
    [domain] => test-q3enl6k0o7542vwr.mlsender.net
    [from_email] => noreply@test-q3enl6k0o7542vwr.mlsender.net
)


[2026-02-15 15:56:03] ========== RESPONSE.PHP START ==========
[2026-02-15 15:56:03] KONFIGURASI MAILERSEND - Array
(
    [api_token] => mlsn.3e45c...
    [domain] => test-q3enl6k0o7542vwr.mlsender.net
    [from_email] => noreply@test-q3enl6k0o7542vwr.mlsender.net
)


[2026-02-15 15:56:11] ========== RESPONSE.PHP START ==========
[2026-02-15 15:56:11] KONFIGURASI MAILERSEND - Array
(
    [api_token] => mlsn.3e45c...
    [domain] => test-q3enl6k0o7542vwr.mlsender.net
    [from_email] => noreply@test-q3enl6k0o7542vwr.mlsender.net
)


[2026-02-15 15:57:03] ========== RESPONSE.PHP START ==========
[2026-02-15 15:57:03] KONFIGURASI MAILERSEND - Array
(
    [api_token] => mlsn.3e45c...
    [domain] => test-q3enl6k0o7542vwr.mlsender.net
    [from_email] => noreply@test-q3enl6k0o7542vwr.mlsender.net
)


[2026-02-15 15:57:12] ========== RESPONSE.PHP START ==========
[2026-02-15 15:57:12] KONFIGURASI MAILERSEND - Array
(
    [api_token] => mlsn.3e45c...
    [domain] => test-q3enl6k0o7542vwr.mlsender.net
    [from_email] => noreply@test-q3enl6k0o7542vwr.mlsender.net
)


[2026-02-15 15:57:50] ========== RESPONSE.PHP START ==========
[2026-02-15 15:57:50] KONFIGURASI MAILERSEND - Array
(
    [api_token] => mlsn.3e45c...
    [domain] => test-q3enl6k0o7542vwr.mlsender.net
    [from_email] => noreply@test-q3enl6k0o7542vwr.mlsender.net
)


[2026-02-15 16:17:00] ========== RESPONSE.PHP START ==========
[2026-02-15 16:17:00] KONFIGURASI MAILERSEND - Array
(
    [api_token] => mlsn.3e45c...
    [domain] => test-q3enl6k0o7542vwr.mlsender.net
    [from_email] => noreply@test-q3enl6k0o7542vwr.mlsender.net
)


[2026-02-15 16:17:05] ========== RESPONSE.PHP START ==========
[2026-02-15 16:17:05] KONFIGURASI MAILERSEND - Array
(
    [api_token] => mlsn.3e45c...
    [domain] => test-q3enl6k0o7542vwr.mlsender.net
    [from_email] => noreply@test-q3enl6k0o7542vwr.mlsender.net
)


[2026-02-15 16:26:04] ========== RESPONSE.PHP START ==========
[2026-02-15 16:26:04] KONFIGURASI MAILERSEND - Array
(
    [api_token] => mlsn.3e45c...
    [domain] => test-q3enl6k0o7542vwr.mlsender.net
    [from_email] => noreply@test-q3enl6k0o7542vwr.mlsender.net
)


[2026-02-15 16:26:13] ========== RESPONSE.PHP START ==========
[2026-02-15 16:26:13] KONFIGURASI MAILERSEND - Array
(
    [api_token] => mlsn.3e45c...
    [domain] => test-q3enl6k0o7542vwr.mlsender.net
    [from_email] => noreply@test-q3enl6k0o7542vwr.mlsender.net
)


[2026-02-15 16:26:21] ========== RESPONSE.PHP START ==========
[2026-02-15 16:26:21] KONFIGURASI MAILERSEND - Array
(
    [api_token] => mlsn.3e45c...
    [domain] => test-q3enl6k0o7542vwr.mlsender.net
    [from_email] => noreply@test-q3enl6k0o7542vwr.mlsender.net
)


[2026-02-15 16:26:25] ========== RESPONSE.PHP START ==========
[2026-02-15 16:26:25] KONFIGURASI MAILERSEND - Array
(
    [api_token] => mlsn.3e45c...
    [domain] => test-q3enl6k0o7542vwr.mlsender.net
    [from_email] => noreply@test-q3enl6k0o7542vwr.mlsender.net
)


[2026-02-15 16:27:01] ========== RESPONSE.PHP START ==========
[2026-02-15 16:27:01] KONFIGURASI MAILERSEND - Array
(
    [api_token] => mlsn.3e45c...
    [domain] => test-q3enl6k0o7542vwr.mlsender.net
    [from_email] => noreply@test-q3enl6k0o7542vwr.mlsender.net
)


[2026-02-15 16:40:25] ========== RESPONSE.PHP START ==========
[2026-02-15 16:40:25] KONFIGURASI MAILERSEND - Array
(
    [api_token] => mlsn.3e45c...
    [domain] => test-q3enl6k0o7542vwr.mlsender.net
    [from_email] => noreply@test-q3enl6k0o7542vwr.mlsender.net
)


[2026-02-15 16:40:30] ========== RESPONSE.PHP START ==========
[2026-02-15 16:40:30] KONFIGURASI MAILERSEND - Array
(
    [api_token] => mlsn.3e45c...
    [domain] => test-q3enl6k0o7542vwr.mlsender.net
    [from_email] => noreply@test-q3enl6k0o7542vwr.mlsender.net
)


[2026-02-15 16:40:40] ========== RESPONSE.PHP START ==========
[2026-02-15 16:40:40] KONFIGURASI MAILERSEND - Array
(
    [api_token] => mlsn.3e45c...
    [domain] => test-q3enl6k0o7542vwr.mlsender.net
    [from_email] => noreply@test-q3enl6k0o7542vwr.mlsender.net
)


[2026-02-15 16:43:11] ========== RESPONSE.PHP START ==========
[2026-02-15 16:43:11] KONFIGURASI MAILERSEND - Array
(
    [api_token] => mlsn.3e45c...
    [domain] => test-q3enl6k0o7542vwr.mlsender.net
    [from_email] => noreply@test-q3enl6k0o7542vwr.mlsender.net
)


[2026-02-15 17:02:21] ========== RESPONSE.PHP START ==========
[2026-02-15 17:02:21] KONFIGURASI MAILERSEND - Array
(
    [api_token] => mlsn.3e45c...
    [domain] => test-q3enl6k0o7542vwr.mlsender.net
    [from_email] => noreply@test-q3enl6k0o7542vwr.mlsender.net
)


[2026-02-15 17:08:35] ========== RESPONSE.PHP START ==========
[2026-02-15 17:08:35] KONFIGURASI MAILERSEND - Array
(
    [api_token] => mlsn.3e45c...
    [domain] => test-q3enl6k0o7542vwr.mlsender.net
    [from_email] => noreply@test-q3enl6k0o7542vwr.mlsender.net
)


[2026-02-15 17:18:55] ========== RESPONSE.PHP START ==========
[2026-02-15 17:18:55] KONFIGURASI MAILERSEND - Array
(
    [api_token] => mlsn.3e45c...
    [domain] => test-q3enl6k0o7542vwr.mlsender.net
    [from_email] => noreply@test-q3enl6k0o7542vwr.mlsender.net
)


[2026-02-15 17:27:28] ========== RESPONSE.PHP START ==========
[2026-02-15 17:27:28] KONFIGURASI MAILERSEND - Array
(
    [api_token] => mlsn.3e45c...
    [domain] => test-q3enl6k0o7542vwr.mlsender.net
    [from_email] => noreply@test-q3enl6k0o7542vwr.mlsender.net
)


[2026-02-15 17:27:39] ========== RESPONSE.PHP START ==========
[2026-02-15 17:27:39] KONFIGURASI MAILERSEND - Array
(
    [api_token] => mlsn.3e45c...
    [domain] => test-q3enl6k0o7542vwr.mlsender.net
    [from_email] => noreply@test-q3enl6k0o7542vwr.mlsender.net
)


[2026-02-15 17:46:47] ========== RESPONSE.PHP START ==========
[2026-02-15 17:46:47] KONFIGURASI MAILERSEND - Array
(
    [api_token] => mlsn.3e45c...
    [domain] => test-q3enl6k0o7542vwr.mlsender.net
    [from_email] => noreply@test-q3enl6k0o7542vwr.mlsender.net
)


[2026-02-15 17:46:55] ========== RESPONSE.PHP START ==========
[2026-02-15 17:46:55] KONFIGURASI MAILERSEND - Array
(
    [api_token] => mlsn.3e45c...
    [domain] => test-q3enl6k0o7542vwr.mlsender.net
    [from_email] => noreply@test-q3enl6k0o7542vwr.mlsender.net
)


[2026-02-15 17:47:10] ========== RESPONSE.PHP START ==========
[2026-02-15 17:47:10] KONFIGURASI MAILERSEND - Array
(
    [api_token] => mlsn.3e45c...
    [domain] => test-q3enl6k0o7542vwr.mlsender.net
    [from_email] => noreply@test-q3enl6k0o7542vwr.mlsender.net
)


[2026-02-15 17:47:19] ========== RESPONSE.PHP START ==========
[2026-02-15 17:47:19] KONFIGURASI MAILERSEND - Array
(
    [api_token] => mlsn.3e45c...
    [domain] => test-q3enl6k0o7542vwr.mlsender.net
    [from_email] => noreply@test-q3enl6k0o7542vwr.mlsender.net
)


[2026-02-15 17:53:27] ========== RESPONSE.PHP START ==========
[2026-02-15 17:53:27] KONFIGURASI MAILERSEND - Array
(
    [api_token] => mlsn.3e45c...
    [domain] => test-q3enl6k0o7542vwr.mlsender.net
    [from_email] => noreply@test-q3enl6k0o7542vwr.mlsender.net
)


[2026-02-15 17:53:34] ========== RESPONSE.PHP START ==========
[2026-02-15 17:53:34] KONFIGURASI MAILERSEND - Array
(
    [api_token] => mlsn.3e45c...
    [domain] => test-q3enl6k0o7542vwr.mlsender.net
    [from_email] => noreply@test-q3enl6k0o7542vwr.mlsender.net
)


[2026-02-15 17:53:47] ========== RESPONSE.PHP START ==========
[2026-02-15 17:53:47] KONFIGURASI MAILERSEND - Array
(
    [api_token] => mlsn.3e45c...
    [domain] => test-q3enl6k0o7542vwr.mlsender.net
    [from_email] => noreply@test-q3enl6k0o7542vwr.mlsender.net
)


[2026-02-15 17:55:47] ========== RESPONSE.PHP START ==========
[2026-02-15 17:55:47] KONFIGURASI MAILERSEND - Array
(
    [api_token] => mlsn.3e45c...
    [domain] => test-q3enl6k0o7542vwr.mlsender.net
    [from_email] => noreply@test-q3enl6k0o7542vwr.mlsender.net
)


[2026-02-15 18:07:26] ========== RESPONSE.PHP START ==========
[2026-02-15 18:07:26] KONFIGURASI MAILERSEND - Array
(
    [api_token] => mlsn.3e45c...
    [domain] => test-q3enl6k0o7542vwr.mlsender.net
    [from_email] => noreply@test-q3enl6k0o7542vwr.mlsender.net
)


[2026-02-15 18:07:37] ========== RESPONSE.PHP START ==========
[2026-02-15 18:07:37] KONFIGURASI MAILERSEND - Array
(
    [api_token] => mlsn.3e45c...
    [domain] => test-q3enl6k0o7542vwr.mlsender.net
    [from_email] => noreply@test-q3enl6k0o7542vwr.mlsender.net
)


[2026-02-15 18:07:47] ========== RESPONSE.PHP START ==========
[2026-02-15 18:07:47] KONFIGURASI MAILERSEND - Array
(
    [api_token] => mlsn.3e45c...
    [domain] => test-q3enl6k0o7542vwr.mlsender.net
    [from_email] => noreply@test-q3enl6k0o7542vwr.mlsender.net
)


[2026-02-15 18:08:04] ========== RESPONSE.PHP START ==========
[2026-02-15 18:08:04] KONFIGURASI MAILERSEND - Array
(
    [api_token] => mlsn.3e45c...
    [domain] => test-q3enl6k0o7542vwr.mlsender.net
    [from_email] => noreply@test-q3enl6k0o7542vwr.mlsender.net
)


[2026-02-15 18:08:38] ========== RESPONSE.PHP START ==========
[2026-02-15 18:08:38] KONFIGURASI MAILERSEND - Array
(
    [api_token] => mlsn.3e45c...
    [domain] => test-q3enl6k0o7542vwr.mlsender.net
    [from_email] => noreply@test-q3enl6k0o7542vwr.mlsender.net
)

[2026-02-15 18:08:39] 
================================================================================
[2026-02-15 18:08:39] sendMailerSendEmail() ke: agungway2901@gmail.com
[2026-02-15 18:08:39] HTTP 202

[2026-02-15 18:08:39] ========== RESPONSE.PHP START ==========
[2026-02-15 18:08:40] KONFIGURASI MAILERSEND - Array
(
    [api_token] => mlsn.3e45c...
    [domain] => test-q3enl6k0o7542vwr.mlsender.net
    [from_email] => noreply@test-q3enl6k0o7542vwr.mlsender.net
)


[2026-02-15 18:18:44] ========== RESPONSE.PHP START ==========
[2026-02-15 18:18:44] KONFIGURASI MAILERSEND - Array
(
    [api_token] => mlsn.3e45c...
    [domain] => test-q3enl6k0o7542vwr.mlsender.net
    [from_email] => noreply@test-q3enl6k0o7542vwr.mlsender.net
)


[2026-02-15 19:01:26] ========== RESPONSE.PHP START ==========
[2026-02-15 19:01:26] KONFIGURASI MAILERSEND - Array
(
    [api_token] => mlsn.3e45c...
    [domain] => test-q3enl6k0o7542vwr.mlsender.net
    [from_email] => noreply@test-q3enl6k0o7542vwr.mlsender.net
)


[2026-02-16 19:55:13] ========== RESPONSE.PHP START ==========
[2026-02-16 19:55:13] KONFIGURASI MAILERSEND - Array
(
    [api_token] => mlsn.3e45c...
    [domain] => test-q3enl6k0o7542vwr.mlsender.net
    [from_email] => noreply@test-q3enl6k0o7542vwr.mlsender.net
)


[2026-02-17 16:57:12] ========== RESPONSE.PHP START ==========
[2026-02-17 16:57:12] KONFIGURASI MAILERSEND - Array
(
    [api_token] => mlsn.3e45c...
    [domain] => test-q3enl6k0o7542vwr.mlsender.net
    [from_email] => noreply@test-q3enl6k0o7542vwr.mlsender.net
)


[2026-02-17 16:57:43] ========== RESPONSE.PHP START ==========
[2026-02-17 16:57:43] KONFIGURASI MAILERSEND - Array
(
    [api_token] => mlsn.3e45c...
    [domain] => test-q3enl6k0o7542vwr.mlsender.net
    [from_email] => noreply@test-q3enl6k0o7542vwr.mlsender.net
)

[2026-02-17 16:57:44] 
================================================================================
[2026-02-17 16:57:44] sendMailerSendEmail() ke: sri.widisastuti261077@gmail.com
[2026-02-17 16:57:45] HTTP 422

[2026-02-17 16:57:45] ========== RESPONSE.PHP START ==========
[2026-02-17 16:57:45] KONFIGURASI MAILERSEND - Array
(
    [api_token] => mlsn.3e45c...
    [domain] => test-q3enl6k0o7542vwr.mlsender.net
    [from_email] => noreply@test-q3enl6k0o7542vwr.mlsender.net
)


[2026-02-17 17:06:03] ========== RESPONSE.PHP START ==========
[2026-02-17 17:06:03] KONFIGURASI MAILERSEND - Array
(
    [api_token] => mlsn.3e45c...
    [domain] => test-q3enl6k0o7542vwr.mlsender.net
    [from_email] => noreply@test-q3enl6k0o7542vwr.mlsender.net
)

[2026-02-17 17:06:03] 
================================================================================
[2026-02-17 17:06:03] sendMailerSendEmail() ke: sri.widisastuti261077@gmail.com
[2026-02-17 17:06:04] HTTP 422

[2026-02-17 17:06:04] ========== RESPONSE.PHP START ==========
[2026-02-17 17:06:04] KONFIGURASI MAILERSEND - Array
(
    [api_token] => mlsn.3e45c...
    [domain] => test-q3enl6k0o7542vwr.mlsender.net
    [from_email] => noreply@test-q3enl6k0o7542vwr.mlsender.net
)


[2026-02-17 17:13:01] ========== RESPONSE.PHP START ==========
[2026-02-17 17:13:01] KONFIGURASI MAILERSEND - Array
(
    [api_token] => mlsn.3e45c...
    [domain] => test-q3enl6k0o7542vwr.mlsender.net
    [from_email] => noreply@test-q3enl6k0o7542vwr.mlsender.net
)

[2026-02-17 17:13:02] 
================================================================================
[2026-02-17 17:13:02] sendMailerSendEmail() ke: sri.widisastuti261077@gmail.com
[2026-02-17 17:13:03] HTTP 422

[2026-02-17 17:13:03] ========== RESPONSE.PHP START ==========
[2026-02-17 17:13:03] KONFIGURASI MAILERSEND - Array
(
    [api_token] => mlsn.3e45c...
    [domain] => test-q3enl6k0o7542vwr.mlsender.net
    [from_email] => noreply@test-q3enl6k0o7542vwr.mlsender.net
)


[2026-02-17 17:16:17] ========== RESPONSE.PHP START ==========
[2026-02-17 17:16:17] KONFIGURASI MAILERSEND - Array
(
    [api_token] => mlsn.3e45c...
    [domain] => test-q3enl6k0o7542vwr.mlsender.net
    [from_email] => noreply@test-q3enl6k0o7542vwr.mlsender.net
)

[2026-02-17 17:16:17] 
================================================================================
[2026-02-17 17:16:17] sendMailerSendEmail() ke: sri.widisastuti261077@gmail.com
[2026-02-17 17:16:18] HTTP 422

[2026-02-17 17:16:18] ========== RESPONSE.PHP START ==========
[2026-02-17 17:16:18] KONFIGURASI MAILERSEND - Array
(
    [api_token] => mlsn.3e45c...
    [domain] => test-q3enl6k0o7542vwr.mlsender.net
    [from_email] => noreply@test-q3enl6k0o7542vwr.mlsender.net
)


[2026-02-17 17:31:07] ========== RESPONSE.PHP START ==========
[2026-02-17 17:31:07] KONFIGURASI MAILERSEND - Array
(
    [api_token] => mlsn.3e45c...
    [domain] => test-q3enl6k0o7542vwr.mlsender.net
    [from_email] => noreply@test-q3enl6k0o7542vwr.mlsender.net
)


[2026-02-17 17:31:25] ========== RESPONSE.PHP START ==========
[2026-02-17 17:31:25] KONFIGURASI MAILERSEND - Array
(
    [api_token] => mlsn.3e45c...
    [domain] => test-q3enl6k0o7542vwr.mlsender.net
    [from_email] => noreply@test-q3enl6k0o7542vwr.mlsender.net
)

[2026-02-17 17:31:25] 
================================================================================
[2026-02-17 17:31:25] sendMailerSendEmail() ke: sri.widisastuti261077@gmail.com
[2026-02-17 17:31:25] HTTP 422

[2026-02-17 17:31:25] ========== RESPONSE.PHP START ==========
[2026-02-17 17:31:25] KONFIGURASI MAILERSEND - Array
(
    [api_token] => mlsn.3e45c...
    [domain] => test-q3enl6k0o7542vwr.mlsender.net
    [from_email] => noreply@test-q3enl6k0o7542vwr.mlsender.net
)


[2026-02-17 17:32:11] ========== RESPONSE.PHP START ==========
[2026-02-17 17:32:11] KONFIGURASI MAILERSEND - Array
(
    [api_token] => mlsn.3e45c...
    [domain] => test-q3enl6k0o7542vwr.mlsender.net
    [from_email] => noreply@test-q3enl6k0o7542vwr.mlsender.net
)

[2026-02-17 17:32:12] 
================================================================================
[2026-02-17 17:32:12] sendMailerSendEmail() ke: sri.widisastuti261077@gmail.com
[2026-02-17 17:32:13] HTTP 422

[2026-02-17 17:32:13] ========== RESPONSE.PHP START ==========
[2026-02-17 17:32:13] KONFIGURASI MAILERSEND - Array
(
    [api_token] => mlsn.3e45c...
    [domain] => test-q3enl6k0o7542vwr.mlsender.net
    [from_email] => noreply@test-q3enl6k0o7542vwr.mlsender.net
)


[2026-02-17 17:37:10] ========== RESPONSE.PHP START ==========
[2026-02-17 17:37:10] KONFIGURASI MAILERSEND - Array
(
    [api_token] => mlsn.3e45c...
    [domain] => test-q3enl6k0o7542vwr.mlsender.net
    [from_email] => noreply@test-q3enl6k0o7542vwr.mlsender.net
)

[2026-02-17 17:37:10] 
================================================================================
[2026-02-17 17:37:10] sendMailerSendEmail() ke: sri.widisastuti261077@gmail.com
[2026-02-17 17:37:11] HTTP 422

[2026-02-17 17:37:11] ========== RESPONSE.PHP START ==========
[2026-02-17 17:37:11] KONFIGURASI MAILERSEND - Array
(
    [api_token] => mlsn.3e45c...
    [domain] => test-q3enl6k0o7542vwr.mlsender.net
    [from_email] => noreply@test-q3enl6k0o7542vwr.mlsender.net
)


[2026-02-17 17:45:43] ========== RESPONSE.PHP START ==========
[2026-02-17 17:45:44] KONFIGURASI MAILERSEND - Array
(
    [api_token] => mlsn.3e45c...
    [domain] => test-q3enl6k0o7542vwr.mlsender.net
    [from_email] => noreply@test-q3enl6k0o7542vwr.mlsender.net
)


[2026-02-17 17:45:58] ========== RESPONSE.PHP START ==========
[2026-02-17 17:45:58] KONFIGURASI MAILERSEND - Array
(
    [api_token] => mlsn.3e45c...
    [domain] => test-q3enl6k0o7542vwr.mlsender.net
    [from_email] => noreply@test-q3enl6k0o7542vwr.mlsender.net
)


[2026-02-17 17:46:04] ========== RESPONSE.PHP START ==========
[2026-02-17 17:46:04] KONFIGURASI MAILERSEND - Array
(
    [api_token] => mlsn.3e45c...
    [domain] => test-q3enl6k0o7542vwr.mlsender.net
    [from_email] => noreply@test-q3enl6k0o7542vwr.mlsender.net
)

[2026-02-17 17:46:04] 
================================================================================
[2026-02-17 17:46:04] sendMailerSendEmail() ke: sri.widisastuti261077@gmail.com
[2026-02-17 17:46:05] HTTP 422

[2026-02-17 17:46:05] ========== RESPONSE.PHP START ==========
[2026-02-17 17:46:05] KONFIGURASI MAILERSEND - Array
(
    [api_token] => mlsn.3e45c...
    [domain] => test-q3enl6k0o7542vwr.mlsender.net
    [from_email] => noreply@test-q3enl6k0o7542vwr.mlsender.net
)


[2026-02-17 17:49:07] ========== RESPONSE.PHP START ==========
[2026-02-17 17:49:07] KONFIGURASI MAILERSEND - Array
(
    [api_token] => mlsn.3e45c...
    [domain] => test-q3enl6k0o7542vwr.mlsender.net
    [from_email] => noreply@test-q3enl6k0o7542vwr.mlsender.net
)


[2026-02-17 17:49:36] ========== RESPONSE.PHP START ==========
[2026-02-17 17:49:36] KONFIGURASI MAILERSEND - Array
(
    [api_token] => mlsn.3e45c...
    [domain] => test-q3enl6k0o7542vwr.mlsender.net
    [from_email] => noreply@test-q3enl6k0o7542vwr.mlsender.net
)

[2026-02-17 17:49:36] 
================================================================================
[2026-02-17 17:49:36] sendMailerSendEmail() ke: sri.widisastuti261077@gmail.com
[2026-02-17 17:49:37] HTTP 422

[2026-02-17 17:49:37] ========== RESPONSE.PHP START ==========
[2026-02-17 17:49:37] KONFIGURASI MAILERSEND - Array
(
    [api_token] => mlsn.3e45c...
    [domain] => test-q3enl6k0o7542vwr.mlsender.net
    [from_email] => noreply@test-q3enl6k0o7542vwr.mlsender.net
)


[2026-02-17 17:49:44] ========== RESPONSE.PHP START ==========
[2026-02-17 17:49:44] KONFIGURASI MAILERSEND - Array
(
    [api_token] => mlsn.3e45c...
    [domain] => test-q3enl6k0o7542vwr.mlsender.net
    [from_email] => noreply@test-q3enl6k0o7542vwr.mlsender.net
)

[2026-02-17 17:49:44] 
================================================================================
[2026-02-17 17:49:44] sendMailerSendEmail() ke: sri.widisastuti261077@gmail.com
[2026-02-17 17:49:45] HTTP 422

[2026-02-17 17:49:45] ========== RESPONSE.PHP START ==========
[2026-02-17 17:49:45] KONFIGURASI MAILERSEND - Array
(
    [api_token] => mlsn.3e45c...
    [domain] => test-q3enl6k0o7542vwr.mlsender.net
    [from_email] => noreply@test-q3enl6k0o7542vwr.mlsender.net
)


[2026-02-17 19:00:42] ========== RESPONSE.PHP START ==========
[2026-02-17 19:00:42] KONFIGURASI MAILERSEND - Array
(
    [api_token] => mlsn.3e45c...
    [domain] => test-q3enl6k0o7542vwr.mlsender.net
    [from_email] => noreply@test-q3enl6k0o7542vwr.mlsender.net
)


[2026-02-17 19:00:58] ========== RESPONSE.PHP START ==========
[2026-02-17 19:00:58] KONFIGURASI MAILERSEND - Array
(
    [api_token] => mlsn.3e45c...
    [domain] => test-q3enl6k0o7542vwr.mlsender.net
    [from_email] => noreply@test-q3enl6k0o7542vwr.mlsender.net
)

[2026-02-17 19:00:58] 
================================================================================
[2026-02-17 19:00:58] sendMailerSendEmail() ke: sri.widiastuti261077@gmail.com
[2026-02-17 19:00:59] HTTP 422

[2026-02-17 19:00:59] ========== RESPONSE.PHP START ==========
[2026-02-17 19:00:59] KONFIGURASI MAILERSEND - Array
(
    [api_token] => mlsn.3e45c...
    [domain] => test-q3enl6k0o7542vwr.mlsender.net
    [from_email] => noreply@test-q3enl6k0o7542vwr.mlsender.net
)


[2026-02-17 19:50:34] ========== RESPONSE.PHP START ==========
[2026-02-17 19:50:34] KONFIGURASI MAILERSEND - Array
(
    [api_token] => mlsn.3e45c...
    [domain] => test-q3enl6k0o7542vwr.mlsender.net
    [from_email] => noreply@test-q3enl6k0o7542vwr.mlsender.net
)


[2026-02-17 19:50:55] ========== RESPONSE.PHP START ==========
[2026-02-17 19:50:55] KONFIGURASI MAILERSEND - Array
(
    [api_token] => mlsn.3e45c...
    [domain] => test-q3enl6k0o7542vwr.mlsender.net
    [from_email] => noreply@test-q3enl6k0o7542vwr.mlsender.net
)

[2026-02-17 19:50:56] 
================================================================================
[2026-02-17 19:50:56] sendMailerSendEmail() ke: agungway2901@gmail.com
[2026-02-17 19:50:56] HTTP 202

[2026-02-17 19:50:56] ========== RESPONSE.PHP START ==========
[2026-02-17 19:50:56] KONFIGURASI MAILERSEND - Array
(
    [api_token] => mlsn.3e45c...
    [domain] => test-q3enl6k0o7542vwr.mlsender.net
    [from_email] => noreply@test-q3enl6k0o7542vwr.mlsender.net
)


[2026-02-17 19:52:52] ========== RESPONSE.PHP START ==========
[2026-02-17 19:52:52] KONFIGURASI MAILERSEND - Array
(
    [api_token] => mlsn.3e45c...
    [domain] => test-q3enl6k0o7542vwr.mlsender.net
    [from_email] => noreply@test-q3enl6k0o7542vwr.mlsender.net
)

[2026-02-17 19:52:52] 
================================================================================
[2026-02-17 19:52:52] sendMailerSendEmail() ke: agungway2901@gmail.com
[2026-02-17 19:52:53] HTTP 202

[2026-02-17 19:52:53] ========== RESPONSE.PHP START ==========
[2026-02-17 19:52:53] KONFIGURASI MAILERSEND - Array
(
    [api_token] => mlsn.3e45c...
    [domain] => test-q3enl6k0o7542vwr.mlsender.net
    [from_email] => noreply@test-q3enl6k0o7542vwr.mlsender.net
)


[2026-02-17 19:54:08] ========== RESPONSE.PHP START ==========
[2026-02-17 19:54:08] KONFIGURASI MAILERSEND - Array
(
    [api_token] => mlsn.3e45c...
    [domain] => test-q3enl6k0o7542vwr.mlsender.net
    [from_email] => noreply@test-q3enl6k0o7542vwr.mlsender.net
)

[2026-02-17 19:54:09] 
================================================================================
[2026-02-17 19:54:09] sendMailerSendEmail() ke: agungway2901@gmail.com
[2026-02-17 19:54:10] HTTP 202

[2026-02-17 19:54:10] ========== RESPONSE.PHP START ==========
[2026-02-17 19:54:10] KONFIGURASI MAILERSEND - Array
(
    [api_token] => mlsn.3e45c...
    [domain] => test-q3enl6k0o7542vwr.mlsender.net
    [from_email] => noreply@test-q3enl6k0o7542vwr.mlsender.net
)


[2026-02-17 19:55:11] ========== RESPONSE.PHP START ==========
[2026-02-17 19:55:11] KONFIGURASI MAILERSEND - Array
(
    [api_token] => mlsn.3e45c...
    [domain] => test-q3enl6k0o7542vwr.mlsender.net
    [from_email] => noreply@test-q3enl6k0o7542vwr.mlsender.net
)

[2026-02-17 19:55:11] 
================================================================================
[2026-02-17 19:55:11] sendMailerSendEmail() ke: agungway2901@gmail.com
[2026-02-17 19:55:12] HTTP 202

[2026-02-17 19:55:12] ========== RESPONSE.PHP START ==========
[2026-02-17 19:55:12] KONFIGURASI MAILERSEND - Array
(
    [api_token] => mlsn.3e45c...
    [domain] => test-q3enl6k0o7542vwr.mlsender.net
    [from_email] => noreply@test-q3enl6k0o7542vwr.mlsender.net
)


[2026-02-17 19:58:30] ========== RESPONSE.PHP START ==========
[2026-02-17 19:58:30] KONFIGURASI MAILERSEND - Array
(
    [api_token] => mlsn.3e45c...
    [domain] => test-q3enl6k0o7542vwr.mlsender.net
    [from_email] => noreply@test-q3enl6k0o7542vwr.mlsender.net
)

[2026-02-17 19:58:31] 
================================================================================
[2026-02-17 19:58:31] sendMailerSendEmail() ke: agungway2901@gmail.com
[2026-02-17 19:58:32] HTTP 202

[2026-02-17 19:58:32] ========== RESPONSE.PHP START ==========
[2026-02-17 19:58:32] KONFIGURASI MAILERSEND - Array
(
    [api_token] => mlsn.3e45c...
    [domain] => test-q3enl6k0o7542vwr.mlsender.net
    [from_email] => noreply@test-q3enl6k0o7542vwr.mlsender.net
)


[2026-02-17 19:59:49] ========== RESPONSE.PHP START ==========
[2026-02-17 19:59:49] KONFIGURASI MAILERSEND - Array
(
    [api_token] => mlsn.3e45c...
    [domain] => test-q3enl6k0o7542vwr.mlsender.net
    [from_email] => noreply@test-q3enl6k0o7542vwr.mlsender.net
)


[2026-02-17 20:01:17] ========== RESPONSE.PHP START ==========
[2026-02-17 20:01:17] KONFIGURASI MAILERSEND - Array
(
    [api_token] => mlsn.3e45c...
    [domain] => test-q3enl6k0o7542vwr.mlsender.net
    [from_email] => noreply@test-q3enl6k0o7542vwr.mlsender.net
)

[2026-02-17 20:01:18] 
================================================================================
[2026-02-17 20:01:18] sendMailerSendEmail() ke: sri.widiastuti261077@gmail.com
[2026-02-17 20:01:19] HTTP 422

[2026-02-17 20:01:19] ========== RESPONSE.PHP START ==========
[2026-02-17 20:01:19] KONFIGURASI MAILERSEND - Array
(
    [api_token] => mlsn.3e45c...
    [domain] => test-q3enl6k0o7542vwr.mlsender.net
    [from_email] => noreply@test-q3enl6k0o7542vwr.mlsender.net
)


[2026-02-17 20:16:23] ========== RESPONSE.PHP START ==========
[2026-02-17 20:16:23] KONFIGURASI MAILERSEND - Array
(
    [api_token] => mlsn.3e45c...
    [domain] => test-q3enl6k0o7542vwr.mlsender.net
    [from_email] => noreply@test-q3enl6k0o7542vwr.mlsender.net
)


[2026-02-17 20:16:33] ========== RESPONSE.PHP START ==========
[2026-02-17 20:16:33] KONFIGURASI MAILERSEND - Array
(
    [api_token] => mlsn.3e45c...
    [domain] => test-q3enl6k0o7542vwr.mlsender.net
    [from_email] => noreply@test-q3enl6k0o7542vwr.mlsender.net
)

[2026-02-17 20:16:33] 
================================================================================
[2026-02-17 20:16:33] sendMailerSendEmail() ke: sri.widiastuti2610@gmail.com
[2026-02-17 20:16:34] HTTP 422

[2026-02-17 20:16:34] ========== RESPONSE.PHP START ==========
[2026-02-17 20:16:34] KONFIGURASI MAILERSEND - Array
(
    [api_token] => mlsn.3e45c...
    [domain] => test-q3enl6k0o7542vwr.mlsender.net
    [from_email] => noreply@test-q3enl6k0o7542vwr.mlsender.net
)


[2026-02-17 20:20:23] ========== RESPONSE.PHP START ==========
[2026-02-17 20:20:23] KONFIGURASI MAILERSEND - Array
(
    [api_token] => mlsn.3e45c...
    [domain] => test-q3enl6k0o7542vwr.mlsender.net
    [from_email] => noreply@test-q3enl6k0o7542vwr.mlsender.net
)


[2026-02-17 20:20:34] ========== RESPONSE.PHP START ==========
[2026-02-17 20:20:34] KONFIGURASI MAILERSEND - Array
(
    [api_token] => mlsn.3e45c...
    [domain] => test-q3enl6k0o7542vwr.mlsender.net
    [from_email] => noreply@test-q3enl6k0o7542vwr.mlsender.net
)

[2026-02-17 20:20:34] 
================================================================================
[2026-02-17 20:20:34] sendMailerSendEmail() ke: agung.wahono2901@gmail.com
[2026-02-17 20:20:35] HTTP 422

[2026-02-17 20:20:35] ========== RESPONSE.PHP START ==========
[2026-02-17 20:20:35] KONFIGURASI MAILERSEND - Array
(
    [api_token] => mlsn.3e45c...
    [domain] => test-q3enl6k0o7542vwr.mlsender.net
    [from_email] => noreply@test-q3enl6k0o7542vwr.mlsender.net
)


[2026-02-17 20:21:18] ========== RESPONSE.PHP START ==========
[2026-02-17 20:21:18] KONFIGURASI MAILERSEND - Array
(
    [api_token] => mlsn.3e45c...
    [domain] => test-q3enl6k0o7542vwr.mlsender.net
    [from_email] => noreply@test-q3enl6k0o7542vwr.mlsender.net
)


[2026-02-17 20:21:25] ========== RESPONSE.PHP START ==========
[2026-02-17 20:21:25] KONFIGURASI MAILERSEND - Array
(
    [api_token] => mlsn.3e45c...
    [domain] => test-q3enl6k0o7542vwr.mlsender.net
    [from_email] => noreply@test-q3enl6k0o7542vwr.mlsender.net
)

[2026-02-17 20:21:25] 
================================================================================
[2026-02-17 20:21:25] sendMailerSendEmail() ke: agungway2901@gmail.com
[2026-02-17 20:21:26] HTTP 202

[2026-02-17 20:21:26] ========== RESPONSE.PHP START ==========
[2026-02-17 20:21:26] KONFIGURASI MAILERSEND - Array
(
    [api_token] => mlsn.3e45c...
    [domain] => test-q3enl6k0o7542vwr.mlsender.net
    [from_email] => noreply@test-q3enl6k0o7542vwr.mlsender.net
)


[2026-02-17 20:27:50] ========== RESPONSE.PHP START ==========
[2026-02-17 20:27:50] KONFIGURASI MAILERSEND - Array
(
    [api_token] => mlsn.3e45c...
    [domain] => test-q3enl6k0o7542vwr.mlsender.net
    [from_email] => noreply@test-q3enl6k0o7542vwr.mlsender.net
)


[2026-02-17 20:30:35] ========== RESPONSE.PHP START ==========
[2026-02-17 20:30:35] KONFIGURASI MAILERSEND - Array
(
    [api_token] => mlsn.3e45c...
    [domain] => test-q3enl6k0o7542vwr.mlsender.net
    [from_email] => noreply@test-q3enl6k0o7542vwr.mlsender.net
)


[2026-02-19 11:07:33] ========== RESPONSE.PHP START ==========
[2026-02-19 11:07:33] KONFIGURASI MAILERSEND - Array
(
    [api_token] => mlsn.a4e70...
    [domain] => test-r9084zv6rpjgw63d.mlsender.net
    [from_email] => noreply@test-r9084zv6rpjgw63d.mlsender.net
)


[2026-02-19 11:16:42] ========== RESPONSE.PHP START ==========
[2026-02-19 11:16:42] KONFIGURASI MAILERSEND (AKUN BARU) - Array
(
    [api_token] => mlsn.a4e70a19ff...
    [domain] => test-r9084zv6rpjgw63d.mlsender.net
    [domain_id] => 69oxl5ejo22l785k
    [from_email] => noreply@test-r9084zv6rpjgw63d.mlsender.net
)


[2026-02-19 11:16:45] ========== RESPONSE.PHP START ==========
[2026-02-19 11:16:45] KONFIGURASI MAILERSEND (AKUN BARU) - Array
(
    [api_token] => mlsn.a4e70a19ff...
    [domain] => test-r9084zv6rpjgw63d.mlsender.net
    [domain_id] => 69oxl5ejo22l785k
    [from_email] => noreply@test-r9084zv6rpjgw63d.mlsender.net
)


[2026-02-19 11:18:05] ========== RESPONSE.PHP START ==========
[2026-02-19 11:18:06] KONFIGURASI MAILERSEND (AKUN BARU) - Array
(
    [api_token] => mlsn.a4e70a19ff...
    [domain] => test-r9084zv6rpjgw63d.mlsender.net
    [domain_id] => 69oxl5ejo22l785k
    [from_email] => noreply@test-r9084zv6rpjgw63d.mlsender.net
)

[2026-02-19 11:18:06] 
================================================================================
[2026-02-19 11:18:06] sendMailerSendEmail() ke: sri.widiastuti261077@gmail.com
[2026-02-19 11:18:06] Data email: - Array
(
    [from] => noreply@test-r9084zv6rpjgw63d.mlsender.net
    [to] => sri.widiastuti261077@gmail.com
    [subject] => Respons Pesan #MSG-20260219-84BC10 - SMKN 12 Jakarta
    [html_length] => 2323
)

[2026-02-19 11:18:06] HTTP Code: 202
[2026-02-19 11:18:06] Response: 

[2026-02-19 11:18:06] ========== RESPONSE.PHP START ==========
[2026-02-19 11:18:06] KONFIGURASI MAILERSEND (AKUN BARU) - Array
(
    [api_token] => mlsn.a4e70a19ff...
    [domain] => test-r9084zv6rpjgw63d.mlsender.net
    [domain_id] => 69oxl5ejo22l785k
    [from_email] => noreply@test-r9084zv6rpjgw63d.mlsender.net
)


[2026-02-19 12:07:56] ========== RESPONSE.PHP START ==========
[2026-02-19 12:07:56] KONFIGURASI MAILERSEND (AKUN BARU) - Array
(
    [api_token] => mlsn.a4e70a19ff...
    [domain] => test-r9084zv6rpjgw63d.mlsender.net
    [domain_id] => 69oxl5ejo22l785k
    [from_email] => noreply@test-r9084zv6rpjgw63d.mlsender.net
)


[2026-02-19 12:08:32] ========== RESPONSE.PHP START ==========
[2026-02-19 12:08:32] KONFIGURASI MAILERSEND (AKUN BARU) - Array
(
    [api_token] => mlsn.a4e70a19ff...
    [domain] => test-r9084zv6rpjgw63d.mlsender.net
    [domain_id] => 69oxl5ejo22l785k
    [from_email] => noreply@test-r9084zv6rpjgw63d.mlsender.net
)

[2026-02-19 12:08:32] 
================================================================================
[2026-02-19 12:08:32] sendMailerSendEmail() ke: agung.senen3@gmail.com
[2026-02-19 12:08:32] Data email: - Array
(
    [from] => noreply@test-r9084zv6rpjgw63d.mlsender.net
    [to] => agung.senen3@gmail.com
    [subject] => Respons Pesan #EXT20260219-18588 - SMKN 12 Jakarta
    [html_length] => 2327
)

[2026-02-19 12:08:33] HTTP Code: 202
[2026-02-19 12:08:33] Response: 

[2026-02-19 12:08:33] ========== RESPONSE.PHP START ==========
[2026-02-19 12:08:33] KONFIGURASI MAILERSEND (AKUN BARU) - Array
(
    [api_token] => mlsn.a4e70a19ff...
    [domain] => test-r9084zv6rpjgw63d.mlsender.net
    [domain_id] => 69oxl5ejo22l785k
    [from_email] => noreply@test-r9084zv6rpjgw63d.mlsender.net
)


[2026-02-20 09:06:51] ========== RESPONSE.PHP START ==========
[2026-02-20 09:06:51] KONFIGURASI MAILERSEND (AKUN BARU) - Array
(
    [api_token] => mlsn.a4e70a19ff...
    [domain] => test-r9084zv6rpjgw63d.mlsender.net
    [domain_id] => 69oxl5ejo22l785k
    [from_email] => noreply@test-r9084zv6rpjgw63d.mlsender.net
)


[2026-02-20 09:07:07] ========== RESPONSE.PHP START ==========
[2026-02-20 09:07:07] KONFIGURASI MAILERSEND (AKUN BARU) - Array
(
    [api_token] => mlsn.a4e70a19ff...
    [domain] => test-r9084zv6rpjgw63d.mlsender.net
    [domain_id] => 69oxl5ejo22l785k
    [from_email] => noreply@test-r9084zv6rpjgw63d.mlsender.net
)

[2026-02-20 09:07:08] 
================================================================================
[2026-02-20 09:07:08] sendMailerSendEmail() ke: sri.widiastuti261077@gmail.com
[2026-02-20 09:07:08] Data email: - Array
(
    [from] => noreply@test-r9084zv6rpjgw63d.mlsender.net
    [to] => sri.widiastuti261077@gmail.com
    [subject] => Respons Pesan #MSG-20260219-84BC10 - SMKN 12 Jakarta
    [html_length] => 2323
)

[2026-02-20 09:07:08] HTTP Code: 202
[2026-02-20 09:07:08] Response: 

[2026-02-20 09:07:08] ========== RESPONSE.PHP START ==========
[2026-02-20 09:07:08] KONFIGURASI MAILERSEND (AKUN BARU) - Array
(
    [api_token] => mlsn.a4e70a19ff...
    [domain] => test-r9084zv6rpjgw63d.mlsender.net
    [domain_id] => 69oxl5ejo22l785k
    [from_email] => noreply@test-r9084zv6rpjgw63d.mlsender.net
)


[2026-02-20 09:24:14] ========== RESPONSE.PHP START ==========
[2026-02-20 09:24:14] KONFIGURASI MAILERSEND (AKUN BARU) - Array
(
    [api_token] => mlsn.a4e70a19ff...
    [domain] => test-r9084zv6rpjgw63d.mlsender.net
    [domain_id] => 69oxl5ejo22l785k
    [from_email] => noreply@test-r9084zv6rpjgw63d.mlsender.net
)


[2026-02-23 10:57:58] ========== RESPONSE.PHP START ==========
[2026-02-23 10:57:58] KONFIGURASI MAILERSEND (DARI SETTINGS.PHP) - Array
(
    [api_token] => mlsn.a4e70a19ff...
    [domain] => test-r9084zv6rpjgw63d.mlsender.net
    [from_email] => noreply@test-r9084zv6rpjgw63d.mlsender.net
    [is_active] => 1
)


[2026-02-26 13:13:31] ========== RESPONSE.PHP START ==========
[2026-02-26 13:13:31] KONFIGURASI MAILERSEND (DARI SETTINGS.PHP) - Array
(
    [api_token] => mlsn.a4e70a19ff...
    [domain] => test-r9084zv6rpjgw63d.mlsender.net
    [from_email] => noreply@test-r9084zv6rpjgw63d.mlsender.net
    [is_active] => 1
)


[2026-02-26 14:53:13] ========== RESPONSE.PHP START ==========
[2026-02-26 14:53:13] KONFIGURASI MAILERSEND (DARI SETTINGS.PHP) - Array
(
    [api_token] => mlsn.a4e70a19ff...
    [domain] => test-r9084zv6rpjgw63d.mlsender.net
    [from_email] => noreply@test-r9084zv6rpjgw63d.mlsender.net
    [is_active] => 1
)


[2026-02-27 10:42:12] ========== RESPONSE.PHP START ==========
[2026-02-27 10:42:12] KONFIGURASI MAILERSEND (DARI SETTINGS.PHP) - Array
(
    [api_token] => mlsn.a4e70a19ff...
    [domain] => test-r9084zv6rpjgw63d.mlsender.net
    [from_email] => noreply@test-r9084zv6rpjgw63d.mlsender.net
    [is_active] => 1
)


[2026-02-27 10:45:02] ========== RESPONSE.PHP START ==========
[2026-02-27 10:45:02] KONFIGURASI MAILERSEND (DARI SETTINGS.PHP) - Array
(
    [api_token] => mlsn.a4e70a19ff...
    [domain] => test-r9084zv6rpjgw63d.mlsender.net
    [from_email] => noreply@test-r9084zv6rpjgw63d.mlsender.net
    [is_active] => 1
)


[2026-02-27 10:59:30] ========== RESPONSE.PHP START ==========
[2026-02-27 10:59:30] KONFIGURASI MAILERSEND (DARI SETTINGS.PHP) - Array
(
    [api_token] => mlsn.a4e70a19ff...
    [domain] => test-r9084zv6rpjgw63d.mlsender.net
    [from_email] => noreply@test-r9084zv6rpjgw63d.mlsender.net
    [is_active] => 1
)


[2026-02-27 17:42:36] ========== RESPONSE.PHP START ==========
[2026-02-27 17:42:36] KONFIGURASI MAILERSEND (DARI SETTINGS.PHP) - Array
(
    [api_token] => mlsn.a4e70a19ff...
    [domain] => test-r9084zv6rpjgw63d.mlsender.net
    [from_email] => noreply@test-r9084zv6rpjgw63d.mlsender.net
    [is_active] => 1
)


[2026-02-27 17:43:14] ========== RESPONSE.PHP START ==========
[2026-02-27 17:43:14] KONFIGURASI MAILERSEND (DARI SETTINGS.PHP) - Array
(
    [api_token] => mlsn.a4e70a19ff...
    [domain] => test-r9084zv6rpjgw63d.mlsender.net
    [from_email] => noreply@test-r9084zv6rpjgw63d.mlsender.net
    [is_active] => 1
)

[2026-02-27 17:43:15] 
================================================================================
[2026-02-27 17:43:15] sendMailerSendEmail() ke: sri.widiastuti261077@gmail.com
[2026-02-27 17:43:15] Data email: - Array
(
    [from] => noreply@test-r6ke4n1616ygon12.mlsender.net
    [to] => sri.widiastuti261077@gmail.com
    [subject] => Respons Pesan #MSG20260227-63494 - SMKN 12 Jakarta
    [html_length] => 2468
)

[2026-02-27 17:43:15] HTTP Code: 422
[2026-02-27 17:43:15] Response: {"message":"You have reached trial account unique recipients limit. #MS42225","errors":{"to":["You have reached trial account unique recipients limit. #MS42225"]}}

[2026-02-27 17:43:15] ========== RESPONSE.PHP START ==========
[2026-02-27 17:43:15] KONFIGURASI MAILERSEND (DARI SETTINGS.PHP) - Array
(
    [api_token] => mlsn.a4e70a19ff...
    [domain] => test-r9084zv6rpjgw63d.mlsender.net
    [from_email] => noreply@test-r9084zv6rpjgw63d.mlsender.net
    [is_active] => 1
)


[2026-02-28 16:17:06] ========== RESPONSE.PHP START ==========
[2026-02-28 16:17:06] KONFIGURASI MAILERSEND (DARI SETTINGS.PHP) - Array
(
    [api_token] => mlsn.a4e70a19ff...
    [domain] => test-r9084zv6rpjgw63d.mlsender.net
    [from_email] => noreply@test-r9084zv6rpjgw63d.mlsender.net
    [is_active] => 1
)


[2026-02-28 16:17:46] ========== RESPONSE.PHP START ==========
[2026-02-28 16:17:46] KONFIGURASI MAILERSEND (DARI SETTINGS.PHP) - Array
(
    [api_token] => mlsn.a4e70a19ff...
    [domain] => test-r9084zv6rpjgw63d.mlsender.net
    [from_email] => noreply@test-r9084zv6rpjgw63d.mlsender.net
    [is_active] => 1
)


[2026-02-28 16:17:46] ========== RESPONSE.PHP START ==========
[2026-02-28 16:17:46] KONFIGURASI MAILERSEND (DARI SETTINGS.PHP) - Array
(
    [api_token] => mlsn.a4e70a19ff...
    [domain] => test-r9084zv6rpjgw63d.mlsender.net
    [from_email] => noreply@test-r9084zv6rpjgw63d.mlsender.net
    [is_active] => 1
)


[2026-02-28 16:50:05] ========== RESPONSE.PHP START ==========
[2026-02-28 16:50:05] KONFIGURASI MAILERSEND (DARI SETTINGS.PHP) - Array
(
    [api_token] => mlsn.a4e70a19ff...
    [domain] => test-r9084zv6rpjgw63d.mlsender.net
    [from_email] => noreply@test-r9084zv6rpjgw63d.mlsender.net
    [is_active] => 1
)


[2026-02-28 17:06:47] ========== RESPONSE.PHP START ==========
[2026-02-28 17:06:47] KONFIGURASI MAILERSEND (DARI SETTINGS.PHP) - Array
(
    [api_token] => mlsn.a4e70a19ff...
    [domain] => test-r9084zv6rpjgw63d.mlsender.net
    [from_email] => noreply@test-r9084zv6rpjgw63d.mlsender.net
    [is_active] => 1
)


[2026-02-28 17:21:25] ========== RESPONSE.PHP START ==========
[2026-02-28 17:21:25] KONFIGURASI MAILERSEND (DARI SETTINGS.PHP) - Array
(
    [api_token] => mlsn.a4e70a19ff...
    [domain] => test-r9084zv6rpjgw63d.mlsender.net
    [from_email] => noreply@test-r9084zv6rpjgw63d.mlsender.net
    [is_active] => 1
)


[2026-02-28 17:22:38] ========== RESPONSE.PHP START ==========
[2026-02-28 17:22:38] KONFIGURASI MAILERSEND (DARI SETTINGS.PHP) - Array
(
    [api_token] => mlsn.a4e70a19ff...
    [domain] => test-r9084zv6rpjgw63d.mlsender.net
    [from_email] => noreply@test-r9084zv6rpjgw63d.mlsender.net
    [is_active] => 1
)


[2026-02-28 17:23:17] ========== RESPONSE.PHP START ==========
[2026-02-28 17:23:17] KONFIGURASI MAILERSEND (DARI SETTINGS.PHP) - Array
(
    [api_token] => mlsn.a4e70a19ff...
    [domain] => test-r9084zv6rpjgw63d.mlsender.net
    [from_email] => noreply@test-r9084zv6rpjgw63d.mlsender.net
    [is_active] => 1
)


[2026-02-28 17:46:16] ========== RESPONSE.PHP START ==========
[2026-02-28 17:46:16] KONFIGURASI MAILERSEND (DARI SETTINGS.PHP) - Array
(
    [api_token] => mlsn.a4e70a19ff...
    [domain] => test-r9084zv6rpjgw63d.mlsender.net
    [from_email] => noreply@test-r9084zv6rpjgw63d.mlsender.net
    [is_active] => 1
)


[2026-02-28 17:47:35] ========== RESPONSE.PHP START ==========
[2026-02-28 17:47:35] KONFIGURASI MAILERSEND (DARI SETTINGS.PHP) - Array
(
    [api_token] => mlsn.a4e70a19ff...
    [domain] => test-r9084zv6rpjgw63d.mlsender.net
    [from_email] => noreply@test-r9084zv6rpjgw63d.mlsender.net
    [is_active] => 1
)

[2026-02-28 17:47:35] 
================================================================================
[2026-02-28 17:47:35] sendMailerSendEmail() ke: agungway2901@gmail.com
[2026-02-28 17:47:35] Data email: - Array
(
    [from] => noreply@test-r6ke4n1616ygon12.mlsender.net
    [to] => agungway2901@gmail.com
    [subject] => Respons Pesan #EXT20260228-54340 - SMKN 12 Jakarta
    [html_length] => 2470
)

[2026-02-28 17:47:36] HTTP Code: 422
[2026-02-28 17:47:36] Response: {"message":"You have reached trial account unique recipients limit. #MS42225","errors":{"to":["You have reached trial account unique recipients limit. #MS42225"]}}

[2026-02-28 17:47:36] ========== RESPONSE.PHP START ==========
[2026-02-28 17:47:36] KONFIGURASI MAILERSEND (DARI SETTINGS.PHP) - Array
(
    [api_token] => mlsn.a4e70a19ff...
    [domain] => test-r9084zv6rpjgw63d.mlsender.net
    [from_email] => noreply@test-r9084zv6rpjgw63d.mlsender.net
    [is_active] => 1
)


[2026-02-28 19:04:49] ========== RESPONSE.PHP START ==========
[2026-02-28 19:04:49] KONFIGURASI MAILERSEND (DARI SETTINGS.PHP) - Array
(
    [api_token] => mlsn.a4e70a19ff...
    [domain] => test-r9084zv6rpjgw63d.mlsender.net
    [from_email] => noreply@test-r9084zv6rpjgw63d.mlsender.net
    [is_active] => 1
)


[2026-02-28 19:05:27] ========== RESPONSE.PHP START ==========
[2026-02-28 19:05:27] KONFIGURASI MAILERSEND (DARI SETTINGS.PHP) - Array
(
    [api_token] => mlsn.a4e70a19ff...
    [domain] => test-r9084zv6rpjgw63d.mlsender.net
    [from_email] => noreply@test-r9084zv6rpjgw63d.mlsender.net
    [is_active] => 1
)


[2026-02-28 19:06:08] ========== RESPONSE.PHP START ==========
[2026-02-28 19:06:08] KONFIGURASI MAILERSEND (DARI SETTINGS.PHP) - Array
(
    [api_token] => mlsn.a4e70a19ff...
    [domain] => test-r9084zv6rpjgw63d.mlsender.net
    [from_email] => noreply@test-r9084zv6rpjgw63d.mlsender.net
    [is_active] => 1
)


[2026-03-01 08:28:54] ========== RESPONSE.PHP START ==========
[2026-03-01 08:28:54] KONFIGURASI MAILERSEND (DARI SETTINGS.PHP) - Array
(
    [api_token] => mlsn.a4e70a19ff...
    [domain] => test-r9084zv6rpjgw63d.mlsender.net
    [from_email] => noreply@test-r9084zv6rpjgw63d.mlsender.net
    [is_active] => 1
)


[2026-03-01 09:20:26] ========== RESPONSE.PHP START ==========
[2026-03-01 09:20:26] KONFIGURASI MAILERSEND (DARI SETTINGS.PHP) - Array
(
    [api_token] => mlsn.a4e70a19ff...
    [domain] => test-r9084zv6rpjgw63d.mlsender.net
    [from_email] => noreply@test-r9084zv6rpjgw63d.mlsender.net
    [is_active] => 1
)


[2026-03-01 09:22:09] ========== RESPONSE.PHP START ==========
[2026-03-01 09:22:09] KONFIGURASI MAILERSEND (DARI SETTINGS.PHP) - Array
(
    [api_token] => mlsn.a4e70a19ff...
    [domain] => test-r9084zv6rpjgw63d.mlsender.net
    [from_email] => noreply@test-r9084zv6rpjgw63d.mlsender.net
    [is_active] => 1
)


[2026-03-01 09:53:09] ========== RESPONSE.PHP START ==========
[2026-03-01 09:53:09] KONFIGURASI MAILERSEND (DARI SETTINGS.PHP) - Array
(
    [api_token] => mlsn.a4e70a19ff...
    [domain] => test-r9084zv6rpjgw63d.mlsender.net
    [from_email] => noreply@test-r9084zv6rpjgw63d.mlsender.net
    [is_active] => 1
)


[2026-03-01 10:52:13] ========== RESPONSE.PHP START ==========
[2026-03-01 10:52:13] KONFIGURASI MAILERSEND (DARI SETTINGS.PHP) - Array
(
    [api_token] => mlsn.a4e70a19ff...
    [domain] => test-r9084zv6rpjgw63d.mlsender.net
    [from_email] => noreply@test-r9084zv6rpjgw63d.mlsender.net
    [is_active] => 1
)

