[2026-02-19 12:54:20] PASSWORD GENERATED: - Array
(
    [timestamp] => 2026-02-19 12:54:20
    [username] => siswa041
    [password_asli] => passwords
    [password_hash] => $2y$10$1Mnq5SsqYVvYiuC2MW.7zubBMekvzxmnlpccUSILygYg8xKfBwIdG
    [generated_by] => admin
    [ip_address] => 127.0.0.1
)

[2026-02-19 13:28:44] PASSWORD GENERATED: - Array
(
    [timestamp] => 2026-02-19 13:28:44
    [username] => siswa041
    [password_asli] => passwords
    [password_hash] => $2y$10$hS4f5TtICyQvNdJvEucpHOCv4O.2VZz.LmEKDcWiLrTPJlUJG7xIu
    [generated_by] => admin
    [ip_address] => 127.0.0.1
)

[2026-02-19 13:34:45] PASSWORD GENERATED: - Array
(
    [timestamp] => 2026-02-19 13:34:45
    [username] => siswa041
    [password_asli] => passwords
    [password_hash] => $2y$10$n.UZgkNIti8WnigoSTgr3.//X1xEcmNESVHFSHerQsrM/5t/85Mc6
    [generated_by] => admin
    [ip_address] => 127.0.0.1
)

[2026-02-19 13:51:44] PASSWORD GENERATED: - Array
(
    [timestamp] => 2026-02-19 13:51:44
    [username] => siswa041
    [password_asli] => password1
    [password_hash] => $2y$10$IVz0hpCHDPCR08SrC3CaYeva8ANwY5GYEALOoDV2Rml.e3kmH9EfW
    [generated_by] => admin
    [ip_address] => 127.0.0.1
)

[2026-02-19 13:55:23] PASSWORD GENERATED: - Array
(
    [timestamp] => 2026-02-19 13:55:23
    [username] => siswa042
    [password_asli] => password2
    [password_hash] => $2y$10$Hu9dZb9MDsR3IkXuyoTZ.uDVlIjiajhXsJcNKZ615VgIngWVSiUe6
    [generated_by] => admin
    [ip_address] => 127.0.0.1
)

