
[2026-02-16 20:08:21] ========== REGISTER.PHP START ==========

[2026-02-17 16:22:30] ========== REGISTER.PHP START ==========

[2026-02-17 16:51:06] ========== REGISTER.PHP START ==========

[2026-02-17 16:53:36] ========== REGISTER.PHP START ==========

[2026-02-17 16:55:11] ========== REGISTER.PHP START ==========

[2026-02-19 05:28:32] ========== REGISTER.PHP START ==========

[2026-02-19 05:31:25] ========== REGISTER.PHP START ==========
[2026-02-19 05:31:26] 
================================================================================
[2026-02-19 05:31:26] sendRegistrationEmail() ke: agung.senen3@gmail.com
[2026-02-19 05:31:26] >>> MENGIRIM EMAIL REGISTRASI...
[2026-02-19 05:31:26] 
================================================================================
[2026-02-19 05:31:26] sendMailerSendEmail() ke: agung.senen3@gmail.com
[2026-02-19 05:31:26] Data email: - Array
(
    [to] => agung.senen3@gmail.com
    [subject] => Selamat Datang di SMKN 12 Jakarta - Akun Anda Telah Terdaftar
    [html_length] => 5938
)

[2026-02-19 05:31:26] RESPONSE - HTTP 202
[2026-02-19 05:31:26] Response body: (kosong)
[2026-02-19 05:31:26] ✓ EMAIL BERHASIL dikirim ke agung.senen3@gmail.com
[2026-02-19 05:31:26] ================================================================================

[2026-02-19 05:31:26] >>> HASIL EMAIL: - Array
(
    [success] => 1
    [http_code] => 202
    [error] => 
    [sent] => 1
)


[2026-02-19 05:31:42] ========== REGISTER.PHP START ==========

[2026-02-19 05:37:59] ========== REGISTER.PHP START ==========

[2026-02-19 05:39:06] ========== REGISTER.PHP START ==========
[2026-02-19 05:39:06] 
================================================================================
[2026-02-19 05:39:06] sendRegistrationEmail() ke: sri.widiastuti261077@gmail.com
[2026-02-19 05:39:06] >>> MENGIRIM EMAIL REGISTRASI...
[2026-02-19 05:39:06] 
================================================================================
[2026-02-19 05:39:06] sendMailerSendEmail() ke: sri.widiastuti261077@gmail.com
[2026-02-19 05:39:06] Data email: - Array
(
    [to] => sri.widiastuti261077@gmail.com
    [subject] => Selamat Datang di SMKN 12 Jakarta - Akun Anda Telah Terdaftar
    [html_length] => 5938
)

[2026-02-19 05:39:07] RESPONSE - HTTP 422
[2026-02-19 05:39:07] Response body: {"message":"You have reached trial account unique recipients limit. #MS42225","errors":{"to":["You have reached trial account unique recipients limit. #MS42225"]}}
[2026-02-19 05:39:07] ✗ EMAIL GAGAL dikirim ke sri.widiastuti261077@gmail.com
[2026-02-19 05:39:07] ================================================================================

[2026-02-19 05:39:07] >>> HASIL EMAIL: - Array
(
    [success] => 
    [http_code] => 422
    [error] => 
    [sent] => 
)


[2026-02-19 05:40:18] ========== REGISTER.PHP START ==========

[2026-02-19 05:41:23] ========== REGISTER.PHP START ==========

[2026-02-19 05:46:26] ========== REGISTER.PHP START ==========

[2026-02-19 06:15:10] ========== REGISTER.PHP START ==========

[2026-02-19 06:15:18] ========== REGISTER.PHP START ==========

[2026-02-19 06:16:29] ========== REGISTER.PHP START ==========

[2026-02-19 06:21:36] ========== REGISTER.PHP START ==========

[2026-02-19 06:37:29] ========== REGISTER.PHP START ==========

[2026-02-19 06:39:17] ========== REGISTER.PHP START ==========

[2026-02-19 07:06:30] ========== REGISTER.PHP START ==========

[2026-02-19 07:09:03] ========== REGISTER.PHP START ==========

[2026-02-19 08:41:28] ========== REGISTER.PHP START ==========

[2026-02-19 08:42:58] ========== REGISTER.PHP START ==========
[2026-02-19 08:42:59] 
================================================================================
[2026-02-19 08:42:59] kirimEmail() ke: sri.widiastuti2610@gmail.com
[2026-02-19 08:42:59] >>> MENGIRIM EMAIL REGISTRASI...
[2026-02-19 08:42:59] >>> HASIL EMAIL: - Array
(
    [success] => 
    [http_code] => 422
    [error] => 
    [sent] => 
)


[2026-02-19 08:44:46] ========== REGISTER.PHP START ==========
[2026-02-19 09:25:25] ========== FUNGSI KIRIM EMAIL ==========
[2026-02-19 09:25:25] Input - email: sri.widiastuti2610@gmail.com, nama: widiastuti
[2026-02-19 09:25:25] Data email: - Array
(
    [from] => noreply@test-q3enl6k0o7542vwr.mlsender.net
    [to] => sri.widiastuti2610@gmail.com
    [subject] => Registrasi Berhasil - SMKN 12 Jakarta
    [html_length] => 3698
)

[2026-02-19 09:25:25] HTTP Code: 422
[2026-02-19 09:25:25] CURL Info: - Array
(
    [url] => https://api.mailersend.com/v1/email
    [content_type] => application/json
    [http_code] => 422
    [header_size] => 374
    [request_size] => 7185
    [filetime] => -1
    [ssl_verify_result] => 20
    [redirect_count] => 0
    [total_time] => 0.412886
    [namelookup_time] => 0.026389
    [connect_time] => 0.032123
    [pretransfer_time] => 0.044634
    [size_upload] => 6940
    [size_download] => 163
    [speed_download] => 394
    [speed_upload] => 16808
    [download_content_length] => -1
    [upload_content_length] => 6940
    [starttransfer_time] => 0.412469
    [redirect_time] => 0
    [redirect_url] => 
    [primary_ip] => 104.18.42.166
    [certinfo] => Array
        (
        )

    [primary_port] => 443
    [local_ip] => 192.168.18.7
    [local_port] => 44674
    [http_version] => 3
    [protocol] => 2
    [ssl_verifyresult] => 0
    [scheme] => HTTPS
    [appconnect_time_us] => 43928
    [connect_time_us] => 32123
    [namelookup_time_us] => 26389
    [pretransfer_time_us] => 44634
    [redirect_time_us] => 0
    [starttransfer_time_us] => 412469
    [total_time_us] => 412886
    [effective_method] => POST
)

[2026-02-19 09:25:25] Response: {"message":"You have reached trial account unique recipients limit. #MS42225","errors":{"to":["You have reached trial account unique recipients limit. #MS42225"]}}
[2026-02-19 09:25:25] ✗ Email GAGAL dikirim ke sri.widiastuti2610@gmail.com
[2026-02-19 09:25:25] Pesan error: You have reached trial account unique recipients limit. #MS42225
[2026-02-19 09:25:25] Detail error: - Array
(
    [to] => Array
        (
            [0] => You have reached trial account unique recipients limit. #MS42225
        )

)

[2026-02-19 09:28:25] ========== FUNGSI KIRIM EMAIL ==========
[2026-02-19 09:28:25] Input - email: sri.widiastuti261077@gmail.com, nama: wiwi
[2026-02-19 09:28:25] Data email: - Array
(
    [from] => noreply@test-q3enl6k0o7542vwr.mlsender.net
    [to] => sri.widiastuti261077@gmail.com
    [subject] => Registrasi Berhasil - SMKN 12 Jakarta
    [html_length] => 3695
)

[2026-02-19 09:28:25] HTTP Code: 422
[2026-02-19 09:28:25] CURL Info: - Array
(
    [url] => https://api.mailersend.com/v1/email
    [content_type] => application/json
    [http_code] => 422
    [header_size] => 374
    [request_size] => 7175
    [filetime] => -1
    [ssl_verify_result] => 20
    [redirect_count] => 0
    [total_time] => 0.489255
    [namelookup_time] => 0.063625
    [connect_time] => 0.094878
    [pretransfer_time] => 0.125082
    [size_upload] => 6930
    [size_download] => 163
    [speed_download] => 333
    [speed_upload] => 14164
    [download_content_length] => -1
    [upload_content_length] => 6930
    [starttransfer_time] => 0.488523
    [redirect_time] => 0
    [redirect_url] => 
    [primary_ip] => 104.18.42.166
    [certinfo] => Array
        (
        )

    [primary_port] => 443
    [local_ip] => 192.168.18.7
    [local_port] => 44700
    [http_version] => 3
    [protocol] => 2
    [ssl_verifyresult] => 0
    [scheme] => HTTPS
    [appconnect_time_us] => 123943
    [connect_time_us] => 94878
    [namelookup_time_us] => 63625
    [pretransfer_time_us] => 125082
    [redirect_time_us] => 0
    [starttransfer_time_us] => 488523
    [total_time_us] => 489255
    [effective_method] => POST
)

[2026-02-19 09:28:25] Response: {"message":"You have reached trial account unique recipients limit. #MS42225","errors":{"to":["You have reached trial account unique recipients limit. #MS42225"]}}
[2026-02-19 09:28:25] ✗ Email GAGAL dikirim ke sri.widiastuti261077@gmail.com
[2026-02-19 09:28:25] Pesan error: You have reached trial account unique recipients limit. #MS42225
[2026-02-19 09:28:25] Detail error: - Array
(
    [to] => Array
        (
            [0] => You have reached trial account unique recipients limit. #MS42225
        )

)

[2026-02-19 10:02:18] ========== FUNGSI KIRIM EMAIL UTAMA ==========
[2026-02-19 10:02:18] ========== FUNGSI KIRIM EMAIL VIA API ==========
[2026-02-19 10:02:18] Input - email: sri.widiastuti261077@gmail.com, nama: wiwi
[2026-02-19 10:02:18] Data email via API: - Array
(
    [from] => noreply@test-r9084zv6rpjgw63d.mlsender.net
    [to] => sri.widiastuti261077@gmail.com
    [subject] => Registrasi Berhasil - SMKN 12 Jakarta
    [html_length] => 3691
)

[2026-02-19 10:02:19] HTTP Code: 202
[2026-02-19 10:02:19] Response: 
[2026-02-19 10:02:19] ✓ EMAIL VIA API BERHASIL dikirim ke sri.widiastuti261077@gmail.com
