
[2026-02-16 18:03:02] ========== VIEW_MESSAGES.PHP START ==========
[2026-02-16 18:03:02] MEMULAI EKSEKUSI VIEW_MESSAGES.PHP
[2026-02-16 18:03:02] Auth::checkAuth() SUCCESS
[2026-02-16 18:03:02] USER DATA - Array
(
    [user_id] => 73
    [user_type] => Siswa
    [user_nama] => dede sunandar
)

[2026-02-16 18:03:02] API Key generated - d80f24c895f22921e65fd375d33b26c5
[2026-02-16 18:03:02] Database connected
[2026-02-16 18:03:02] BASE WHERE CONDITIONS - Array
(
    [0] => m.pengirim_id = :user_id
)

[2026-02-16 18:03:02] FINAL WHERE CLAUSE - m.pengirim_id = :user_id
[2026-02-16 18:03:02] Executing count query
[2026-02-16 18:03:02] Total messages found - 2
[2026-02-16 18:03:02] Executing main query with params - Array
(
    [:user_id] => 73
)

[2026-02-16 18:03:02] Messages fetched - 2
[2026-02-16 18:03:02] Statistics fetched - Array
(
    [total] => 2
    [pending] => 2
    [dibaca] => 0
    [diproses] => 0
    [disetujui] => 0
    [ditolak] => 0
    [selesai] => 0
    [expired_count] => 0
)

[2026-02-16 18:03:02] VIEW_MESSAGES.PHP SELESAI, MENAMPILKAN HALAMAN
[2026-02-16 18:03:02] ================================================================================


[2026-02-16 18:13:14] ========== VIEW_MESSAGES.PHP START ==========
[2026-02-16 18:13:14] MEMULAI EKSEKUSI VIEW_MESSAGES.PHP
[2026-02-16 18:13:14] Auth::checkAuth() SUCCESS
[2026-02-16 18:13:14] USER DATA - Array
(
    [user_id] => 73
    [user_type] => Siswa
    [user_nama] => dede sunandar
)

[2026-02-16 18:13:14] Database connected
[2026-02-16 18:13:14] BASE WHERE CONDITIONS - Array
(
    [0] => m.pengirim_id = :user_id
)

[2026-02-16 18:13:14] FINAL WHERE CLAUSE - m.pengirim_id = :user_id
[2026-02-16 18:13:14] Executing count query
[2026-02-16 18:13:14] Total messages found - 2
[2026-02-16 18:13:14] Executing main query with params - Array
(
    [:user_id] => 73
)

[2026-02-16 18:13:14] Messages fetched - 2
[2026-02-16 18:13:14] Statistics fetched - Array
(
    [total] => 2
    [pending] => 2
    [dibaca] => 0
    [diproses] => 0
    [disetujui] => 0
    [ditolak] => 0
    [selesai] => 0
    [expired_count] => 0
)

[2026-02-16 18:13:14] VIEW_MESSAGES.PHP SELESAI, MENAMPILKAN HALAMAN
[2026-02-16 18:13:14] ================================================================================


[2026-02-16 18:14:04] ========== VIEW_MESSAGES.PHP START ==========
[2026-02-16 18:14:04] MEMULAI EKSEKUSI VIEW_MESSAGES.PHP
[2026-02-16 18:14:04] Auth::checkAuth() SUCCESS
[2026-02-16 18:14:04] USER DATA - Array
(
    [user_id] => 73
    [user_type] => Siswa
    [user_nama] => dede sunandar
)

[2026-02-16 18:14:04] Database connected
[2026-02-16 18:14:04] BASE WHERE CONDITIONS - Array
(
    [0] => m.pengirim_id = :user_id
)

[2026-02-16 18:14:04] FINAL WHERE CLAUSE - m.pengirim_id = :user_id
[2026-02-16 18:14:04] Executing count query
[2026-02-16 18:14:04] Total messages found - 2
[2026-02-16 18:14:04] Executing main query with params - Array
(
    [:user_id] => 73
)

[2026-02-16 18:14:04] Messages fetched - 2

[2026-02-16 18:22:53] ========== VIEW_MESSAGES.PHP START ==========
[2026-02-16 18:22:53] MEMULAI EKSEKUSI VIEW_MESSAGES.PHP
[2026-02-16 18:22:53] Auth::checkAuth() SUCCESS
[2026-02-16 18:22:53] USER DATA - Array
(
    [user_id] => 73
    [user_type] => Siswa
    [user_nama] => dede sunandar
)

[2026-02-16 18:22:53] Database connected
[2026-02-16 18:22:53] BASE WHERE CONDITIONS - Array
(
    [0] => m.pengirim_id = :user_id
)

[2026-02-16 18:22:53] FINAL WHERE CLAUSE - m.pengirim_id = :user_id
[2026-02-16 18:22:53] Executing count query
[2026-02-16 18:22:53] Total messages found - 2
[2026-02-16 18:22:53] Executing main query with params - Array
(
    [:user_id] => 73
)

[2026-02-16 18:22:53] Messages fetched - 2
[2026-02-16 18:22:53] Statistics fetched - Array
(
    [total] => 2
    [pending] => 2
    [dibaca] => 0
    [diproses] => 0
    [disetujui] => 0
    [ditolak] => 0
    [selesai] => 0
    [expired_count] => 0
    [last_7_days] => 2
    [last_30_days] => 2
    [responded_count] => 0
    [avg_response_hours] => 
)

[2026-02-16 18:22:54] VIEW_MESSAGES.PHP SELESAI, MENAMPILKAN HALAMAN
[2026-02-16 18:22:54] ================================================================================


[2026-02-16 18:24:04] ========== VIEW_MESSAGES.PHP START ==========
[2026-02-16 18:24:04] MEMULAI EKSEKUSI VIEW_MESSAGES.PHP
[2026-02-16 18:24:04] Auth::checkAuth() SUCCESS
[2026-02-16 18:24:04] USER DATA - Array
(
    [user_id] => 73
    [user_type] => Siswa
    [user_nama] => dede sunandar
)

[2026-02-16 18:24:04] Database connected
[2026-02-16 18:24:04] BASE WHERE CONDITIONS - Array
(
    [0] => m.pengirim_id = :user_id
)

[2026-02-16 18:24:04] FINAL WHERE CLAUSE - m.pengirim_id = :user_id
[2026-02-16 18:24:04] Executing count query
[2026-02-16 18:24:04] Total messages found - 2
[2026-02-16 18:24:04] Executing main query with params - Array
(
    [:user_id] => 73
)

[2026-02-16 18:24:04] Messages fetched - 2
[2026-02-16 18:24:04] Statistics fetched - Array
(
    [total] => 2
    [pending] => 2
    [dibaca] => 0
    [diproses] => 0
    [disetujui] => 0
    [ditolak] => 0
    [selesai] => 0
    [expired_count] => 0
    [last_7_days] => 2
    [last_30_days] => 2
    [responded_count] => 0
    [avg_response_hours] => 
)

[2026-02-16 18:24:05] VIEW_MESSAGES.PHP SELESAI, MENAMPILKAN HALAMAN
[2026-02-16 18:24:05] ================================================================================


[2026-02-16 18:44:28] ========== VIEW_MESSAGES.PHP START ==========
[2026-02-16 18:44:28] MEMULAI EKSEKUSI VIEW_MESSAGES.PHP
[2026-02-16 18:44:28] Auth::checkAuth() SUCCESS
[2026-02-16 18:44:28] USER DATA - Array
(
    [user_id] => 73
    [user_type] => Siswa
    [user_nama] => dede sunandar
)

[2026-02-16 18:44:28] API Key generated - 32fd46df79568d1817e8b37cadfd44a9
[2026-02-16 18:44:28] Database connected
[2026-02-16 18:44:28] BASE WHERE CONDITIONS - Array
(
    [0] => m.pengirim_id = :user_id
)

[2026-02-16 18:44:28] FINAL WHERE CLAUSE - m.pengirim_id = :user_id
[2026-02-16 18:44:28] Executing count query
[2026-02-16 18:44:28] Total messages found - 2
[2026-02-16 18:44:28] Executing main query with params - Array
(
    [:user_id] => 73
)

[2026-02-16 18:44:28] Messages fetched - 2
[2026-02-16 18:44:28] Statistics fetched - Array
(
    [total] => 2
    [pending] => 2
    [dibaca] => 0
    [diproses] => 0
    [disetujui] => 0
    [ditolak] => 0
    [selesai] => 0
    [expired_count] => 0
    [last_7_days] => 2
    [last_30_days] => 2
    [responded_count] => 0
    [avg_response_hours] => 
)

[2026-02-16 18:44:29] VIEW_MESSAGES.PHP SELESAI, MENAMPILKAN HALAMAN
[2026-02-16 18:44:29] ================================================================================


[2026-02-16 18:55:17] ========== VIEW_MESSAGES.PHP START ==========
[2026-02-16 18:55:17] MEMULAI EKSEKUSI VIEW_MESSAGES.PHP
[2026-02-16 18:55:17] Auth::checkAuth() SUCCESS
[2026-02-16 18:55:17] USER DATA - Array
(
    [user_id] => 73
    [user_type] => Siswa
    [user_nama] => dede sunandar
)

[2026-02-16 18:55:17] Database connected
[2026-02-16 18:55:17] BASE WHERE CONDITIONS - Array
(
    [0] => m.pengirim_id = :user_id
)

[2026-02-16 18:55:17] FINAL WHERE CLAUSE - m.pengirim_id = :user_id
[2026-02-16 18:55:17] Executing count query
[2026-02-16 18:55:17] Total messages found - 2
[2026-02-16 18:55:17] Executing main query with params - Array
(
    [:user_id] => 73
)

[2026-02-16 18:55:17] Messages fetched - 2
[2026-02-16 18:55:17] Statistics fetched - Array
(
    [total] => 2
    [pending] => 2
    [dibaca] => 0
    [diproses] => 0
    [disetujui] => 0
    [ditolak] => 0
    [selesai] => 0
    [expired_count] => 0
    [last_7_days] => 2
    [last_30_days] => 2
    [responded_count] => 0
    [avg_response_hours] => 
)

[2026-02-16 18:55:18] VIEW_MESSAGES.PHP SELESAI, MENAMPILKAN HALAMAN
[2026-02-16 18:55:18] ================================================================================


[2026-02-16 18:55:48] ========== VIEW_MESSAGES.PHP START ==========
[2026-02-16 18:55:48] MEMULAI EKSEKUSI VIEW_MESSAGES.PHP
[2026-02-16 18:55:48] Auth::checkAuth() SUCCESS
[2026-02-16 18:55:48] USER DATA - Array
(
    [user_id] => 73
    [user_type] => Siswa
    [user_nama] => dede sunandar
)

[2026-02-16 18:55:48] Database connected
[2026-02-16 18:55:48] BASE WHERE CONDITIONS - Array
(
    [0] => m.pengirim_id = :user_id
)

[2026-02-16 18:55:48] FINAL WHERE CLAUSE - m.pengirim_id = :user_id
[2026-02-16 18:55:48] Executing count query
[2026-02-16 18:55:48] Total messages found - 2
[2026-02-16 18:55:48] Executing main query with params - Array
(
    [:user_id] => 73
)

[2026-02-16 18:55:48] Messages fetched - 2
[2026-02-16 18:55:48] Statistics fetched - Array
(
    [total] => 2
    [pending] => 2
    [dibaca] => 0
    [diproses] => 0
    [disetujui] => 0
    [ditolak] => 0
    [selesai] => 0
    [expired_count] => 0
    [last_7_days] => 2
    [last_30_days] => 2
    [responded_count] => 0
    [avg_response_hours] => 
)

[2026-02-16 18:55:48] VIEW_MESSAGES.PHP SELESAI, MENAMPILKAN HALAMAN
[2026-02-16 18:55:48] ================================================================================


[2026-02-16 18:56:08] ========== VIEW_MESSAGES.PHP START ==========
[2026-02-16 18:56:08] MEMULAI EKSEKUSI VIEW_MESSAGES.PHP
[2026-02-16 18:56:08] STEP 1: =======================================================================
[2026-02-16 18:56:08] STEP 2: VIEW_MESSAGES.PHP - MULAI EKSEKUSI - Array
(
    [time] => 2026-02-16 18:56:08
    [method] => GET
    [debug_enabled] => 1
)

[2026-02-16 18:56:08] Auth::checkAuth() SUCCESS
[2026-02-16 18:56:08] USER DATA - Array
(
    [user_id] => 73
    [user_type] => Siswa
    [user_nama] => dede sunandar
)

[2026-02-16 18:56:08] STEP 3: USER DATA - Array
(
    [user_id] => 73
    [user_type] => Siswa
    [user_nama] => dede sunandar
)

[2026-02-16 18:56:08] STEP 4: FILTER PARAMETERS - Array
(
    [status] => all
    [type] => all
    [priority] => all
    [search] => 
    [date_from] => 
    [date_to] => 
    [sort_by] => created_at
    [sort_order] => DESC
    [page] => 1
    [per_page] => 10
    [chart_range] => week
)

[2026-02-16 18:56:08] STEP 5: Database connection - Array
(
    [connected] => 1
)

[2026-02-16 18:56:08] Database connected
[2026-02-16 18:56:08] BASE WHERE CONDITIONS - Array
(
    [0] => m.pengirim_id = :user_id
)

[2026-02-16 18:56:08] STEP 6: WHERE CLAUSE - m.pengirim_id = :user_id
[2026-02-16 18:56:08] FINAL WHERE CLAUSE - m.pengirim_id = :user_id
[2026-02-16 18:56:08] STEP 7: COUNT SQL - 
    SELECT COUNT(*) as total 
    FROM messages m
    LEFT JOIN message_types mt ON m.jenis_pesan_id = mt.id
    WHERE m.pengirim_id = :user_id

[2026-02-16 18:56:08] Executing count query
[2026-02-16 18:56:08] STEP 8: TOTAL MESSAGES - 2
[2026-02-16 18:56:08] Total messages found - 2
[2026-02-16 18:56:08] STEP 9: PAGINATION - Array
(
    [totalPages] => 1
    [currentPage] => 1
    [offset] => 0
    [perPage] => 10
)

[2026-02-16 18:56:08] STEP 10: MAIN SQL - 
    SELECT 
        m.*,
        mt.jenis_pesan,
        mt.response_deadline_hours,
        u.nama_lengkap as responder_nama,
        u.user_type as responder_type,
        u.avatar as responder_avatar,
        mr.catatan_respon as last_response,
        mr.created_at as last_response_date,
        mr.status as response_status,
        TIMESTAMPDIFF(HOUR, m.created_at, NOW()) as hours_since_created,
        GREATEST(0, mt.response_deadline_hours - TIMESTAMPDIFF(HOUR, m.created_at, NOW())) as hours_remaining,
        CASE 
            WHEN TIMESTAMPDIFF(HOUR, m.created_at, NOW()) >= mt.response_deadline_hours THEN 'danger'
            WHEN (mt.response_deadline_hours - TIMESTAMPDIFF(HOUR, m.created_at, NOW())) <= 24 THEN 'warning'
            ELSE 'success'
        END as urgency_color
    FROM messages m
    LEFT JOIN message_types mt ON m.jenis_pesan_id = mt.id
    LEFT JOIN users u ON m.responder_id = u.id
    LEFT JOIN message_responses mr ON m.id = mr.message_id 
        AND mr.created_at = (
            SELECT MAX(created_at) 
            FROM message_responses 
            WHERE message_id = m.id
        )
    WHERE m.pengirim_id = :user_id
    ORDER BY created_at DESC
    LIMIT :offset, :limit

[2026-02-16 18:56:08] Executing main query with params - Array
(
    [:user_id] => 73
)

[2026-02-16 18:56:08] STEP 11: MESSAGES FETCHED - Array
(
    [count] => 2
)

[2026-02-16 18:56:08] Messages fetched - 2
[2026-02-16 18:56:08] STEP 12: MESSAGE TYPES - Array
(
    [count] => 13
)

[2026-02-16 18:56:08] STEP 13: STATISTICS - Array
(
    [total] => 2
    [pending] => 2
    [dibaca] => 0
    [diproses] => 0
    [disetujui] => 0
    [ditolak] => 0
    [selesai] => 0
    [expired_count] => 0
    [last_7_days] => 2
    [last_30_days] => 2
    [responded_count] => 0
    [avg_response_hours] => 
)

[2026-02-16 18:56:08] Statistics fetched - Array
(
    [total] => 2
    [pending] => 2
    [dibaca] => 0
    [diproses] => 0
    [disetujui] => 0
    [ditolak] => 0
    [selesai] => 0
    [expired_count] => 0
    [last_7_days] => 2
    [last_30_days] => 2
    [responded_count] => 0
    [avg_response_hours] => 
)

[2026-02-16 18:56:09] STEP 14: VIEW_MESSAGES.PHP - SELESAI - Array
(
    [debug_steps_count] => 13
    [total_messages] => 2
)

[2026-02-16 18:56:09] VIEW_MESSAGES.PHP SELESAI, MENAMPILKAN HALAMAN
[2026-02-16 18:56:09] ================================================================================


[2026-02-16 19:16:29] ========== VIEW_MESSAGES.PHP START ==========
[2026-02-16 19:16:29] MEMULAI EKSEKUSI VIEW_MESSAGES.PHP
[2026-02-16 19:16:29] STEP 1: =======================================================================
[2026-02-16 19:16:29] STEP 2: VIEW_MESSAGES.PHP - MULAI EKSEKUSI - Array
(
    [time] => 2026-02-16 19:16:29
    [method] => GET
    [debug_enabled] => 1
)

[2026-02-16 19:16:29] Auth::checkAuth() SUCCESS
[2026-02-16 19:16:29] USER DATA - Array
(
    [user_id] => 73
    [user_type] => Siswa
    [user_nama] => dede sunandar
)

[2026-02-16 19:16:29] STEP 3: USER DATA - Array
(
    [user_id] => 73
    [user_type] => Siswa
    [user_nama] => dede sunandar
)

[2026-02-16 19:16:29] STEP 4: FILTER PARAMETERS - Array
(
    [status] => all
    [type] => all
    [priority] => all
    [search] => 
    [date_from] => 
    [date_to] => 
    [sort_by] => created_at
    [sort_order] => DESC
    [page] => 1
    [per_page] => 10
)

[2026-02-16 19:16:29] STEP 5: Database connection - Array
(
    [connected] => 1
)

[2026-02-16 19:16:29] Database connected
[2026-02-16 19:16:29] BASE WHERE CONDITIONS - Array
(
    [0] => m.pengirim_id = :user_id
)

[2026-02-16 19:16:29] STEP 6: WHERE CLAUSE - m.pengirim_id = :user_id
[2026-02-16 19:16:29] FINAL WHERE CLAUSE - m.pengirim_id = :user_id
[2026-02-16 19:16:29] STEP 7: COUNT SQL - 
    SELECT COUNT(*) as total 
    FROM messages m
    LEFT JOIN message_types mt ON m.jenis_pesan_id = mt.id
    WHERE m.pengirim_id = :user_id

[2026-02-16 19:16:29] Executing count query
[2026-02-16 19:16:29] STEP 8: TOTAL MESSAGES - 2
[2026-02-16 19:16:29] Total messages found - 2
[2026-02-16 19:16:29] STEP 9: PAGINATION - Array
(
    [totalPages] => 1
    [currentPage] => 1
    [offset] => 0
    [perPage] => 10
)

[2026-02-16 19:16:29] STEP 10: MAIN SQL - 
    SELECT 
        m.*,
        mt.jenis_pesan,
        mt.response_deadline_hours,
        u.nama_lengkap as responder_nama,
        u.user_type as responder_type,
        u.avatar as responder_avatar,
        mr.catatan_respon as last_response,
        mr.created_at as last_response_date,
        mr.status as response_status,
        TIMESTAMPDIFF(HOUR, m.created_at, NOW()) as hours_since_created,
        GREATEST(0, mt.response_deadline_hours - TIMESTAMPDIFF(HOUR, m.created_at, NOW())) as hours_remaining,
        CASE 
            WHEN TIMESTAMPDIFF(HOUR, m.created_at, NOW()) >= mt.response_deadline_hours THEN 'danger'
            WHEN (mt.response_deadline_hours - TIMESTAMPDIFF(HOUR, m.created_at, NOW())) <= 24 THEN 'warning'
            ELSE 'success'
        END as urgency_color
    FROM messages m
    LEFT JOIN message_types mt ON m.jenis_pesan_id = mt.id
    LEFT JOIN users u ON m.responder_id = u.id
    LEFT JOIN message_responses mr ON m.id = mr.message_id 
        AND mr.created_at = (
            SELECT MAX(created_at) 
            FROM message_responses 
            WHERE message_id = m.id
        )
    WHERE m.pengirim_id = :user_id
    ORDER BY created_at DESC
    LIMIT :offset, :limit

[2026-02-16 19:16:29] Executing main query with params - Array
(
    [:user_id] => 73
)

[2026-02-16 19:16:29] STEP 11: MESSAGES FETCHED - Array
(
    [count] => 2
)

[2026-02-16 19:16:29] Messages fetched - 2
[2026-02-16 19:16:29] STEP 12: MESSAGE TYPES - Array
(
    [count] => 13
)

[2026-02-16 19:16:29] STEP 13: STATISTICS - Array
(
    [total] => 2
    [pending] => 2
    [dibaca] => 0
    [diproses] => 0
    [disetujui] => 0
    [ditolak] => 0
    [selesai] => 0
    [expired_count] => 0
    [last_7_days] => 2
    [last_30_days] => 2
    [responded_count] => 0
    [avg_response_hours] => 
)

[2026-02-16 19:16:29] Statistics fetched - Array
(
    [total] => 2
    [pending] => 2
    [dibaca] => 0
    [diproses] => 0
    [disetujui] => 0
    [ditolak] => 0
    [selesai] => 0
    [expired_count] => 0
    [last_7_days] => 2
    [last_30_days] => 2
    [responded_count] => 0
    [avg_response_hours] => 
)

