
[2026-02-14 17:31:05] ========== RESPONSE.PHP START ==========
[2026-02-14 17:31:05] KONFIGURASI WHATSAPP - Array
(
    [token] => FS2cq...
    [device] => 6285174207795
    [api_url] => https://api.callmebot.com/whatsapp.php
)


[2026-02-14 17:31:17] ========== RESPONSE.PHP START ==========
[2026-02-14 17:31:17] KONFIGURASI WHATSAPP - Array
(
    [token] => FS2cq...
    [device] => 6285174207795
    [api_url] => https://api.callmebot.com/whatsapp.php
)


[2026-02-14 17:37:57] ========== RESPONSE.PHP START ==========
[2026-02-14 17:37:57] KONFIGURASI WHATSAPP - Array
(
    [token] => FS2cq...
    [device] => 6285174207795
    [api_url] => https://api.callmebot.com/whatsapp.php
)


[2026-02-14 17:40:45] ========== RESPONSE.PHP START ==========
[2026-02-14 17:40:45] KONFIGURASI WHATSAPP - Array
(
    [token] => FS2cq...
    [device] => 6285174207795
    [api_url] => https://api.callmebot.com/whatsapp.php
)

[2026-02-14 17:40:47] 
------------------------------------------------------------
[2026-02-14 17:40:47] sendWhatsAppNotification() DIPANGGIL
[2026-02-14 17:40:47] ------------------------------------------------------------
[2026-02-14 17:40:47] PARAMETER: - Array
(
    [phone] => 08129469754
    [nama] => Agung Wahono
    [reference] => EXT20260214-12555
    [status] => Disetujui
    [catatan_length] => 116
)

[2026-02-14 17:40:47] Pesan WhatsApp yang akan dikirim: - Array
(
    [length] => 426
    [preview] => 🔔 *NOTIFIKASI WHATSAPP - SMKN 12 Jakarta*

Yth. *Agung Wahono*,

Pesan Anda dengan nomor referensi:
`EXT20260214-12555`

✅ *Status: Disetujui*

*Respons dari Dewi Lestari (Guru_Kurikulum):*
_Teri...
)

[2026-02-14 17:40:47] >>> MEMANGGIL sendFonnteMessage()...
[2026-02-14 17:40:47] 
================================================================================
[2026-02-14 17:40:47] sendFonnteMessage() DIPANGGIL
[2026-02-14 17:40:47] ================================================================================
[2026-02-14 17:40:47] Nomor setelah format: - Array
(
    [original] => 628129469754
    [formatted] => 628129469754
)

[2026-02-14 17:40:47] Data yang dikirim: - Array
(
    [target] => 628129469754
    [message] => 🔔 *NOTIFIKASI WHATSAPP - SMKN 12 Jakarta*

Yth. *Agung Wahono*,

Pesan Anda dengan nomor referensi:
`EXT20260214-12555`

✅ *Status: Disetujui*

*Respons dari Dewi Lestari (Guru_Kurikulum):*
_Terima kasih atas masukannya. Kami akan segera berkoordinasi dengan pihak terkait untuk perbaikan kurikulum yang ada_

Waktu: 14/02/2026 17:40

Terima kasih telah menghubungi SMKN 12 Jakarta.
_Dikirim dari perangkat: 085174207795_
    [countryCode] => 62
)

[2026-02-14 17:40:48] RESPONSE DARI API: - Array
(
    [http_code] => 201
    [curl_error] => 
    [response_raw] => ERROR: phone parameter is <b>missing</b>
    [response_data] => 
    [curl_info] => Array
        (
            [url] => https://api.callmebot.com/whatsapp.php
            [content_type] => text/html; charset=UTF-8
            [http_code] => 201
            [header_size] => 184
            [request_size] => 731
            [filetime] => -1
            [ssl_verify_result] => 20
            [redirect_count] => 0
            [total_time] => 0.939637
            [namelookup_time] => 0.192228
            [connect_time] => 0.377125
            [pretransfer_time] => 0.754846
            [size_upload] => 555
            [size_download] => 40
            [speed_download] => 42
            [speed_upload] => 590
            [download_content_length] => -1
            [upload_content_length] => 555
            [starttransfer_time] => 0.939604
            [redirect_time] => 0
            [redirect_url] => 
            [primary_ip] => 13.38.186.117
            [certinfo] => Array
                (
                )

            [primary_port] => 443
            [local_ip] => 192.168.18.7
            [local_port] => 31215
            [http_version] => 2
            [protocol] => 2
            [ssl_verifyresult] => 0
            [scheme] => HTTPS
            [appconnect_time_us] => 754621
            [connect_time_us] => 377125
            [namelookup_time_us] => 192228
            [pretransfer_time_us] => 754846
            [redirect_time_us] => 0
            [starttransfer_time_us] => 939604
            [total_time_us] => 939637
            [effective_method] => POST
        )

)

[2026-02-14 17:40:48] ✗✗✗ WHATSAPP GAGAL DIKIRIM! Unknown error
[2026-02-14 17:40:48] >>> HASIL DARI sendFonnteMessage(): - Array
(
    [success] => 
    [http_code] => 201
    [response] => ERROR: phone parameter is <b>missing</b>
    [response_data] => 
    [curl_error] => 
    [sent] => 
)


[2026-02-14 17:43:41] ========== RESPONSE.PHP START ==========
[2026-02-14 17:43:41] KONFIGURASI WHATSAPP - Array
(
    [token] => FS2cq...
    [device] => 6285174207795
    [api_url] => https://api.callmebot.com/whatsapp.php
)

[2026-02-14 17:43:42] 
------------------------------------------------------------
[2026-02-14 17:43:42] sendWhatsAppNotification() DIPANGGIL
[2026-02-14 17:43:42] ------------------------------------------------------------
[2026-02-14 17:43:42] PARAMETER: - Array
(
    [phone] => 08129469754
    [nama] => Agung Wahono
    [reference] => EXT20260214-12555
    [status] => Disetujui
    [catatan_length] => 116
)

[2026-02-14 17:43:42] Pesan WhatsApp yang akan dikirim: - Array
(
    [length] => 426
    [preview] => 🔔 *NOTIFIKASI WHATSAPP - SMKN 12 Jakarta*

Yth. *Agung Wahono*,

Pesan Anda dengan nomor referensi:
`EXT20260214-12555`

✅ *Status: Disetujui*

*Respons dari Dewi Lestari (Guru_Kurikulum):*
_Teri...
)

[2026-02-14 17:43:42] >>> MEMANGGIL sendFonnteMessage()...
[2026-02-14 17:43:42] 
================================================================================
[2026-02-14 17:43:42] sendFonnteMessage() DIPANGGIL
[2026-02-14 17:43:42] ================================================================================
[2026-02-14 17:43:42] Nomor setelah format: - Array
(
    [original] => 628129469754
    [formatted] => 628129469754
)

[2026-02-14 17:43:42] Data yang dikirim: - Array
(
    [target] => 628129469754
    [message] => 🔔 *NOTIFIKASI WHATSAPP - SMKN 12 Jakarta*

Yth. *Agung Wahono*,

Pesan Anda dengan nomor referensi:
`EXT20260214-12555`

✅ *Status: Disetujui*

*Respons dari Dewi Lestari (Guru_Kurikulum):*
_Terima kasih atas masukannya. Kami akan segera berkoordinasi dengan pihak terkait untuk perbaikan kurikulum yang ada_

Waktu: 14/02/2026 17:43

Terima kasih telah menghubungi SMKN 12 Jakarta.
_Dikirim dari perangkat: 085174207795_
    [countryCode] => 62
)

[2026-02-14 17:43:43] RESPONSE DARI API: - Array
(
    [http_code] => 201
    [curl_error] => 
    [response_raw] => ERROR: phone parameter is <b>missing</b>
    [response_data] => 
    [curl_info] => Array
        (
            [url] => https://api.callmebot.com/whatsapp.php
            [content_type] => text/html; charset=UTF-8
            [http_code] => 201
            [header_size] => 184
            [request_size] => 731
            [filetime] => -1
            [ssl_verify_result] => 20
            [redirect_count] => 0
            [total_time] => 0.835709
            [namelookup_time] => 0.002992
            [connect_time] => 0.197025
            [pretransfer_time] => 0.600875
            [size_upload] => 555
            [size_download] => 40
            [speed_download] => 47
            [speed_upload] => 664
            [download_content_length] => -1
            [upload_content_length] => 555
            [starttransfer_time] => 0.835676
            [redirect_time] => 0
            [redirect_url] => 
            [primary_ip] => 13.38.186.117
            [certinfo] => Array
                (
                )

            [primary_port] => 443
            [local_ip] => 192.168.18.7
            [local_port] => 31242
            [http_version] => 2
            [protocol] => 2
            [ssl_verifyresult] => 0
            [scheme] => HTTPS
            [appconnect_time_us] => 600653
            [connect_time_us] => 197025
            [namelookup_time_us] => 2992
            [pretransfer_time_us] => 600875
            [redirect_time_us] => 0
            [starttransfer_time_us] => 835676
            [total_time_us] => 835709
            [effective_method] => POST
        )

)

[2026-02-14 17:43:43] ✗✗✗ WHATSAPP GAGAL DIKIRIM! Unknown error
[2026-02-14 17:43:43] >>> HASIL DARI sendFonnteMessage(): - Array
(
    [success] => 
    [http_code] => 201
    [response] => ERROR: phone parameter is <b>missing</b>
    [response_data] => 
    [curl_error] => 
    [sent] => 
)


[2026-02-14 18:01:17] ========== RESPONSE.PHP START ==========
[2026-02-14 18:01:17] KONFIGURASI WHATSAPP - Array
(
    [token] => FS2cq...
    [device] => 6285174207795
    [api_url] => https://api.callmebot.com/whatsapp.php
)


[2026-02-14 18:01:18] ========== RESPONSE.PHP START ==========
[2026-02-14 18:01:18] KONFIGURASI WHATSAPP - Array
(
    [token] => FS2cq...
    [device] => 6285174207795
    [api_url] => https://api.callmebot.com/whatsapp.php
)


[2026-02-14 18:05:51] ========== RESPONSE.PHP START ==========
[2026-02-14 18:05:51] KONFIGURASI WHATSAPP - Array
(
    [token] => FS2cq...
    [device] => 6285174207795
    [api_url] => https://api.callmebot.com/whatsapp.php
)


[2026-02-14 18:06:45] ========== RESPONSE.PHP START ==========
[2026-02-14 18:06:45] KONFIGURASI WHATSAPP - Array
(
    [token] => FS2cq...
    [device] => 6285174207795
    [api_url] => https://api.callmebot.com/whatsapp.php
)


[2026-02-14 18:06:45] ========== RESPONSE.PHP START ==========
[2026-02-14 18:06:45] KONFIGURASI WHATSAPP - Array
(
    [token] => FS2cq...
    [device] => 6285174207795
    [api_url] => https://api.callmebot.com/whatsapp.php
)


[2026-02-15 07:15:31] ========== RESPONSE.PHP START ==========
[2026-02-15 07:15:32] KONFIGURASI WHATSAPP - Array
(
    [token] => FS2cq...
    [device] => 6285174207795
    [api_url] => https://api.callmebot.com/whatsapp.php
)


[2026-02-15 07:20:55] ========== RESPONSE.PHP START ==========
[2026-02-15 07:20:55] KONFIGURASI WHATSAPP - Array
(
    [token] => FS2cq...
    [device] => 6285174207795
    [api_url] => https://api.callmebot.com/whatsapp.php
)


[2026-02-15 07:20:55] ========== RESPONSE.PHP START ==========
[2026-02-15 07:20:55] KONFIGURASI WHATSAPP - Array
(
    [token] => FS2cq...
    [device] => 6285174207795
    [api_url] => https://api.callmebot.com/whatsapp.php
)


[2026-02-15 07:35:15] ========== RESPONSE.PHP START ==========
[2026-02-15 07:35:15] KONFIGURASI WHATSAPP - Array
(
    [token] => FS2cq...
    [device] => 6285174207795
    [api_url] => https://api.callmebot.com/whatsapp.php
)


[2026-02-15 07:35:16] ========== RESPONSE.PHP START ==========
[2026-02-15 07:35:16] KONFIGURASI WHATSAPP - Array
(
    [token] => FS2cq...
    [device] => 6285174207795
    [api_url] => https://api.callmebot.com/whatsapp.php
)


[2026-02-15 08:00:40] ========== RESPONSE.PHP START ==========
[2026-02-15 08:00:40] KONFIGURASI WHATSAPP - Array
(
    [token] => FS2cq...
    [device] => 6285174207795
    [api_url] => https://api.callmebot.com/whatsapp.php
)


[2026-02-15 08:01:13] ========== RESPONSE.PHP START ==========
[2026-02-15 08:01:13] KONFIGURASI WHATSAPP - Array
(
    [token] => FS2cq...
    [device] => 6285174207795
    [api_url] => https://api.callmebot.com/whatsapp.php
)


[2026-02-15 08:01:13] ========== RESPONSE.PHP START ==========
[2026-02-15 08:01:13] KONFIGURASI WHATSAPP - Array
(
    [token] => FS2cq...
    [device] => 6285174207795
    [api_url] => https://api.callmebot.com/whatsapp.php
)


[2026-02-15 08:11:50] ========== RESPONSE.PHP START ==========
[2026-02-15 08:11:50] KONFIGURASI WHATSAPP - Array
(
    [token] => FS2cq...
    [device] => 6285174207795
    [api_url] => https://api.callmebot.com/whatsapp.php
)


[2026-02-15 08:12:31] ========== RESPONSE.PHP START ==========
[2026-02-15 08:12:31] KONFIGURASI WHATSAPP - Array
(
    [token] => FS2cq...
    [device] => 6285174207795
    [api_url] => https://api.callmebot.com/whatsapp.php
)

[2026-02-15 08:12:31] 
------------------------------------------------------------
[2026-02-15 08:12:31] sendWhatsAppNotification() DIPANGGIL
[2026-02-15 08:12:31] Phone: 08129469754, Nama: wahono, Ref: EXT20260215-72114, Status: Disetujui
[2026-02-15 08:12:31] Formatted phone for sending: 628129469754
[2026-02-15 08:12:31] Pesan panjang: 332 karakter
[2026-02-15 08:12:31] >>> MENGIRIM VIA FONNTE...
[2026-02-15 08:12:31] 
================================================================================
[2026-02-15 08:12:31] sendFonnteMessage() DIPANGGIL
[2026-02-15 08:12:31] Original phone: 628129469754
[2026-02-15 08:12:31] Formatted phone: 628129469754
[2026-02-15 08:12:31] Data dikirim: - Array
(
    [target] => 628129469754
    [message] => 🔔 *NOTIFIKASI WHATSAPP - SMKN 12 Jakarta*

Yth. *wahono*,

Pesan Anda dengan nomor referensi:
`EXT20260215-72114`

✅ *Status: Disetujui*

*Respons dari Rudi Hermawan (Guru_Kesiswaan):*
_OK akan kami tindak lanjuti_

Waktu: 15/02/2026 08:12

Terima kasih telah menghubungi SMKN 12 Jakarta.
_Dikirim dari perangkat: 085174207795_
    [countryCode] => 62
)

[2026-02-15 08:12:34] HTTP Code: 201
[2026-02-15 08:12:34] CURL Error: None
[2026-02-15 08:12:34] Response: ERROR: phone parameter is <b>missing</b>
[2026-02-15 08:12:34] ✗✗✗ WHATSAPP GAGAL DIKIRIM!
[2026-02-15 08:12:34] >>> HASIL: - Array
(
    [success] => 
    [http_code] => 201
    [response] => 
    [error] => 
    [sent] => 
)


[2026-02-15 08:12:35] ========== RESPONSE.PHP START ==========
[2026-02-15 08:12:35] KONFIGURASI WHATSAPP - Array
(
    [token] => FS2cq...
    [device] => 6285174207795
    [api_url] => https://api.callmebot.com/whatsapp.php
)


[2026-02-15 08:30:59] ========== RESPONSE.PHP START ==========
[2026-02-15 08:31:00] KONFIGURASI WHATSAPP - Array
(
    [token] => FS2cq...
    [device] => 6285174207795
    [api_url] => https://api.callmebot.com/whatsapp.php
)


[2026-02-15 08:31:22] ========== RESPONSE.PHP START ==========
[2026-02-15 08:31:22] KONFIGURASI WHATSAPP - Array
(
    [token] => FS2cq...
    [device] => 6285174207795
    [api_url] => https://api.callmebot.com/whatsapp.php
)

[2026-02-15 08:31:22] sendWhatsAppNotification result: SUCCESS - HTTP: 200

[2026-02-15 08:31:23] ========== RESPONSE.PHP START ==========
[2026-02-15 08:31:23] KONFIGURASI WHATSAPP - Array
(
    [token] => FS2cq...
    [device] => 6285174207795
    [api_url] => https://api.callmebot.com/whatsapp.php
)


[2026-02-15 08:44:55] ========== RESPONSE.PHP START ==========
[2026-02-15 08:44:55] KONFIGURASI WHATSAPP - Array
(
    [token] => FS2cq...
    [device] => 6285174207795
    [api_url] => https://api.callmebot.com/whatsapp.php
)


[2026-02-15 08:45:02] ========== RESPONSE.PHP START ==========
[2026-02-15 08:45:02] KONFIGURASI WHATSAPP - Array
(
    [token] => FS2cq...
    [device] => 6285174207795
    [api_url] => https://api.callmebot.com/whatsapp.php
)

[2026-02-15 08:45:02] sendWhatsAppNotification result: SUCCESS - HTTP: 200

[2026-02-15 08:45:04] ========== RESPONSE.PHP START ==========
[2026-02-15 08:45:04] KONFIGURASI WHATSAPP - Array
(
    [token] => FS2cq...
    [device] => 6285174207795
    [api_url] => https://api.callmebot.com/whatsapp.php
)


[2026-02-15 08:45:36] ========== RESPONSE.PHP START ==========
[2026-02-15 08:45:36] KONFIGURASI WHATSAPP - Array
(
    [token] => FS2cq...
    [device] => 6285174207795
    [api_url] => https://api.callmebot.com/whatsapp.php
)

[2026-02-15 08:45:37] sendWhatsAppNotification result: SUCCESS - HTTP: 200

[2026-02-15 08:45:37] ========== RESPONSE.PHP START ==========
[2026-02-15 08:45:37] KONFIGURASI WHATSAPP - Array
(
    [token] => FS2cq...
    [device] => 6285174207795
    [api_url] => https://api.callmebot.com/whatsapp.php
)


[2026-02-15 13:15:21] ========== RESPONSE.PHP START ==========
[2026-02-15 13:15:21] KONFIGURASI WHATSAPP - Array
(
    [token] => FS2cq...
    [device] => 6285174207795
    [api_url] => https://api.callmebot.com/whatsapp.php
)


[2026-02-15 13:15:31] ========== RESPONSE.PHP START ==========
[2026-02-15 13:15:31] KONFIGURASI WHATSAPP - Array
(
    [token] => FS2cq...
    [device] => 6285174207795
    [api_url] => https://api.callmebot.com/whatsapp.php
)


[2026-02-15 13:15:53] ========== RESPONSE.PHP START ==========
[2026-02-15 13:15:53] KONFIGURASI WHATSAPP - Array
(
    [token] => FS2cq...
    [device] => 6285174207795
    [api_url] => https://api.callmebot.com/whatsapp.php
)


[2026-02-15 13:16:06] ========== RESPONSE.PHP START ==========
[2026-02-15 13:16:06] KONFIGURASI WHATSAPP - Array
(
    [token] => FS2cq...
    [device] => 6285174207795
    [api_url] => https://api.callmebot.com/whatsapp.php
)


[2026-02-15 13:16:10] ========== RESPONSE.PHP START ==========
[2026-02-15 13:16:10] KONFIGURASI WHATSAPP - Array
(
    [token] => FS2cq...
    [device] => 6285174207795
    [api_url] => https://api.callmebot.com/whatsapp.php
)


[2026-02-15 13:30:24] ========== RESPONSE.PHP START ==========
[2026-02-15 13:30:24] KONFIGURASI WHATSAPP - Array
(
    [token] => FS2cq...
    [device] => 6285174207795
    [api_url] => https://api.callmebot.com/whatsapp.php
)


[2026-02-15 13:30:29] ========== RESPONSE.PHP START ==========
[2026-02-15 13:30:29] KONFIGURASI WHATSAPP - Array
(
    [token] => FS2cq...
    [device] => 6285174207795
    [api_url] => https://api.callmebot.com/whatsapp.php
)


[2026-02-15 13:31:25] ========== RESPONSE.PHP START ==========
[2026-02-15 13:31:25] KONFIGURASI WHATSAPP - Array
(
    [token] => FS2cq...
    [device] => 6285174207795
    [api_url] => https://api.callmebot.com/whatsapp.php
)


[2026-02-15 13:31:28] ========== RESPONSE.PHP START ==========
[2026-02-15 13:31:28] KONFIGURASI WHATSAPP - Array
(
    [token] => FS2cq...
    [device] => 6285174207795
    [api_url] => https://api.callmebot.com/whatsapp.php
)


[2026-02-15 13:31:52] ========== RESPONSE.PHP START ==========
[2026-02-15 13:31:52] KONFIGURASI WHATSAPP - Array
(
    [token] => FS2cq...
    [device] => 6285174207795
    [api_url] => https://api.callmebot.com/whatsapp.php
)


[2026-02-15 13:33:25] ========== RESPONSE.PHP START ==========
[2026-02-15 13:33:25] KONFIGURASI WHATSAPP - Array
(
    [token] => FS2cq...
    [device] => 6285174207795
    [api_url] => https://api.callmebot.com/whatsapp.php
)


[2026-02-15 15:09:31] ========== RESPONSE.PHP START ==========
[2026-02-15 15:09:31] KONFIGURASI WHATSAPP - Array
(
    [token] => FS2cq...
    [device] => 6285174207795
    [api_url] => https://api.callmebot.com/whatsapp.php
)


[2026-02-15 15:09:33] ========== RESPONSE.PHP START ==========
[2026-02-15 15:09:33] KONFIGURASI WHATSAPP - Array
(
    [token] => FS2cq...
    [device] => 6285174207795
    [api_url] => https://api.callmebot.com/whatsapp.php
)


[2026-02-15 15:09:35] ========== RESPONSE.PHP START ==========
[2026-02-15 15:09:35] KONFIGURASI WHATSAPP - Array
(
    [token] => FS2cq...
    [device] => 6285174207795
    [api_url] => https://api.callmebot.com/whatsapp.php
)


[2026-02-15 15:29:44] ========== RESPONSE.PHP START ==========
[2026-02-15 15:29:44] KONFIGURASI WHATSAPP - Array
(
    [token] => FS2cq...
    [device] => 6285174207795
    [api_url] => https://api.callmebot.com/whatsapp.php
)


[2026-02-15 15:29:53] ========== RESPONSE.PHP START ==========
[2026-02-15 15:29:53] KONFIGURASI WHATSAPP - Array
(
    [token] => FS2cq...
    [device] => 6285174207795
    [api_url] => https://api.callmebot.com/whatsapp.php
)


[2026-02-15 15:30:19] ========== RESPONSE.PHP START ==========
[2026-02-15 15:30:19] KONFIGURASI WHATSAPP - Array
(
    [token] => FS2cq...
    [device] => 6285174207795
    [api_url] => https://api.callmebot.com/whatsapp.php
)


[2026-02-15 15:55:25] ========== RESPONSE.PHP START ==========
[2026-02-15 15:55:25] KONFIGURASI WHATSAPP - Array
(
    [token] => FS2cq...
    [device] => 6285174207795
    [api_url] => https://api.callmebot.com/whatsapp.php
)


[2026-02-15 15:55:31] ========== RESPONSE.PHP START ==========
[2026-02-15 15:55:31] KONFIGURASI WHATSAPP - Array
(
    [token] => FS2cq...
    [device] => 6285174207795
    [api_url] => https://api.callmebot.com/whatsapp.php
)


[2026-02-15 15:56:03] ========== RESPONSE.PHP START ==========
[2026-02-15 15:56:03] KONFIGURASI WHATSAPP - Array
(
    [token] => FS2cq...
    [device] => 6285174207795
    [api_url] => https://api.callmebot.com/whatsapp.php
)


[2026-02-15 15:56:11] ========== RESPONSE.PHP START ==========
[2026-02-15 15:56:11] KONFIGURASI WHATSAPP - Array
(
    [token] => FS2cq...
    [device] => 6285174207795
    [api_url] => https://api.callmebot.com/whatsapp.php
)


[2026-02-15 15:57:03] ========== RESPONSE.PHP START ==========
[2026-02-15 15:57:03] KONFIGURASI WHATSAPP - Array
(
    [token] => FS2cq...
    [device] => 6285174207795
    [api_url] => https://api.callmebot.com/whatsapp.php
)


[2026-02-15 15:57:12] ========== RESPONSE.PHP START ==========
[2026-02-15 15:57:12] KONFIGURASI WHATSAPP - Array
(
    [token] => FS2cq...
    [device] => 6285174207795
    [api_url] => https://api.callmebot.com/whatsapp.php
)


[2026-02-15 15:57:50] ========== RESPONSE.PHP START ==========
[2026-02-15 15:57:50] KONFIGURASI WHATSAPP - Array
(
    [token] => FS2cq...
    [device] => 6285174207795
    [api_url] => https://api.callmebot.com/whatsapp.php
)


[2026-02-15 16:17:00] ========== RESPONSE.PHP START ==========
[2026-02-15 16:17:00] KONFIGURASI WHATSAPP - Array
(
    [token] => FS2cq...
    [device] => 6285174207795
    [api_url] => https://api.callmebot.com/whatsapp.php
)


[2026-02-15 16:17:05] ========== RESPONSE.PHP START ==========
[2026-02-15 16:17:05] KONFIGURASI WHATSAPP - Array
(
    [token] => FS2cq...
    [device] => 6285174207795
    [api_url] => https://api.callmebot.com/whatsapp.php
)


[2026-02-15 16:26:04] ========== RESPONSE.PHP START ==========
[2026-02-15 16:26:04] KONFIGURASI WHATSAPP - Array
(
    [token] => FS2cq...
    [device] => 6285174207795
    [api_url] => https://api.callmebot.com/whatsapp.php
)


[2026-02-15 16:26:13] ========== RESPONSE.PHP START ==========
[2026-02-15 16:26:13] KONFIGURASI WHATSAPP - Array
(
    [token] => FS2cq...
    [device] => 6285174207795
    [api_url] => https://api.callmebot.com/whatsapp.php
)


[2026-02-15 16:26:21] ========== RESPONSE.PHP START ==========
[2026-02-15 16:26:21] KONFIGURASI WHATSAPP - Array
(
    [token] => FS2cq...
    [device] => 6285174207795
    [api_url] => https://api.callmebot.com/whatsapp.php
)


[2026-02-15 16:26:25] ========== RESPONSE.PHP START ==========
[2026-02-15 16:26:25] KONFIGURASI WHATSAPP - Array
(
    [token] => FS2cq...
    [device] => 6285174207795
    [api_url] => https://api.callmebot.com/whatsapp.php
)


[2026-02-15 16:27:01] ========== RESPONSE.PHP START ==========
[2026-02-15 16:27:01] KONFIGURASI WHATSAPP - Array
(
    [token] => FS2cq...
    [device] => 6285174207795
    [api_url] => https://api.callmebot.com/whatsapp.php
)


[2026-02-15 16:40:25] ========== RESPONSE.PHP START ==========
[2026-02-15 16:40:25] KONFIGURASI WHATSAPP - Array
(
    [token] => FS2cq...
    [device] => 6285174207795
    [api_url] => https://api.callmebot.com/whatsapp.php
)


[2026-02-15 16:40:30] ========== RESPONSE.PHP START ==========
[2026-02-15 16:40:30] KONFIGURASI WHATSAPP - Array
(
    [token] => FS2cq...
    [device] => 6285174207795
    [api_url] => https://api.callmebot.com/whatsapp.php
)


[2026-02-15 16:40:40] ========== RESPONSE.PHP START ==========
[2026-02-15 16:40:40] KONFIGURASI WHATSAPP - Array
(
    [token] => FS2cq...
    [device] => 6285174207795
    [api_url] => https://api.callmebot.com/whatsapp.php
)


[2026-02-15 16:43:11] ========== RESPONSE.PHP START ==========
[2026-02-15 16:43:11] KONFIGURASI WHATSAPP - Array
(
    [token] => FS2cq...
    [device] => 6285174207795
    [api_url] => https://api.callmebot.com/whatsapp.php
)


[2026-02-15 17:02:21] ========== RESPONSE.PHP START ==========
[2026-02-15 17:02:21] KONFIGURASI WHATSAPP - Array
(
    [token] => FS2cq...
    [device] => 6285174207795
    [api_url] => https://api.callmebot.com/whatsapp.php
)


[2026-02-15 17:08:35] ========== RESPONSE.PHP START ==========
[2026-02-15 17:08:35] KONFIGURASI WHATSAPP - Array
(
    [token] => FS2cq...
    [device] => 6285174207795
    [api_url] => https://api.callmebot.com/whatsapp.php
)


[2026-02-15 17:18:55] ========== RESPONSE.PHP START ==========
[2026-02-15 17:18:55] KONFIGURASI WHATSAPP - Array
(
    [token] => FS2cq...
    [device] => 6285174207795
    [api_url] => https://api.callmebot.com/whatsapp.php
)


[2026-02-15 17:27:28] ========== RESPONSE.PHP START ==========
[2026-02-15 17:27:28] KONFIGURASI WHATSAPP - Array
(
    [token] => FS2cq...
    [device] => 6285174207795
    [api_url] => https://api.callmebot.com/whatsapp.php
)


[2026-02-15 17:27:39] ========== RESPONSE.PHP START ==========
[2026-02-15 17:27:39] KONFIGURASI WHATSAPP - Array
(
    [token] => FS2cq...
    [device] => 6285174207795
    [api_url] => https://api.callmebot.com/whatsapp.php
)


[2026-02-15 17:46:47] ========== RESPONSE.PHP START ==========
[2026-02-15 17:46:47] KONFIGURASI WHATSAPP - Array
(
    [token] => FS2cq...
    [device] => 6285174207795
    [api_url] => https://api.callmebot.com/whatsapp.php
)


[2026-02-15 17:46:55] ========== RESPONSE.PHP START ==========
[2026-02-15 17:46:55] KONFIGURASI WHATSAPP - Array
(
    [token] => FS2cq...
    [device] => 6285174207795
    [api_url] => https://api.callmebot.com/whatsapp.php
)


[2026-02-15 17:47:10] ========== RESPONSE.PHP START ==========
[2026-02-15 17:47:10] KONFIGURASI WHATSAPP - Array
(
    [token] => FS2cq...
    [device] => 6285174207795
    [api_url] => https://api.callmebot.com/whatsapp.php
)


[2026-02-15 17:47:19] ========== RESPONSE.PHP START ==========
[2026-02-15 17:47:19] KONFIGURASI WHATSAPP - Array
(
    [token] => FS2cq...
    [device] => 6285174207795
    [api_url] => https://api.callmebot.com/whatsapp.php
)


[2026-02-15 17:53:27] ========== RESPONSE.PHP START ==========
[2026-02-15 17:53:27] KONFIGURASI WHATSAPP - Array
(
    [token] => FS2cq...
    [device] => 6285174207795
    [api_url] => https://api.callmebot.com/whatsapp.php
)


[2026-02-15 17:53:34] ========== RESPONSE.PHP START ==========
[2026-02-15 17:53:34] KONFIGURASI WHATSAPP - Array
(
    [token] => FS2cq...
    [device] => 6285174207795
    [api_url] => https://api.callmebot.com/whatsapp.php
)


[2026-02-15 17:53:47] ========== RESPONSE.PHP START ==========
[2026-02-15 17:53:47] KONFIGURASI WHATSAPP - Array
(
    [token] => FS2cq...
    [device] => 6285174207795
    [api_url] => https://api.callmebot.com/whatsapp.php
)


[2026-02-15 17:55:47] ========== RESPONSE.PHP START ==========
[2026-02-15 17:55:47] KONFIGURASI WHATSAPP - Array
(
    [token] => FS2cq...
    [device] => 6285174207795
    [api_url] => https://api.callmebot.com/whatsapp.php
)


[2026-02-15 18:07:26] ========== RESPONSE.PHP START ==========
[2026-02-15 18:07:26] KONFIGURASI WHATSAPP - Array
(
    [token] => FS2cq...
    [device] => 6285174207795
    [api_url] => https://api.callmebot.com/whatsapp.php
)


[2026-02-15 18:07:37] ========== RESPONSE.PHP START ==========
[2026-02-15 18:07:37] KONFIGURASI WHATSAPP - Array
(
    [token] => FS2cq...
    [device] => 6285174207795
    [api_url] => https://api.callmebot.com/whatsapp.php
)


[2026-02-15 18:07:47] ========== RESPONSE.PHP START ==========
[2026-02-15 18:07:47] KONFIGURASI WHATSAPP - Array
(
    [token] => FS2cq...
    [device] => 6285174207795
    [api_url] => https://api.callmebot.com/whatsapp.php
)


[2026-02-15 18:08:04] ========== RESPONSE.PHP START ==========
[2026-02-15 18:08:04] KONFIGURASI WHATSAPP - Array
(
    [token] => FS2cq...
    [device] => 6285174207795
    [api_url] => https://api.callmebot.com/whatsapp.php
)


[2026-02-15 18:08:38] ========== RESPONSE.PHP START ==========
[2026-02-15 18:08:38] KONFIGURASI WHATSAPP - Array
(
    [token] => FS2cq...
    [device] => 6285174207795
    [api_url] => https://api.callmebot.com/whatsapp.php
)


[2026-02-15 18:08:39] ========== RESPONSE.PHP START ==========
[2026-02-15 18:08:40] KONFIGURASI WHATSAPP - Array
(
    [token] => FS2cq...
    [device] => 6285174207795
    [api_url] => https://api.callmebot.com/whatsapp.php
)


[2026-02-15 18:18:44] ========== RESPONSE.PHP START ==========
[2026-02-15 18:18:44] KONFIGURASI WHATSAPP - Array
(
    [token] => FS2cq...
    [device] => 6285174207795
    [api_url] => https://api.callmebot.com/whatsapp.php
)


[2026-02-15 19:01:26] ========== RESPONSE.PHP START ==========
[2026-02-15 19:01:26] KONFIGURASI WHATSAPP - Array
(
    [token] => FS2cq...
    [device] => 6285174207795
    [api_url] => https://api.callmebot.com/whatsapp.php
)


[2026-02-16 19:55:13] ========== RESPONSE.PHP START ==========
[2026-02-16 19:55:13] KONFIGURASI WHATSAPP - Array
(
    [token] => FS2cq...
    [device] => 6285174207795
    [api_url] => https://api.callmebot.com/whatsapp.php
)


[2026-02-17 16:57:12] ========== RESPONSE.PHP START ==========
[2026-02-17 16:57:12] KONFIGURASI WHATSAPP - Array
(
    [token] => FS2cq...
    [device] => 6285174207795
    [api_url] => https://api.callmebot.com/whatsapp.php
)


[2026-02-17 16:57:43] ========== RESPONSE.PHP START ==========
[2026-02-17 16:57:43] KONFIGURASI WHATSAPP - Array
(
    [token] => FS2cq...
    [device] => 6285174207795
    [api_url] => https://api.callmebot.com/whatsapp.php
)


[2026-02-17 16:57:45] ========== RESPONSE.PHP START ==========
[2026-02-17 16:57:45] KONFIGURASI WHATSAPP - Array
(
    [token] => FS2cq...
    [device] => 6285174207795
    [api_url] => https://api.callmebot.com/whatsapp.php
)


[2026-02-17 17:06:03] ========== RESPONSE.PHP START ==========
[2026-02-17 17:06:03] KONFIGURASI WHATSAPP - Array
(
    [token] => FS2cq...
    [device] => 6285174207795
    [api_url] => https://api.callmebot.com/whatsapp.php
)


[2026-02-17 17:06:04] ========== RESPONSE.PHP START ==========
[2026-02-17 17:06:04] KONFIGURASI WHATSAPP - Array
(
    [token] => FS2cq...
    [device] => 6285174207795
    [api_url] => https://api.callmebot.com/whatsapp.php
)


[2026-02-17 17:13:01] ========== RESPONSE.PHP START ==========
[2026-02-17 17:13:01] KONFIGURASI WHATSAPP - Array
(
    [token] => FS2cq...
    [device] => 6285174207795
    [api_url] => https://api.callmebot.com/whatsapp.php
)


[2026-02-17 17:13:03] ========== RESPONSE.PHP START ==========
[2026-02-17 17:13:03] KONFIGURASI WHATSAPP - Array
(
    [token] => FS2cq...
    [device] => 6285174207795
    [api_url] => https://api.callmebot.com/whatsapp.php
)


[2026-02-17 17:16:17] ========== RESPONSE.PHP START ==========
[2026-02-17 17:16:17] KONFIGURASI WHATSAPP - Array
(
    [token] => FS2cq...
    [device] => 6285174207795
    [api_url] => https://api.callmebot.com/whatsapp.php
)


[2026-02-17 17:16:18] ========== RESPONSE.PHP START ==========
[2026-02-17 17:16:18] KONFIGURASI WHATSAPP - Array
(
    [token] => FS2cq...
    [device] => 6285174207795
    [api_url] => https://api.callmebot.com/whatsapp.php
)


[2026-02-17 17:31:07] ========== RESPONSE.PHP START ==========
[2026-02-17 17:31:07] KONFIGURASI WHATSAPP - Array
(
    [token] => FS2cq...
    [device] => 6285174207795
    [api_url] => https://api.callmebot.com/whatsapp.php
)


[2026-02-17 17:31:25] ========== RESPONSE.PHP START ==========
[2026-02-17 17:31:25] KONFIGURASI WHATSAPP - Array
(
    [token] => FS2cq...
    [device] => 6285174207795
    [api_url] => https://api.callmebot.com/whatsapp.php
)


[2026-02-17 17:31:25] ========== RESPONSE.PHP START ==========
[2026-02-17 17:31:25] KONFIGURASI WHATSAPP - Array
(
    [token] => FS2cq...
    [device] => 6285174207795
    [api_url] => https://api.callmebot.com/whatsapp.php
)


[2026-02-17 17:32:11] ========== RESPONSE.PHP START ==========
[2026-02-17 17:32:11] KONFIGURASI WHATSAPP - Array
(
    [token] => FS2cq...
    [device] => 6285174207795
    [api_url] => https://api.callmebot.com/whatsapp.php
)


[2026-02-17 17:32:13] ========== RESPONSE.PHP START ==========
[2026-02-17 17:32:13] KONFIGURASI WHATSAPP - Array
(
    [token] => FS2cq...
    [device] => 6285174207795
    [api_url] => https://api.callmebot.com/whatsapp.php
)


[2026-02-17 17:37:10] ========== RESPONSE.PHP START ==========
[2026-02-17 17:37:10] KONFIGURASI WHATSAPP - Array
(
    [token] => FS2cq...
    [device] => 6285174207795
    [api_url] => https://api.callmebot.com/whatsapp.php
)


[2026-02-17 17:37:11] ========== RESPONSE.PHP START ==========
[2026-02-17 17:37:11] KONFIGURASI WHATSAPP - Array
(
    [token] => FS2cq...
    [device] => 6285174207795
    [api_url] => https://api.callmebot.com/whatsapp.php
)


[2026-02-17 17:45:43] ========== RESPONSE.PHP START ==========
[2026-02-17 17:45:44] KONFIGURASI WHATSAPP - Array
(
    [token] => FS2cq...
    [device] => 6285174207795
    [api_url] => https://api.callmebot.com/whatsapp.php
)


[2026-02-17 17:45:58] ========== RESPONSE.PHP START ==========
[2026-02-17 17:45:58] KONFIGURASI WHATSAPP - Array
(
    [token] => FS2cq...
    [device] => 6285174207795
    [api_url] => https://api.callmebot.com/whatsapp.php
)


[2026-02-17 17:46:04] ========== RESPONSE.PHP START ==========
[2026-02-17 17:46:04] KONFIGURASI WHATSAPP - Array
(
    [token] => FS2cq...
    [device] => 6285174207795
    [api_url] => https://api.callmebot.com/whatsapp.php
)


[2026-02-17 17:46:05] ========== RESPONSE.PHP START ==========
[2026-02-17 17:46:05] KONFIGURASI WHATSAPP - Array
(
    [token] => FS2cq...
    [device] => 6285174207795
    [api_url] => https://api.callmebot.com/whatsapp.php
)


[2026-02-17 17:49:07] ========== RESPONSE.PHP START ==========
[2026-02-17 17:49:07] KONFIGURASI WHATSAPP - Array
(
    [token] => FS2cq...
    [device] => 6285174207795
    [api_url] => https://api.callmebot.com/whatsapp.php
)


[2026-02-17 17:49:36] ========== RESPONSE.PHP START ==========
[2026-02-17 17:49:36] KONFIGURASI WHATSAPP - Array
(
    [token] => FS2cq...
    [device] => 6285174207795
    [api_url] => https://api.callmebot.com/whatsapp.php
)


[2026-02-17 17:49:37] ========== RESPONSE.PHP START ==========
[2026-02-17 17:49:37] KONFIGURASI WHATSAPP - Array
(
    [token] => FS2cq...
    [device] => 6285174207795
    [api_url] => https://api.callmebot.com/whatsapp.php
)


[2026-02-17 17:49:44] ========== RESPONSE.PHP START ==========
[2026-02-17 17:49:44] KONFIGURASI WHATSAPP - Array
(
    [token] => FS2cq...
    [device] => 6285174207795
    [api_url] => https://api.callmebot.com/whatsapp.php
)


[2026-02-17 17:49:45] ========== RESPONSE.PHP START ==========
[2026-02-17 17:49:45] KONFIGURASI WHATSAPP - Array
(
    [token] => FS2cq...
    [device] => 6285174207795
    [api_url] => https://api.callmebot.com/whatsapp.php
)


[2026-02-17 19:00:42] ========== RESPONSE.PHP START ==========
[2026-02-17 19:00:42] KONFIGURASI WHATSAPP - Array
(
    [token] => FS2cq...
    [device] => 6285174207795
    [api_url] => https://api.callmebot.com/whatsapp.php
)


[2026-02-17 19:00:58] ========== RESPONSE.PHP START ==========
[2026-02-17 19:00:58] KONFIGURASI WHATSAPP - Array
(
    [token] => FS2cq...
    [device] => 6285174207795
    [api_url] => https://api.callmebot.com/whatsapp.php
)


[2026-02-17 19:00:59] ========== RESPONSE.PHP START ==========
[2026-02-17 19:00:59] KONFIGURASI WHATSAPP - Array
(
    [token] => FS2cq...
    [device] => 6285174207795
    [api_url] => https://api.callmebot.com/whatsapp.php
)


[2026-02-17 19:50:34] ========== RESPONSE.PHP START ==========
[2026-02-17 19:50:34] KONFIGURASI WHATSAPP - Array
(
    [token] => FS2cq...
    [device] => 6285174207795
    [api_url] => https://api.callmebot.com/whatsapp.php
)


[2026-02-17 19:50:55] ========== RESPONSE.PHP START ==========
[2026-02-17 19:50:55] KONFIGURASI WHATSAPP - Array
(
    [token] => FS2cq...
    [device] => 6285174207795
    [api_url] => https://api.callmebot.com/whatsapp.php
)


[2026-02-17 19:50:56] ========== RESPONSE.PHP START ==========
[2026-02-17 19:50:56] KONFIGURASI WHATSAPP - Array
(
    [token] => FS2cq...
    [device] => 6285174207795
    [api_url] => https://api.callmebot.com/whatsapp.php
)


[2026-02-17 19:52:52] ========== RESPONSE.PHP START ==========
[2026-02-17 19:52:52] KONFIGURASI WHATSAPP - Array
(
    [token] => FS2cq...
    [device] => 6285174207795
    [api_url] => https://api.callmebot.com/whatsapp.php
)


[2026-02-17 19:52:53] ========== RESPONSE.PHP START ==========
[2026-02-17 19:52:53] KONFIGURASI WHATSAPP - Array
(
    [token] => FS2cq...
    [device] => 6285174207795
    [api_url] => https://api.callmebot.com/whatsapp.php
)


[2026-02-17 19:54:08] ========== RESPONSE.PHP START ==========
[2026-02-17 19:54:08] KONFIGURASI WHATSAPP - Array
(
    [token] => FS2cq...
    [device] => 6285174207795
    [api_url] => https://api.callmebot.com/whatsapp.php
)


[2026-02-17 19:54:10] ========== RESPONSE.PHP START ==========
[2026-02-17 19:54:10] KONFIGURASI WHATSAPP - Array
(
    [token] => FS2cq...
    [device] => 6285174207795
    [api_url] => https://api.callmebot.com/whatsapp.php
)


[2026-02-17 19:55:11] ========== RESPONSE.PHP START ==========
[2026-02-17 19:55:11] KONFIGURASI WHATSAPP - Array
(
    [token] => FS2cq...
    [device] => 6285174207795
    [api_url] => https://api.callmebot.com/whatsapp.php
)


[2026-02-17 19:55:12] ========== RESPONSE.PHP START ==========
[2026-02-17 19:55:12] KONFIGURASI WHATSAPP - Array
(
    [token] => FS2cq...
    [device] => 6285174207795
    [api_url] => https://api.callmebot.com/whatsapp.php
)


[2026-02-17 19:58:30] ========== RESPONSE.PHP START ==========
[2026-02-17 19:58:30] KONFIGURASI WHATSAPP - Array
(
    [token] => FS2cq...
    [device] => 6285174207795
    [api_url] => https://api.callmebot.com/whatsapp.php
)


[2026-02-17 19:58:32] ========== RESPONSE.PHP START ==========
[2026-02-17 19:58:32] KONFIGURASI WHATSAPP - Array
(
    [token] => FS2cq...
    [device] => 6285174207795
    [api_url] => https://api.callmebot.com/whatsapp.php
)


[2026-02-17 19:59:49] ========== RESPONSE.PHP START ==========
[2026-02-17 19:59:49] KONFIGURASI WHATSAPP - Array
(
    [token] => FS2cq...
    [device] => 6285174207795
    [api_url] => https://api.callmebot.com/whatsapp.php
)


[2026-02-17 20:01:17] ========== RESPONSE.PHP START ==========
[2026-02-17 20:01:17] KONFIGURASI WHATSAPP - Array
(
    [token] => FS2cq...
    [device] => 6285174207795
    [api_url] => https://api.callmebot.com/whatsapp.php
)


[2026-02-17 20:01:19] ========== RESPONSE.PHP START ==========
[2026-02-17 20:01:19] KONFIGURASI WHATSAPP - Array
(
    [token] => FS2cq...
    [device] => 6285174207795
    [api_url] => https://api.callmebot.com/whatsapp.php
)


[2026-02-17 20:16:23] ========== RESPONSE.PHP START ==========
[2026-02-17 20:16:23] KONFIGURASI WHATSAPP - Array
(
    [token] => FS2cq...
    [device] => 6285174207795
    [api_url] => https://api.callmebot.com/whatsapp.php
)


[2026-02-17 20:16:33] ========== RESPONSE.PHP START ==========
[2026-02-17 20:16:33] KONFIGURASI WHATSAPP - Array
(
    [token] => FS2cq...
    [device] => 6285174207795
    [api_url] => https://api.callmebot.com/whatsapp.php
)


[2026-02-17 20:16:34] ========== RESPONSE.PHP START ==========
[2026-02-17 20:16:34] KONFIGURASI WHATSAPP - Array
(
    [token] => FS2cq...
    [device] => 6285174207795
    [api_url] => https://api.callmebot.com/whatsapp.php
)


[2026-02-17 20:20:23] ========== RESPONSE.PHP START ==========
[2026-02-17 20:20:23] KONFIGURASI WHATSAPP - Array
(
    [token] => FS2cq...
    [device] => 6285174207795
    [api_url] => https://api.callmebot.com/whatsapp.php
)


[2026-02-17 20:20:34] ========== RESPONSE.PHP START ==========
[2026-02-17 20:20:34] KONFIGURASI WHATSAPP - Array
(
    [token] => FS2cq...
    [device] => 6285174207795
    [api_url] => https://api.callmebot.com/whatsapp.php
)


[2026-02-17 20:20:35] ========== RESPONSE.PHP START ==========
[2026-02-17 20:20:35] KONFIGURASI WHATSAPP - Array
(
    [token] => FS2cq...
    [device] => 6285174207795
    [api_url] => https://api.callmebot.com/whatsapp.php
)


[2026-02-17 20:21:18] ========== RESPONSE.PHP START ==========
[2026-02-17 20:21:18] KONFIGURASI WHATSAPP - Array
(
    [token] => FS2cq...
    [device] => 6285174207795
    [api_url] => https://api.callmebot.com/whatsapp.php
)


[2026-02-17 20:21:25] ========== RESPONSE.PHP START ==========
[2026-02-17 20:21:25] KONFIGURASI WHATSAPP - Array
(
    [token] => FS2cq...
    [device] => 6285174207795
    [api_url] => https://api.callmebot.com/whatsapp.php
)


[2026-02-17 20:21:26] ========== RESPONSE.PHP START ==========
[2026-02-17 20:21:26] KONFIGURASI WHATSAPP - Array
(
    [token] => FS2cq...
    [device] => 6285174207795
    [api_url] => https://api.callmebot.com/whatsapp.php
)


[2026-02-17 20:27:50] ========== RESPONSE.PHP START ==========
[2026-02-17 20:27:50] KONFIGURASI WHATSAPP - Array
(
    [token] => FS2cq...
    [device] => 6285174207795
    [api_url] => https://api.callmebot.com/whatsapp.php
)


[2026-02-17 20:30:35] ========== RESPONSE.PHP START ==========
[2026-02-17 20:30:35] KONFIGURASI WHATSAPP - Array
(
    [token] => FS2cq...
    [device] => 6285174207795
    [api_url] => https://api.callmebot.com/whatsapp.php
)


[2026-02-19 11:07:33] ========== RESPONSE.PHP START ==========
[2026-02-19 11:07:33] KONFIGURASI WHATSAPP - Array
(
    [token] => FS2cq...
    [device] => 6285174207795
    [api_url] => https://api.fonnte.com/send
)


[2026-02-19 11:16:42] ========== RESPONSE.PHP START ==========
[2026-02-19 11:16:42] KONFIGURASI WHATSAPP (FONNTE) - Array
(
    [api_url] => https://api.fonnte.com/send
    [token] => FS2cq...
    [device] => 6285174207795
)


[2026-02-19 11:16:45] ========== RESPONSE.PHP START ==========
[2026-02-19 11:16:45] KONFIGURASI WHATSAPP (FONNTE) - Array
(
    [api_url] => https://api.fonnte.com/send
    [token] => FS2cq...
    [device] => 6285174207795
)


[2026-02-19 11:18:05] ========== RESPONSE.PHP START ==========
[2026-02-19 11:18:06] KONFIGURASI WHATSAPP (FONNTE) - Array
(
    [api_url] => https://api.fonnte.com/send
    [token] => FS2cq...
    [device] => 6285174207795
)


[2026-02-19 11:18:06] ========== RESPONSE.PHP START ==========
[2026-02-19 11:18:06] KONFIGURASI WHATSAPP (FONNTE) - Array
(
    [api_url] => https://api.fonnte.com/send
    [token] => FS2cq...
    [device] => 6285174207795
)


[2026-02-19 12:07:56] ========== RESPONSE.PHP START ==========
[2026-02-19 12:07:56] KONFIGURASI WHATSAPP (FONNTE) - Array
(
    [api_url] => https://api.fonnte.com/send
    [token] => FS2cq...
    [device] => 6285174207795
)


[2026-02-19 12:08:32] ========== RESPONSE.PHP START ==========
[2026-02-19 12:08:32] KONFIGURASI WHATSAPP (FONNTE) - Array
(
    [api_url] => https://api.fonnte.com/send
    [token] => FS2cq...
    [device] => 6285174207795
)


[2026-02-19 12:08:33] ========== RESPONSE.PHP START ==========
[2026-02-19 12:08:33] KONFIGURASI WHATSAPP (FONNTE) - Array
(
    [api_url] => https://api.fonnte.com/send
    [token] => FS2cq...
    [device] => 6285174207795
)


[2026-02-20 09:06:51] ========== RESPONSE.PHP START ==========
[2026-02-20 09:06:51] KONFIGURASI WHATSAPP (FONNTE) - Array
(
    [api_url] => https://api.fonnte.com/send
    [token] => FS2cq...
    [device] => 6285174207795
)


[2026-02-20 09:07:07] ========== RESPONSE.PHP START ==========
[2026-02-20 09:07:07] KONFIGURASI WHATSAPP (FONNTE) - Array
(
    [api_url] => https://api.fonnte.com/send
    [token] => FS2cq...
    [device] => 6285174207795
)


[2026-02-20 09:07:08] ========== RESPONSE.PHP START ==========
[2026-02-20 09:07:08] KONFIGURASI WHATSAPP (FONNTE) - Array
(
    [api_url] => https://api.fonnte.com/send
    [token] => FS2cq...
    [device] => 6285174207795
)


[2026-02-20 09:24:14] ========== RESPONSE.PHP START ==========
[2026-02-20 09:24:14] KONFIGURASI WHATSAPP (FONNTE) - Array
(
    [api_url] => https://api.fonnte.com/send
    [token] => FS2cq...
    [device] => 6285174207795
)

[2026-02-20 13:51:33] Mengirim WhatsApp notifikasi password baru ke: 085174207795 untuk user: siswa042
[2026-02-20 13:51:33] Pesan WhatsApp panjang: 398
[2026-02-20 13:51:33] ✓ WhatsApp notifikasi password berhasil dikirim ke 6285174207795

[2026-02-23 10:57:58] ========== RESPONSE.PHP START ==========
[2026-02-23 10:57:58] KONFIGURASI WHATSAPP (FONNTE) - DARI SETTINGS.PHP - Array
(
    [api_url] => https://api.fonnte.com/send
    [token] => FS2cq...
    [device] => 6285174207795
    [is_active] => 1
)


[2026-02-26 13:13:31] ========== RESPONSE.PHP START ==========
[2026-02-26 13:13:31] KONFIGURASI WHATSAPP (FONNTE) - DARI SETTINGS.PHP - Array
(
    [api_url] => https://api.fonnte.com/send
    [token] => FS2cq...
    [device] => 6285174207795
    [is_active] => 1
)


[2026-02-26 14:53:13] ========== RESPONSE.PHP START ==========
[2026-02-26 14:53:13] KONFIGURASI WHATSAPP (FONNTE) - DARI SETTINGS.PHP - Array
(
    [api_url] => https://api.fonnte.com/send
    [token] => FS2cq...
    [device] => 6285174207795
    [is_active] => 1
)


[2026-02-27 10:42:12] ========== RESPONSE.PHP START ==========
[2026-02-27 10:42:12] KONFIGURASI WHATSAPP (FONNTE) - DARI SETTINGS.PHP - Array
(
    [api_url] => https://api.fonnte.com/send
    [token] => FS2cq...
    [device] => 6285174207795
    [is_active] => 1
)


[2026-02-27 10:45:02] ========== RESPONSE.PHP START ==========
[2026-02-27 10:45:02] KONFIGURASI WHATSAPP (FONNTE) - DARI SETTINGS.PHP - Array
(
    [api_url] => https://api.fonnte.com/send
    [token] => FS2cq...
    [device] => 6285174207795
    [is_active] => 1
)


[2026-02-27 10:59:30] ========== RESPONSE.PHP START ==========
[2026-02-27 10:59:30] KONFIGURASI WHATSAPP (FONNTE) - DARI SETTINGS.PHP - Array
(
    [api_url] => https://api.fonnte.com/send
    [token] => FS2cq...
    [device] => 6285174207795
    [is_active] => 1
)


[2026-02-27 17:42:36] ========== RESPONSE.PHP START ==========
[2026-02-27 17:42:36] KONFIGURASI WHATSAPP (FONNTE) - DARI SETTINGS.PHP - Array
(
    [api_url] => https://api.fonnte.com/send
    [token] => FS2cq...
    [device] => 6285174207795
    [is_active] => 1
)


[2026-02-27 17:43:14] ========== RESPONSE.PHP START ==========
[2026-02-27 17:43:14] KONFIGURASI WHATSAPP (FONNTE) - DARI SETTINGS.PHP - Array
(
    [api_url] => https://api.fonnte.com/send
    [token] => FS2cq...
    [device] => 6285174207795
    [is_active] => 1
)


[2026-02-27 17:43:15] ========== RESPONSE.PHP START ==========
[2026-02-27 17:43:15] KONFIGURASI WHATSAPP (FONNTE) - DARI SETTINGS.PHP - Array
(
    [api_url] => https://api.fonnte.com/send
    [token] => FS2cq...
    [device] => 6285174207795
    [is_active] => 1
)


[2026-02-28 16:17:06] ========== RESPONSE.PHP START ==========
[2026-02-28 16:17:06] KONFIGURASI WHATSAPP (FONNTE) - DARI SETTINGS.PHP - Array
(
    [api_url] => https://api.fonnte.com/send
    [token] => FS2cq...
    [device] => 6285174207795
    [is_active] => 1
)


[2026-02-28 16:17:46] ========== RESPONSE.PHP START ==========
[2026-02-28 16:17:46] KONFIGURASI WHATSAPP (FONNTE) - DARI SETTINGS.PHP - Array
(
    [api_url] => https://api.fonnte.com/send
    [token] => FS2cq...
    [device] => 6285174207795
    [is_active] => 1
)


[2026-02-28 16:17:46] ========== RESPONSE.PHP START ==========
[2026-02-28 16:17:46] KONFIGURASI WHATSAPP (FONNTE) - DARI SETTINGS.PHP - Array
(
    [api_url] => https://api.fonnte.com/send
    [token] => FS2cq...
    [device] => 6285174207795
    [is_active] => 1
)


[2026-02-28 16:50:05] ========== RESPONSE.PHP START ==========
[2026-02-28 16:50:05] KONFIGURASI WHATSAPP (FONNTE) - DARI SETTINGS.PHP - Array
(
    [api_url] => https://api.fonnte.com/send
    [token] => FS2cq...
    [device] => 6285174207795
    [is_active] => 1
)


[2026-02-28 17:06:47] ========== RESPONSE.PHP START ==========
[2026-02-28 17:06:47] KONFIGURASI WHATSAPP (FONNTE) - DARI SETTINGS.PHP - Array
(
    [api_url] => https://api.fonnte.com/send
    [token] => FS2cq...
    [device] => 6285174207795
    [is_active] => 1
)


[2026-02-28 17:21:25] ========== RESPONSE.PHP START ==========
[2026-02-28 17:21:25] KONFIGURASI WHATSAPP (FONNTE) - DARI SETTINGS.PHP - Array
(
    [api_url] => https://api.fonnte.com/send
    [token] => FS2cq...
    [device] => 6285174207795
    [is_active] => 1
)


[2026-02-28 17:22:38] ========== RESPONSE.PHP START ==========
[2026-02-28 17:22:38] KONFIGURASI WHATSAPP (FONNTE) - DARI SETTINGS.PHP - Array
(
    [api_url] => https://api.fonnte.com/send
    [token] => FS2cq...
    [device] => 6285174207795
    [is_active] => 1
)


[2026-02-28 17:23:17] ========== RESPONSE.PHP START ==========
[2026-02-28 17:23:17] KONFIGURASI WHATSAPP (FONNTE) - DARI SETTINGS.PHP - Array
(
    [api_url] => https://api.fonnte.com/send
    [token] => FS2cq...
    [device] => 6285174207795
    [is_active] => 1
)


[2026-02-28 17:46:16] ========== RESPONSE.PHP START ==========
[2026-02-28 17:46:16] KONFIGURASI WHATSAPP (FONNTE) - DARI SETTINGS.PHP - Array
(
    [api_url] => https://api.fonnte.com/send
    [token] => FS2cq...
    [device] => 6285174207795
    [is_active] => 1
)


[2026-02-28 17:47:35] ========== RESPONSE.PHP START ==========
[2026-02-28 17:47:35] KONFIGURASI WHATSAPP (FONNTE) - DARI SETTINGS.PHP - Array
(
    [api_url] => https://api.fonnte.com/send
    [token] => FS2cq...
    [device] => 6285174207795
    [is_active] => 1
)


[2026-02-28 17:47:36] ========== RESPONSE.PHP START ==========
[2026-02-28 17:47:36] KONFIGURASI WHATSAPP (FONNTE) - DARI SETTINGS.PHP - Array
(
    [api_url] => https://api.fonnte.com/send
    [token] => FS2cq...
    [device] => 6285174207795
    [is_active] => 1
)


[2026-02-28 19:04:49] ========== RESPONSE.PHP START ==========
[2026-02-28 19:04:49] KONFIGURASI WHATSAPP (FONNTE) - DARI SETTINGS.PHP - Array
(
    [api_url] => https://api.fonnte.com/send
    [token] => FS2cq...
    [device] => 6285174207795
    [is_active] => 1
)


[2026-02-28 19:05:27] ========== RESPONSE.PHP START ==========
[2026-02-28 19:05:27] KONFIGURASI WHATSAPP (FONNTE) - DARI SETTINGS.PHP - Array
(
    [api_url] => https://api.fonnte.com/send
    [token] => FS2cq...
    [device] => 6285174207795
    [is_active] => 1
)


[2026-02-28 19:06:08] ========== RESPONSE.PHP START ==========
[2026-02-28 19:06:08] KONFIGURASI WHATSAPP (FONNTE) - DARI SETTINGS.PHP - Array
(
    [api_url] => https://api.fonnte.com/send
    [token] => FS2cq...
    [device] => 6285174207795
    [is_active] => 1
)


[2026-03-01 08:28:54] ========== RESPONSE.PHP START ==========
[2026-03-01 08:28:54] KONFIGURASI WHATSAPP (FONNTE) - DARI SETTINGS.PHP - Array
(
    [api_url] => https://api.fonnte.com/send
    [token] => FS2cq...
    [device] => 6285174207795
    [is_active] => 1
)


[2026-03-01 09:20:26] ========== RESPONSE.PHP START ==========
[2026-03-01 09:20:26] KONFIGURASI WHATSAPP (FONNTE) - DARI SETTINGS.PHP - Array
(
    [api_url] => https://api.fonnte.com/send
    [token] => FS2cq...
    [device] => 6285174207795
    [is_active] => 1
)


[2026-03-01 09:22:09] ========== RESPONSE.PHP START ==========
[2026-03-01 09:22:09] KONFIGURASI WHATSAPP (FONNTE) - DARI SETTINGS.PHP - Array
(
    [api_url] => https://api.fonnte.com/send
    [token] => FS2cq...
    [device] => 6285174207795
    [is_active] => 1
)


[2026-03-01 09:53:09] ========== RESPONSE.PHP START ==========
[2026-03-01 09:53:09] KONFIGURASI WHATSAPP (FONNTE) - DARI SETTINGS.PHP - Array
(
    [api_url] => https://api.fonnte.com/send
    [token] => FS2cq...
    [device] => 6285174207795
    [is_active] => 1
)


[2026-03-01 10:52:13] ========== RESPONSE.PHP START ==========
[2026-03-01 10:52:13] KONFIGURASI WHATSAPP (FONNTE) - DARI SETTINGS.PHP - Array
(
    [api_url] => https://api.fonnte.com/send
    [token] => FS2cq...
    [device] => 6285174207795
    [is_active] => 1
)

